Using pre-set license
Built from '6000.0/staging' branch; Version is '6000.0.28f1 (f336aca0cab5) revision 15939244'; Using compiler version '193933523'; Build Type 'Release'
OS: 'Windows 11  (10.0.26100) 64bit CoreSingleLanguage' Language: 'th' Physical Memory: 16105 MB
BatchMode: 1, IsHumanControllingUs: 0, StartBugReporterOnCrash: 0, Is64bit: 1, IsPro: 1

COMMAND LINE ARGUMENTS:
C:\Program Files\Unity\Hub\Editor\6000.0.28f1\Editor\Unity.exe
-adb2
-batchMode
-noUpm
-name
AssetImportWorker4
-projectPath
C:/Users/asus/RPG
-logFile
Logs/AssetImportWorker4.log
-srvPort
13025
-job-worker-count
5
-background-job-worker-count
8
-asset-garbage-collectors
1
Successfully changed project path to: C:/Users/asus/RPG
C:/Users/asus/RPG
[UnityMemory] Configuration Parameters - Can be set up in boot.config
    "memorysetup-bucket-allocator-granularity=16"
    "memorysetup-bucket-allocator-bucket-count=8"
    "memorysetup-bucket-allocator-block-size=33554432"
    "memorysetup-bucket-allocator-block-count=8"
    "memorysetup-main-allocator-block-size=16777216"
    "memorysetup-thread-allocator-block-size=16777216"
    "memorysetup-gfx-main-allocator-block-size=16777216"
    "memorysetup-gfx-thread-allocator-block-size=16777216"
    "memorysetup-cache-allocator-block-size=4194304"
    "memorysetup-typetree-allocator-block-size=2097152"
    "memorysetup-profiler-bucket-allocator-granularity=16"
    "memorysetup-profiler-bucket-allocator-bucket-count=8"
    "memorysetup-profiler-bucket-allocator-block-size=33554432"
    "memorysetup-profiler-bucket-allocator-block-count=8"
    "memorysetup-profiler-allocator-block-size=16777216"
    "memorysetup-profiler-editor-allocator-block-size=1048576"
    "memorysetup-temp-allocator-size-main=16777216"
    "memorysetup-job-temp-allocator-block-size=2097152"
    "memorysetup-job-temp-allocator-block-size-background=1048576"
    "memorysetup-job-temp-allocator-reduction-small-platforms=262144"
    "memorysetup-allocator-temp-initial-block-size-main=262144"
    "memorysetup-allocator-temp-initial-block-size-worker=262144"
    "memorysetup-temp-allocator-size-background-worker=32768"
    "memorysetup-temp-allocator-size-job-worker=262144"
    "memorysetup-temp-allocator-size-preload-manager=33554432"
    "memorysetup-temp-allocator-size-nav-mesh-worker=65536"
    "memorysetup-temp-allocator-size-audio-worker=65536"
    "memorysetup-temp-allocator-size-cloud-worker=32768"
    "memorysetup-temp-allocator-size-gi-baking-worker=262144"
    "memorysetup-temp-allocator-size-gi-baking-worker=262144"
    "memorysetup-temp-allocator-size-gi-baking-worker=262144"
    "memorysetup-temp-allocator-size-gi-baking-worker=262144"
    "memorysetup-temp-allocator-size-gi-baking-worker=262144"
    "memorysetup-temp-allocator-size-gfx=262144"
Player connection [36488]  Target information:

Player connection [36488]  * "[IP] 172.20.10.4 [Port] 0 [Flags] 2 [Guid] 1673884742 [EditorId] 1673884742 [Version] 1048832 [Id] WindowsEditor(7,LAPTOP-JLDE18AG) [Debug] 1 [PackageName] WindowsEditor [ProjectName] Editor" 

Player connection [36488] Host joined multi-casting on [225.0.0.222:54997]...
Player connection [36488] Host joined alternative multi-casting on [225.0.0.222:34997]...
JobSystem: Creating JobQueue using job-worker-count value 5
[Physics::Module] Initialized fallback backend.
[Physics::Module] Id: 0xdecafbad
Library Redirect Path: Library/
[Physics::Module] Selected backend.
[Physics::Module] Name: PhysX
[Physics::Module] Id: 0xf2b8ea05
[Physics::Module] SDK Version: 4.1.2
[Physics::Module] Integration Version: 1.0.0
[Physics::Module] Threading Mode: Multi-Threaded
Refreshing native plugins compatible for Editor in 4.81 ms, found 3 plugins.
Preloading 0 native plugins for Editor in 0.00 ms.
Initialize engine version: 6000.0.28f1 (f336aca0cab5)
[Subsystems] Discovering subsystems at path C:/Program Files/Unity/Hub/Editor/6000.0.28f1/Editor/Data/Resources/UnitySubsystems
[Subsystems] Discovering subsystems at path C:/Users/asus/RPG/Assets
GfxDevice: creating device client; kGfxThreadingModeNonThreaded
Direct3D:
    Version:  Direct3D 11.0 [level 11.1]
    Renderer: NVIDIA GeForce RTX 3050 Ti Laptop GPU (ID=0x25a0)
    Vendor:   NVIDIA
    VRAM:     3962 MB
    Driver:   32.0.15.6607
Initialize mono
Mono path[0] = 'C:/Program Files/Unity/Hub/Editor/6000.0.28f1/Editor/Data/Managed'
Mono path[1] = 'C:/Program Files/Unity/Hub/Editor/6000.0.28f1/Editor/Data/MonoBleedingEdge/lib/mono/unityjit-win32'
Mono config path = 'C:/Program Files/Unity/Hub/Editor/6000.0.28f1/Editor/Data/MonoBleedingEdge/etc'
Using monoOptions --debugger-agent=transport=dt_socket,embedding=1,server=y,suspend=n,address=127.0.0.1:56148
Begin MonoManager ReloadAssembly
Registering precompiled unity dll's ...
Register platform support module: C:/Program Files/Unity/Hub/Editor/6000.0.28f1/Editor/Data/PlaybackEngines/WebGLSupport/UnityEditor.WebGL.Extensions.dll
Register platform support module: C:/Program Files/Unity/Hub/Editor/6000.0.28f1/Editor/Data/PlaybackEngines/WindowsStandaloneSupport/UnityEditor.WindowsStandalone.Extensions.dll
Registered in 0.003822 seconds.
- Loaded All Assemblies, in  0.519 seconds
Native extension for WindowsStandalone target not found
Native extension for WebGL target not found
Mono: successfully reloaded assembly
- Finished resetting the current domain, in  0.413 seconds
Domain Reload Profiling: 928ms
	BeginReloadAssembly (160ms)
		ExecutionOrderSort (0ms)
		DisableScriptedObjects (0ms)
		BackupInstance (0ms)
		ReleaseScriptingObjects (0ms)
		CreateAndSetChildDomain (1ms)
	RebuildCommonClasses (50ms)
	RebuildNativeTypeToScriptingClass (14ms)
	initialDomainReloadingComplete (66ms)
	LoadAllAssembliesAndSetupDomain (224ms)
		LoadAssemblies (157ms)
		RebuildTransferFunctionScriptingTraits (0ms)
		AnalyzeDomain (219ms)
			TypeCache.Refresh (217ms)
				TypeCache.ScanAssembly (195ms)
			BuildScriptInfoCaches (0ms)
			ResolveRequiredComponents (1ms)
	FinalizeReload (414ms)
		ReleaseScriptCaches (0ms)
		RebuildScriptCaches (0ms)
		SetupLoadedEditorAssemblies (354ms)
			LogAssemblyErrors (0ms)
			InitializePlatformSupportModulesInManaged (32ms)
			SetLoadedEditorAssemblies (5ms)
			BeforeProcessingInitializeOnLoad (7ms)
			ProcessInitializeOnLoadAttributes (234ms)
			ProcessInitializeOnLoadMethodAttributes (73ms)
			AfterProcessingInitializeOnLoad (3ms)
			EditorAssembliesLoaded (0ms)
		ExecutionOrderSort2 (0ms)
		AwakeInstancesAfterBackupRestoration (0ms)
========================================================================
Worker process is ready to serve import requests
Import Worker Mode flag is 0x00
Begin MonoManager ReloadAssembly
- Loaded All Assemblies, in  1.420 seconds
Refreshing native plugins compatible for Editor in 0.91 ms, found 3 plugins.
Native extension for WindowsStandalone target not found
Native extension for WebGL target not found
Mono: successfully reloaded assembly
- Finished resetting the current domain, in  0.727 seconds
Domain Reload Profiling: 2143ms
	BeginReloadAssembly (903ms)
		ExecutionOrderSort (0ms)
		DisableScriptedObjects (6ms)
		BackupInstance (0ms)
		ReleaseScriptingObjects (0ms)
		CreateAndSetChildDomain (32ms)
	RebuildCommonClasses (40ms)
	RebuildNativeTypeToScriptingClass (11ms)
	initialDomainReloadingComplete (37ms)
	LoadAllAssembliesAndSetupDomain (425ms)
		LoadAssemblies (304ms)
		RebuildTransferFunctionScriptingTraits (0ms)
		AnalyzeDomain (216ms)
			TypeCache.Refresh (157ms)
				TypeCache.ScanAssembly (142ms)
			BuildScriptInfoCaches (48ms)
			ResolveRequiredComponents (10ms)
	FinalizeReload (728ms)
		ReleaseScriptCaches (0ms)
		RebuildScriptCaches (0ms)
		SetupLoadedEditorAssemblies (481ms)
			LogAssemblyErrors (0ms)
			InitializePlatformSupportModulesInManaged (3ms)
			SetLoadedEditorAssemblies (5ms)
			BeforeProcessingInitializeOnLoad (56ms)
			ProcessInitializeOnLoadAttributes (351ms)
			ProcessInitializeOnLoadMethodAttributes (59ms)
			AfterProcessingInitializeOnLoad (7ms)
			EditorAssembliesLoaded (0ms)
		ExecutionOrderSort2 (0ms)
		AwakeInstancesAfterBackupRestoration (5ms)
Launched and connected shader compiler UnityShaderCompiler.exe after 0.02 seconds
Refreshing native plugins compatible for Editor in 0.95 ms, found 3 plugins.
Preloading 0 native plugins for Editor in 0.00 ms.
Unloading 202 Unused Serialized files (Serialized files now loaded: 0)
Unloading 5938 unused Assets / (4.3 MB). Loaded Objects now: 6710.
Memory consumption went from 185.2 MB to 180.9 MB.
Total: 7.685000 ms (FindLiveObjects: 0.592300 ms CreateObjectMapping: 0.496400 ms MarkObjects: 4.461300 ms  DeleteObjects: 2.133900 ms)

========================================================================
Received Import Request.
  Time since last request: 184489.274159 seconds.
  path: Assets/Dungeon/Build-In/Prefabs/Environment
  artifactKey: Guid(154ad4824a3c6e54ba65c43d9226f05f) Importer(815301076,1909f56bfc062723c751e8b465ee728b)
Start importing Assets/Dungeon/Build-In/Prefabs/Environment using Guid(154ad4824a3c6e54ba65c43d9226f05f) Importer(815301076,1909f56bfc062723c751e8b465ee728b) (PreviewImporter) -> (artifact id: 'bcf2efd80306fbb38b94b7ccef94668b') in 0.0073259 seconds
Number of updated asset objects reloaded before import = 0Number of asset objects unloaded after import = 0

========================================================================
Received Import Request.
  Time since last request: 0.907480 seconds.
  path: Assets/Dungeon/Build-In/Prefabs/Environment/Brick
  artifactKey: Guid(152f49446eb81184cbc0d415571fc567) Importer(815301076,1909f56bfc062723c751e8b465ee728b)
Start importing Assets/Dungeon/Build-In/Prefabs/Environment/Brick using Guid(152f49446eb81184cbc0d415571fc567) Importer(815301076,1909f56bfc062723c751e8b465ee728b) (PreviewImporter) -> (artifact id: '8f1c7f5f6a3ced8fa3aa54a9e3141925') in 0.0007249 seconds
Number of updated asset objects reloaded before import = 0Number of asset objects unloaded after import = 0

========================================================================
Received Import Request.
  Time since last request: 0.035939 seconds.
  path: Assets/Dungeon/Build-In/Prefabs/Environment/Brick/NGF_Env_Brick_01.prefab
  artifactKey: Guid(eb01160eedd8c5741b83d3cdd888c159) Importer(815301076,1909f56bfc062723c751e8b465ee728b)
Start importing Assets/Dungeon/Build-In/Prefabs/Environment/Brick/NGF_Env_Brick_01.prefab using Guid(eb01160eedd8c5741b83d3cdd888c159) Importer(815301076,1909f56bfc062723c751e8b465ee728b) (PreviewImporter) -> (artifact id: '662554fef046bcb61d3a3625bfe5a946') in 0.5403548 seconds
Number of updated asset objects reloaded before import = 0Number of asset objects unloaded after import = 11

========================================================================
Received Import Request.
  Time since last request: 2.483650 seconds.
  path: Assets/Dungeon/Build-In/Prefabs/Other
  artifactKey: Guid(dcc146b4140deb0478cbc84a1a696c71) Importer(815301076,1909f56bfc062723c751e8b465ee728b)
Start importing Assets/Dungeon/Build-In/Prefabs/Other using Guid(dcc146b4140deb0478cbc84a1a696c71) Importer(815301076,1909f56bfc062723c751e8b465ee728b) (PreviewImporter) -> (artifact id: '4452a7230187ab7eae1407b8a3fe1d3e') in 0.0008546 seconds
Number of updated asset objects reloaded before import = 0Number of asset objects unloaded after import = 0

========================================================================
Received Import Request.
  Time since last request: 0.056340 seconds.
  path: Assets/Dungeon/Build-In/Prefabs/Other/NGF_Barrel_Collision.prefab
  artifactKey: Guid(74df9bbbff8671841b0ad1f8be6c6f6d) Importer(815301076,1909f56bfc062723c751e8b465ee728b)
Start importing Assets/Dungeon/Build-In/Prefabs/Other/NGF_Barrel_Collision.prefab using Guid(74df9bbbff8671841b0ad1f8be6c6f6d) Importer(815301076,1909f56bfc062723c751e8b465ee728b) (PreviewImporter) -> (artifact id: 'f9aa8a2ca4ee57c973f5377b7cbd9a92') in 0.0242576 seconds
Number of updated asset objects reloaded before import = 0Number of asset objects unloaded after import = 7

========================================================================
Received Import Request.
  Time since last request: 0.000022 seconds.
  path: Assets/Dungeon/Build-In/Prefabs/Other/NGF_Env_Handle_02.prefab
  artifactKey: Guid(10d722bf84efb324f89a1990303b8d8d) Importer(815301076,1909f56bfc062723c751e8b465ee728b)
Start importing Assets/Dungeon/Build-In/Prefabs/Other/NGF_Env_Handle_02.prefab using Guid(10d722bf84efb324f89a1990303b8d8d) Importer(815301076,1909f56bfc062723c751e8b465ee728b) (PreviewImporter) -> (artifact id: 'ade94d77e6d584c3e856fa67a209bfc6') in 0.0225546 seconds
Number of updated asset objects reloaded before import = 0Number of asset objects unloaded after import = 7

========================================================================
Received Import Request.
  Time since last request: 0.000032 seconds.
  path: Assets/Dungeon/Build-In/Prefabs/Other/NGF_Env_Door_arc_03.prefab
  artifactKey: Guid(6603e2b736a047747bb26a3f2fca1a0d) Importer(815301076,1909f56bfc062723c751e8b465ee728b)
Start importing Assets/Dungeon/Build-In/Prefabs/Other/NGF_Env_Door_arc_03.prefab using Guid(6603e2b736a047747bb26a3f2fca1a0d) Importer(815301076,1909f56bfc062723c751e8b465ee728b) (PreviewImporter) -> (artifact id: '9a5182c6b66470e344db767e78960b90') in 0.033335 seconds
Number of updated asset objects reloaded before import = 0Number of asset objects unloaded after import = 32

========================================================================
Received Import Request.
  Time since last request: 0.000048 seconds.
  path: Assets/Dungeon/Build-In/Prefabs/Other/NGF_Env_Door_attachment_05.prefab
  artifactKey: Guid(fb3e336a7b0fd5241a10486e2057e8b6) Importer(815301076,1909f56bfc062723c751e8b465ee728b)
Start importing Assets/Dungeon/Build-In/Prefabs/Other/NGF_Env_Door_attachment_05.prefab using Guid(fb3e336a7b0fd5241a10486e2057e8b6) Importer(815301076,1909f56bfc062723c751e8b465ee728b) (PreviewImporter) -> (artifact id: '32f0ad6f4a6d629acb15d4a6c379152f') in 0.0205853 seconds
Number of updated asset objects reloaded before import = 0Number of asset objects unloaded after import = 32

========================================================================
Received Import Request.
  Time since last request: 0.000025 seconds.
  path: Assets/Dungeon/Build-In/Prefabs/Other/NGF_Env_Door_08.prefab
  artifactKey: Guid(2b9664f62aed9f94cb02752b5b8fbd5b) Importer(815301076,1909f56bfc062723c751e8b465ee728b)
Start importing Assets/Dungeon/Build-In/Prefabs/Other/NGF_Env_Door_08.prefab using Guid(2b9664f62aed9f94cb02752b5b8fbd5b) Importer(815301076,1909f56bfc062723c751e8b465ee728b) (PreviewImporter) -> (artifact id: 'a96832fdc04f0ff6ed7acdf48c5159d3') in 0.0212745 seconds
Number of updated asset objects reloaded before import = 0Number of asset objects unloaded after import = 22

========================================================================
Received Import Request.
  Time since last request: 0.000034 seconds.
  path: Assets/Dungeon/Build-In/Prefabs/Other/NGF_Env_Handle_01.prefab
  artifactKey: Guid(52afdc44d861abc46a417304bd451c2a) Importer(815301076,1909f56bfc062723c751e8b465ee728b)
Start importing Assets/Dungeon/Build-In/Prefabs/Other/NGF_Env_Handle_01.prefab using Guid(52afdc44d861abc46a417304bd451c2a) Importer(815301076,1909f56bfc062723c751e8b465ee728b) (PreviewImporter) -> (artifact id: '70e99070b85901ef6286805c6a5baed2') in 0.0202542 seconds
Number of updated asset objects reloaded before import = 0Number of asset objects unloaded after import = 7

========================================================================
Received Import Request.
  Time since last request: 0.000030 seconds.
  path: Assets/Dungeon/Build-In/Prefabs/Other/NGF_Env_Door_02.prefab
  artifactKey: Guid(7cda2eb59801d7e47aa917f2c7de4106) Importer(815301076,1909f56bfc062723c751e8b465ee728b)
Start importing Assets/Dungeon/Build-In/Prefabs/Other/NGF_Env_Door_02.prefab using Guid(7cda2eb59801d7e47aa917f2c7de4106) Importer(815301076,1909f56bfc062723c751e8b465ee728b) (PreviewImporter) -> (artifact id: '8141d164034ebfcb798bf373ddf0a659') in 0.020952 seconds
Number of updated asset objects reloaded before import = 0Number of asset objects unloaded after import = 22

========================================================================
Received Import Request.
  Time since last request: 0.000028 seconds.
  path: Assets/Dungeon/Build-In/Prefabs/Other/NGF_Env_Door_10.prefab
  artifactKey: Guid(ed52acdfbdac659499d9599605fd58d0) Importer(815301076,1909f56bfc062723c751e8b465ee728b)
Start importing Assets/Dungeon/Build-In/Prefabs/Other/NGF_Env_Door_10.prefab using Guid(ed52acdfbdac659499d9599605fd58d0) Importer(815301076,1909f56bfc062723c751e8b465ee728b) (PreviewImporter) -> (artifact id: '8a41972504518ed72321e8a2f6481f2d') in 0.0192256 seconds
Number of updated asset objects reloaded before import = 0Number of asset objects unloaded after import = 22

========================================================================
Received Import Request.
  Time since last request: 0.000037 seconds.
  path: Assets/Dungeon/Build-In/Prefabs/Other/NGF_Env_Door_arc_01.prefab
  artifactKey: Guid(972778c0e46677644b484beef9889466) Importer(815301076,1909f56bfc062723c751e8b465ee728b)
Start importing Assets/Dungeon/Build-In/Prefabs/Other/NGF_Env_Door_arc_01.prefab using Guid(972778c0e46677644b484beef9889466) Importer(815301076,1909f56bfc062723c751e8b465ee728b) (PreviewImporter) -> (artifact id: 'ea6ce5c390c1251d526a42c465ca147a') in 0.0196061 seconds
Number of updated asset objects reloaded before import = 0Number of asset objects unloaded after import = 32

========================================================================
Received Import Request.
  Time since last request: 0.000036 seconds.
  path: Assets/Dungeon/Build-In/Prefabs/Other/NGF_Env_Floor_dust_Collision_09.prefab
  artifactKey: Guid(046c9b89fb7a1b440b4a3ec9245974de) Importer(815301076,1909f56bfc062723c751e8b465ee728b)
Start importing Assets/Dungeon/Build-In/Prefabs/Other/NGF_Env_Floor_dust_Collision_09.prefab using Guid(046c9b89fb7a1b440b4a3ec9245974de) Importer(815301076,1909f56bfc062723c751e8b465ee728b) (PreviewImporter) -> (artifact id: '2cb181f7a64474fcfc33c189aec0677f') in 0.0187801 seconds
Number of updated asset objects reloaded before import = 0Number of asset objects unloaded after import = 7

========================================================================
Received Import Request.
  Time since last request: 0.000039 seconds.
  path: Assets/Dungeon/Build-In/Prefabs/Other/NGF_Env_Door_arc_05.prefab
  artifactKey: Guid(9ef4d2bdd0917974c8d708f1543bae4d) Importer(815301076,1909f56bfc062723c751e8b465ee728b)
Start importing Assets/Dungeon/Build-In/Prefabs/Other/NGF_Env_Door_arc_05.prefab using Guid(9ef4d2bdd0917974c8d708f1543bae4d) Importer(815301076,1909f56bfc062723c751e8b465ee728b) (PreviewImporter) -> (artifact id: '8b0a9ba7742eaacd5891bfc880675efb') in 0.0183224 seconds
Number of updated asset objects reloaded before import = 0Number of asset objects unloaded after import = 32

========================================================================
Received Import Request.
  Time since last request: 0.000031 seconds.
  path: Assets/Dungeon/Build-In/Prefabs/Other/NGF_Env_Floor_dust_Collision_05.prefab
  artifactKey: Guid(017fdc766cd91cc408cd5f19a8c1504f) Importer(815301076,1909f56bfc062723c751e8b465ee728b)
Start importing Assets/Dungeon/Build-In/Prefabs/Other/NGF_Env_Floor_dust_Collision_05.prefab using Guid(017fdc766cd91cc408cd5f19a8c1504f) Importer(815301076,1909f56bfc062723c751e8b465ee728b) (PreviewImporter) -> (artifact id: 'f3670340ef7822f99ab61424bacff00b') in 0.020628 seconds
Number of updated asset objects reloaded before import = 0Number of asset objects unloaded after import = 7

========================================================================
Received Import Request.
  Time since last request: 0.000034 seconds.
  path: Assets/Dungeon/Build-In/Prefabs/Other/NGF_Env_Door_06.prefab
  artifactKey: Guid(d62280cec7fc50244b98c09aa31719a9) Importer(815301076,1909f56bfc062723c751e8b465ee728b)
Start importing Assets/Dungeon/Build-In/Prefabs/Other/NGF_Env_Door_06.prefab using Guid(d62280cec7fc50244b98c09aa31719a9) Importer(815301076,1909f56bfc062723c751e8b465ee728b) (PreviewImporter) -> (artifact id: '86aec14d5441b4cd9bbc0867f1383483') in 0.0179639 seconds
Number of updated asset objects reloaded before import = 0Number of asset objects unloaded after import = 22

========================================================================
Received Import Request.
  Time since last request: 3.327970 seconds.
  path: Assets/Dungeon/Animations_and_particle
  artifactKey: Guid(d2165d06a7cb40a49942b60cc1d6d1bb) Importer(815301076,1909f56bfc062723c751e8b465ee728b)
Start importing Assets/Dungeon/Animations_and_particle using Guid(d2165d06a7cb40a49942b60cc1d6d1bb) Importer(815301076,1909f56bfc062723c751e8b465ee728b) (PreviewImporter) -> (artifact id: 'a1862915c56d4130949a921970247138') in 0.0008159 seconds
Number of updated asset objects reloaded before import = 0Number of asset objects unloaded after import = 0

========================================================================
Received Import Request.
  Time since last request: 0.046741 seconds.
  path: Assets/Dungeon/Animations_and_particle/NGF_Animation.fbx
  artifactKey: Guid(6cac360dc5d080b4e87630a3beae1e08) Importer(815301076,1909f56bfc062723c751e8b465ee728b)
Start importing Assets/Dungeon/Animations_and_particle/NGF_Animation.fbx using Guid(6cac360dc5d080b4e87630a3beae1e08) Importer(815301076,1909f56bfc062723c751e8b465ee728b) (PreviewImporter) -> (artifact id: 'c9fe14cbdecb87d7b7feb55fd67e369f') in 0.0037672 seconds
Number of updated asset objects reloaded before import = 0Number of asset objects unloaded after import = 6

========================================================================
Received Import Request.
  Time since last request: 4.838813 seconds.
  path: Assets/Dungeon/Build-In/Materials
  artifactKey: Guid(3d597d07a93d54740b0bc1a34ee7ce05) Importer(815301076,1909f56bfc062723c751e8b465ee728b)
Start importing Assets/Dungeon/Build-In/Materials using Guid(3d597d07a93d54740b0bc1a34ee7ce05) Importer(815301076,1909f56bfc062723c751e8b465ee728b) (PreviewImporter) -> (artifact id: '7b8d8089ae7476998c1a3e158d61fe83') in 0.000733 seconds
Number of updated asset objects reloaded before import = 0Number of asset objects unloaded after import = 0

========================================================================
Received Import Request.
  Time since last request: 0.039933 seconds.
  path: Assets/Dungeon/Build-In/Materials/Dungeon.mat
  artifactKey: Guid(9cbcdb01cae86b946b34460714b64e65) Importer(815301076,1909f56bfc062723c751e8b465ee728b)
Start importing Assets/Dungeon/Build-In/Materials/Dungeon.mat using Guid(9cbcdb01cae86b946b34460714b64e65) Importer(815301076,1909f56bfc062723c751e8b465ee728b) (PreviewImporter) -> (artifact id: 'e8f7e1b1bc8d1bad326a9386ef000e5a') in 0.0391292 seconds
Number of updated asset objects reloaded before import = 0Number of asset objects unloaded after import = 2

========================================================================
Received Import Request.
  Time since last request: 3.845897 seconds.
  path: Assets/Dungeon/Scenes
  artifactKey: Guid(13d562bd7bd65204c84e090732ba1783) Importer(815301076,1909f56bfc062723c751e8b465ee728b)
Start importing Assets/Dungeon/Scenes using Guid(13d562bd7bd65204c84e090732ba1783) Importer(815301076,1909f56bfc062723c751e8b465ee728b) (PreviewImporter) -> (artifact id: '16c9476f901999826aa3d26aa3571b76') in 0.0008828 seconds
Number of updated asset objects reloaded before import = 0Number of asset objects unloaded after import = 0

========================================================================
Received Import Request.
  Time since last request: 4.714850 seconds.
  path: Assets/Dungeon/URP
  artifactKey: Guid(143a96874199b0c4db036727a6bb732a) Importer(815301076,1909f56bfc062723c751e8b465ee728b)
Start importing Assets/Dungeon/URP using Guid(143a96874199b0c4db036727a6bb732a) Importer(815301076,1909f56bfc062723c751e8b465ee728b) (PreviewImporter) -> (artifact id: 'e22fb44039103c077abd532e3de7c09c') in 0.000915 seconds
Number of updated asset objects reloaded before import = 0Number of asset objects unloaded after import = 0

========================================================================
Received Import Request.
  Time since last request: 0.955356 seconds.
  path: Assets/Dungeon/URP/Materials
  artifactKey: Guid(c746b8661f9ca01428c01c19cce69ce3) Importer(815301076,1909f56bfc062723c751e8b465ee728b)
Start importing Assets/Dungeon/URP/Materials using Guid(c746b8661f9ca01428c01c19cce69ce3) Importer(815301076,1909f56bfc062723c751e8b465ee728b) (PreviewImporter) -> (artifact id: '854a4dc0814579aa4e3329888a85a8c4') in 0.0009123 seconds
Number of updated asset objects reloaded before import = 0Number of asset objects unloaded after import = 0

========================================================================
Received Import Request.
  Time since last request: 0.044379 seconds.
  path: Assets/Dungeon/URP/Materials/Dungeon Emission URP.mat
  artifactKey: Guid(850cb2b9d6f923d4d994514275a52ee9) Importer(815301076,1909f56bfc062723c751e8b465ee728b)
Start importing Assets/Dungeon/URP/Materials/Dungeon Emission URP.mat using Guid(850cb2b9d6f923d4d994514275a52ee9) Importer(815301076,1909f56bfc062723c751e8b465ee728b) (PreviewImporter) -> (artifact id: '7bdcd43f31909fe43a2c878d0b75e7b1') in 3.763313 seconds
Number of updated asset objects reloaded before import = 0Number of asset objects unloaded after import = 2

========================================================================
Received Import Request.
  Time since last request: 0.560863 seconds.
  path: Assets/Dungeon/URP/Prefabs/Environment/Brick crack
  artifactKey: Guid(62820fbfa1aa91a4ba2fe5c641f471d9) Importer(815301076,1909f56bfc062723c751e8b465ee728b)
Start importing Assets/Dungeon/URP/Prefabs/Environment/Brick crack using Guid(62820fbfa1aa91a4ba2fe5c641f471d9) Importer(815301076,1909f56bfc062723c751e8b465ee728b) (PreviewImporter) -> (artifact id: '9fc14b7415514ed0a12000cf20e79af4') in 0.0008956 seconds
Number of updated asset objects reloaded before import = 0Number of asset objects unloaded after import = 0

========================================================================
Received Import Request.
  Time since last request: 0.057414 seconds.
  path: Assets/Dungeon/URP/Prefabs/Environment/Brick crack/NGF_Env_Brick_crack_01.prefab
  artifactKey: Guid(a52fabfef13416b43bccbe5d18b29fd3) Importer(815301076,1909f56bfc062723c751e8b465ee728b)
Start importing Assets/Dungeon/URP/Prefabs/Environment/Brick crack/NGF_Env_Brick_crack_01.prefab using Guid(a52fabfef13416b43bccbe5d18b29fd3) Importer(815301076,1909f56bfc062723c751e8b465ee728b) (PreviewImporter) -> (artifact id: '9b2198415d661a76018e09c4cb9a1eaa') in 0.0209 seconds
Number of updated asset objects reloaded before import = 0Number of asset objects unloaded after import = 11

========================================================================
Received Import Request.
  Time since last request: 0.000025 seconds.
  path: Assets/Dungeon/URP/Prefabs/Environment/Brick crack/NGF_Env_Brick_crack_18.prefab
  artifactKey: Guid(c18ccbb3e255d3640bf03c7bbfb2d1cc) Importer(815301076,1909f56bfc062723c751e8b465ee728b)
Start importing Assets/Dungeon/URP/Prefabs/Environment/Brick crack/NGF_Env_Brick_crack_18.prefab using Guid(c18ccbb3e255d3640bf03c7bbfb2d1cc) Importer(815301076,1909f56bfc062723c751e8b465ee728b) (PreviewImporter) -> (artifact id: '33921e9323621c35d5dd6b64ac834b1c') in 0.0193025 seconds
Number of updated asset objects reloaded before import = 0Number of asset objects unloaded after import = 11

========================================================================
Received Import Request.
  Time since last request: 0.000024 seconds.
  path: Assets/Dungeon/URP/Prefabs/Environment/Brick crack/NGF_Env_Brick_crack_10.prefab
  artifactKey: Guid(5f28633d19b492940b1de262c9d6da14) Importer(815301076,1909f56bfc062723c751e8b465ee728b)
Start importing Assets/Dungeon/URP/Prefabs/Environment/Brick crack/NGF_Env_Brick_crack_10.prefab using Guid(5f28633d19b492940b1de262c9d6da14) Importer(815301076,1909f56bfc062723c751e8b465ee728b) (PreviewImporter) -> (artifact id: 'f6302664554a44ae025051d816d32696') in 0.0205775 seconds
Number of updated asset objects reloaded before import = 0Number of asset objects unloaded after import = 11

========================================================================
Received Import Request.
  Time since last request: 0.000064 seconds.
  path: Assets/Dungeon/URP/Prefabs/Environment/Brick crack/NGF_Env_Brick_crack_20.prefab
  artifactKey: Guid(0c5246d11db339948abc420e1b53f51e) Importer(815301076,1909f56bfc062723c751e8b465ee728b)
Start importing Assets/Dungeon/URP/Prefabs/Environment/Brick crack/NGF_Env_Brick_crack_20.prefab using Guid(0c5246d11db339948abc420e1b53f51e) Importer(815301076,1909f56bfc062723c751e8b465ee728b) (PreviewImporter) -> (artifact id: '86285588625718795734520a6c695df2') in 0.0174986 seconds
Number of updated asset objects reloaded before import = 0Number of asset objects unloaded after import = 11

========================================================================
Received Import Request.
  Time since last request: 0.000027 seconds.
  path: Assets/Dungeon/URP/Prefabs/Environment/Brick crack/NGF_Env_Brick_crack_06.prefab
  artifactKey: Guid(062454dd3e363574fb98c47a6c130bb8) Importer(815301076,1909f56bfc062723c751e8b465ee728b)
Start importing Assets/Dungeon/URP/Prefabs/Environment/Brick crack/NGF_Env_Brick_crack_06.prefab using Guid(062454dd3e363574fb98c47a6c130bb8) Importer(815301076,1909f56bfc062723c751e8b465ee728b) (PreviewImporter) -> (artifact id: 'fbe8252121995c12ae8d80ea18789114') in 0.0183625 seconds
Number of updated asset objects reloaded before import = 0Number of asset objects unloaded after import = 11

========================================================================
Received Import Request.
  Time since last request: 0.000044 seconds.
  path: Assets/Dungeon/URP/Prefabs/Environment/Brick crack/NGF_Env_Brick_crack_17.prefab
  artifactKey: Guid(b46cc46e9aadf3d4bbb92ce81279ec7d) Importer(815301076,1909f56bfc062723c751e8b465ee728b)
Start importing Assets/Dungeon/URP/Prefabs/Environment/Brick crack/NGF_Env_Brick_crack_17.prefab using Guid(b46cc46e9aadf3d4bbb92ce81279ec7d) Importer(815301076,1909f56bfc062723c751e8b465ee728b) (PreviewImporter) -> (artifact id: 'a00208ed6965d18705d080ceaec0aab6') in 0.019363 seconds
Number of updated asset objects reloaded before import = 0Number of asset objects unloaded after import = 11

========================================================================
Received Import Request.
  Time since last request: 0.000028 seconds.
  path: Assets/Dungeon/URP/Prefabs/Environment/Brick crack/NGF_Env_Brick_crack_19.prefab
  artifactKey: Guid(ea292bafabeca2c43a323da9da515134) Importer(815301076,1909f56bfc062723c751e8b465ee728b)
Start importing Assets/Dungeon/URP/Prefabs/Environment/Brick crack/NGF_Env_Brick_crack_19.prefab using Guid(ea292bafabeca2c43a323da9da515134) Importer(815301076,1909f56bfc062723c751e8b465ee728b) (PreviewImporter) -> (artifact id: 'ded731cc7fa9f15f4c61b49673d8b4e6') in 0.019853 seconds
Number of updated asset objects reloaded before import = 0Number of asset objects unloaded after import = 11

========================================================================
Received Import Request.
  Time since last request: 1.701639 seconds.
  path: Assets/Dungeon/URP/Prefabs/Environment/Broken floor
  artifactKey: Guid(1095c3abd6801ce4eb2221e27c340189) Importer(815301076,1909f56bfc062723c751e8b465ee728b)
Start importing Assets/Dungeon/URP/Prefabs/Environment/Broken floor using Guid(1095c3abd6801ce4eb2221e27c340189) Importer(815301076,1909f56bfc062723c751e8b465ee728b) (PreviewImporter) -> (artifact id: '5fd982c50cb72b2ad06c9e647fb8c363') in 0.0008755 seconds
Number of updated asset objects reloaded before import = 0Number of asset objects unloaded after import = 0

========================================================================
Received Import Request.
  Time since last request: 0.104422 seconds.
  path: Assets/Dungeon/URP/Prefabs/Environment/Broken floor/NGF_Env_Broken_floor_01.prefab
  artifactKey: Guid(22b41c40f1d97e640bab09e32e3c69e2) Importer(815301076,1909f56bfc062723c751e8b465ee728b)
Start importing Assets/Dungeon/URP/Prefabs/Environment/Broken floor/NGF_Env_Broken_floor_01.prefab using Guid(22b41c40f1d97e640bab09e32e3c69e2) Importer(815301076,1909f56bfc062723c751e8b465ee728b) (PreviewImporter) -> (artifact id: '918cb468eedd9a4853cbdcf329cb6209') in 0.0204967 seconds
Number of updated asset objects reloaded before import = 0Number of asset objects unloaded after import = 10

========================================================================
Received Import Request.
  Time since last request: 0.000036 seconds.
  path: Assets/Dungeon/URP/Prefabs/Environment/Broken floor/NGF_Env_Broken_floor_06.prefab
  artifactKey: Guid(999fd33ab61157e4ba04fd4852e7f981) Importer(815301076,1909f56bfc062723c751e8b465ee728b)
Start importing Assets/Dungeon/URP/Prefabs/Environment/Broken floor/NGF_Env_Broken_floor_06.prefab using Guid(999fd33ab61157e4ba04fd4852e7f981) Importer(815301076,1909f56bfc062723c751e8b465ee728b) (PreviewImporter) -> (artifact id: '3db569408077d4fbb5dd6e74b9ff0235') in 0.0199259 seconds
Number of updated asset objects reloaded before import = 0Number of asset objects unloaded after import = 10

========================================================================
Received Import Request.
  Time since last request: 0.000037 seconds.
  path: Assets/Dungeon/URP/Prefabs/Environment/Broken floor/NGF_Env_Broken_floor_09.prefab
  artifactKey: Guid(34350b10748deb844897b984eab2a0db) Importer(815301076,1909f56bfc062723c751e8b465ee728b)
Start importing Assets/Dungeon/URP/Prefabs/Environment/Broken floor/NGF_Env_Broken_floor_09.prefab using Guid(34350b10748deb844897b984eab2a0db) Importer(815301076,1909f56bfc062723c751e8b465ee728b) (PreviewImporter) -> (artifact id: 'c59aa31c1ea1ab2b2299193f37e7201d') in 0.0214757 seconds
Number of updated asset objects reloaded before import = 0Number of asset objects unloaded after import = 10

========================================================================
Received Import Request.
  Time since last request: 1.806563 seconds.
  path: Assets/Dungeon/URP/Prefabs/Environment/Ceil
  artifactKey: Guid(3f96fc68ef9ebe141ad8c34fae4f5348) Importer(815301076,1909f56bfc062723c751e8b465ee728b)
Start importing Assets/Dungeon/URP/Prefabs/Environment/Ceil using Guid(3f96fc68ef9ebe141ad8c34fae4f5348) Importer(815301076,1909f56bfc062723c751e8b465ee728b) (PreviewImporter) -> (artifact id: 'f4d45d32e8cd4aa949fba9ed4ea8a0f0') in 0.0008202 seconds
Number of updated asset objects reloaded before import = 0Number of asset objects unloaded after import = 0

========================================================================
Received Import Request.
  Time since last request: 0.054309 seconds.
  path: Assets/Dungeon/URP/Prefabs/Environment/Ceil/NGF_Env_Ceil_01.prefab
  artifactKey: Guid(0afa728817404e94ca74e0bd5011f35f) Importer(815301076,1909f56bfc062723c751e8b465ee728b)
Start importing Assets/Dungeon/URP/Prefabs/Environment/Ceil/NGF_Env_Ceil_01.prefab using Guid(0afa728817404e94ca74e0bd5011f35f) Importer(815301076,1909f56bfc062723c751e8b465ee728b) (PreviewImporter) -> (artifact id: '2b08587dabd5c4d0ff8f5ce5e82bd091') in 0.0198104 seconds
Number of updated asset objects reloaded before import = 0Number of asset objects unloaded after import = 10

========================================================================
Received Import Request.
  Time since last request: 0.000029 seconds.
  path: Assets/Dungeon/URP/Prefabs/Environment/Ceil/NGF_Env_Ceil_06.prefab
  artifactKey: Guid(f048064a761865944a68c34affaf393a) Importer(815301076,1909f56bfc062723c751e8b465ee728b)
Start importing Assets/Dungeon/URP/Prefabs/Environment/Ceil/NGF_Env_Ceil_06.prefab using Guid(f048064a761865944a68c34affaf393a) Importer(815301076,1909f56bfc062723c751e8b465ee728b) (PreviewImporter) -> (artifact id: '0654609c8258ff64b00e27ada9e94930') in 0.0180043 seconds
Number of updated asset objects reloaded before import = 0Number of asset objects unloaded after import = 10

========================================================================
Received Import Request.
  Time since last request: 0.000029 seconds.
  path: Assets/Dungeon/URP/Prefabs/Environment/Ceil/NGF_Env_Ceil_05.prefab
  artifactKey: Guid(0baf16001a499644a8b6f9b108df6a46) Importer(815301076,1909f56bfc062723c751e8b465ee728b)
Start importing Assets/Dungeon/URP/Prefabs/Environment/Ceil/NGF_Env_Ceil_05.prefab using Guid(0baf16001a499644a8b6f9b108df6a46) Importer(815301076,1909f56bfc062723c751e8b465ee728b) (PreviewImporter) -> (artifact id: '73738fa8569c7aed651e257b7ca3d51b') in 0.0201834 seconds
Number of updated asset objects reloaded before import = 0Number of asset objects unloaded after import = 10

========================================================================
Received Import Request.
  Time since last request: 0.000027 seconds.
  path: Assets/Dungeon/URP/Prefabs/Environment/Ceil/NGF_Env_Ceil_08.prefab
  artifactKey: Guid(7382237b14911554681a3077c8134801) Importer(815301076,1909f56bfc062723c751e8b465ee728b)
Start importing Assets/Dungeon/URP/Prefabs/Environment/Ceil/NGF_Env_Ceil_08.prefab using Guid(7382237b14911554681a3077c8134801) Importer(815301076,1909f56bfc062723c751e8b465ee728b) (PreviewImporter) -> (artifact id: '2e2f037203f949c7382176b481ebccf9') in 0.0161622 seconds
Number of updated asset objects reloaded before import = 0Number of asset objects unloaded after import = 10

========================================================================
Received Import Request.
  Time since last request: 1.336725 seconds.
  path: Assets/Dungeon/URP/Prefabs/Environment/Column
  artifactKey: Guid(b85a282a7669d5b4ea5f9404170a4003) Importer(815301076,1909f56bfc062723c751e8b465ee728b)
Start importing Assets/Dungeon/URP/Prefabs/Environment/Column using Guid(b85a282a7669d5b4ea5f9404170a4003) Importer(815301076,1909f56bfc062723c751e8b465ee728b) (PreviewImporter) -> (artifact id: 'ed6f3ffdad2de116b400050ddcc4689f') in 0.0008303 seconds
Number of updated asset objects reloaded before import = 0Number of asset objects unloaded after import = 0

========================================================================
Received Import Request.
  Time since last request: 0.038219 seconds.
  path: Assets/Dungeon/URP/Prefabs/Environment/Column/NGF_Env_Column_01.prefab
  artifactKey: Guid(9ef28035d7c342943bb7f99bacc6e2c0) Importer(815301076,1909f56bfc062723c751e8b465ee728b)
Start importing Assets/Dungeon/URP/Prefabs/Environment/Column/NGF_Env_Column_01.prefab using Guid(9ef28035d7c342943bb7f99bacc6e2c0) Importer(815301076,1909f56bfc062723c751e8b465ee728b) (PreviewImporter) -> (artifact id: 'a977e7c4ceb4dab4cd2c79984fb4f8c3') in 0.0220628 seconds
Number of updated asset objects reloaded before import = 0Number of asset objects unloaded after import = 10

========================================================================
Received Import Request.
  Time since last request: 0.000040 seconds.
  path: Assets/Dungeon/URP/Prefabs/Environment/Column/NGF_Env_Column_04.prefab
  artifactKey: Guid(e92f28a0fc6621d4f937f31c446add2d) Importer(815301076,1909f56bfc062723c751e8b465ee728b)
Start importing Assets/Dungeon/URP/Prefabs/Environment/Column/NGF_Env_Column_04.prefab using Guid(e92f28a0fc6621d4f937f31c446add2d) Importer(815301076,1909f56bfc062723c751e8b465ee728b) (PreviewImporter) -> (artifact id: 'bce19459e8a868d4ce7ef865fd5fefff') in 0.0210679 seconds
Number of updated asset objects reloaded before import = 0Number of asset objects unloaded after import = 10

========================================================================
Received Import Request.
  Time since last request: 1.470791 seconds.
  path: Assets/Dungeon/URP/Prefabs/Environment/Doorway
  artifactKey: Guid(88e805772b7319544be227e1a1465ed0) Importer(815301076,1909f56bfc062723c751e8b465ee728b)
Start importing Assets/Dungeon/URP/Prefabs/Environment/Doorway using Guid(88e805772b7319544be227e1a1465ed0) Importer(815301076,1909f56bfc062723c751e8b465ee728b) (PreviewImporter) -> (artifact id: 'fd35715953f618c6ae3eb159dba6eced') in 0.0009897 seconds
Number of updated asset objects reloaded before import = 0Number of asset objects unloaded after import = 0

========================================================================
Received Import Request.
  Time since last request: 0.039596 seconds.
  path: Assets/Dungeon/URP/Prefabs/Environment/Doorway/NGF_Env_Stone_doorway_01.prefab
  artifactKey: Guid(43507363323345b4d87d5878f3b29e91) Importer(815301076,1909f56bfc062723c751e8b465ee728b)
Start importing Assets/Dungeon/URP/Prefabs/Environment/Doorway/NGF_Env_Stone_doorway_01.prefab using Guid(43507363323345b4d87d5878f3b29e91) Importer(815301076,1909f56bfc062723c751e8b465ee728b) (PreviewImporter) -> (artifact id: '5e84a78df0946e38aa971f62af3c9aad') in 0.0205038 seconds
Number of updated asset objects reloaded before import = 0Number of asset objects unloaded after import = 11

========================================================================
Received Import Request.
  Time since last request: 0.000021 seconds.
  path: Assets/Dungeon/URP/Prefabs/Environment/Doorway/NGF_Env_Wooden_doorway_on_the_foundation_01.prefab
  artifactKey: Guid(ca25230167831e849986acc90574e359) Importer(815301076,1909f56bfc062723c751e8b465ee728b)
Start importing Assets/Dungeon/URP/Prefabs/Environment/Doorway/NGF_Env_Wooden_doorway_on_the_foundation_01.prefab using Guid(ca25230167831e849986acc90574e359) Importer(815301076,1909f56bfc062723c751e8b465ee728b) (PreviewImporter) -> (artifact id: '6e5a237082704136061cfea72dbef359') in 0.0221951 seconds
Number of updated asset objects reloaded before import = 0Number of asset objects unloaded after import = 11

========================================================================
Received Import Request.
  Time since last request: 0.000026 seconds.
  path: Assets/Dungeon/URP/Prefabs/Environment/Doorway/NGF_Env_Wooden_doorway_04.prefab
  artifactKey: Guid(8e31f84219bb67547b0da18939b6fd81) Importer(815301076,1909f56bfc062723c751e8b465ee728b)
Start importing Assets/Dungeon/URP/Prefabs/Environment/Doorway/NGF_Env_Wooden_doorway_04.prefab using Guid(8e31f84219bb67547b0da18939b6fd81) Importer(815301076,1909f56bfc062723c751e8b465ee728b) (PreviewImporter) -> (artifact id: '42eb8d7bd9b1e1afac575c0380ad786c') in 0.0247896 seconds
Number of updated asset objects reloaded before import = 0Number of asset objects unloaded after import = 42

========================================================================
Received Import Request.
  Time since last request: 0.000034 seconds.
  path: Assets/Dungeon/URP/Prefabs/Environment/Doorway/NGF_Env_Wooden_doorway_03.prefab
  artifactKey: Guid(48e32b58d8097e74f8a206c638bfac7e) Importer(815301076,1909f56bfc062723c751e8b465ee728b)
Start importing Assets/Dungeon/URP/Prefabs/Environment/Doorway/NGF_Env_Wooden_doorway_03.prefab using Guid(48e32b58d8097e74f8a206c638bfac7e) Importer(815301076,1909f56bfc062723c751e8b465ee728b) (PreviewImporter) -> (artifact id: 'd8e73a3384136b9e1678334e49e524e4') in 0.0250676 seconds
Number of updated asset objects reloaded before import = 0Number of asset objects unloaded after import = 42

========================================================================
Received Import Request.
  Time since last request: 0.000050 seconds.
  path: Assets/Dungeon/URP/Prefabs/Environment/Doorway/NGF_Env_Stone_doorway_on_the_foundation_01.prefab
  artifactKey: Guid(063b77a64709a284c83c9a09c72d9525) Importer(815301076,1909f56bfc062723c751e8b465ee728b)
Start importing Assets/Dungeon/URP/Prefabs/Environment/Doorway/NGF_Env_Stone_doorway_on_the_foundation_01.prefab using Guid(063b77a64709a284c83c9a09c72d9525) Importer(815301076,1909f56bfc062723c751e8b465ee728b) (PreviewImporter) -> (artifact id: 'f398702899ad0f3bcea995f2b00e6d65') in 0.0249976 seconds
Number of updated asset objects reloaded before import = 0Number of asset objects unloaded after import = 11

========================================================================
Received Import Request.
  Time since last request: 0.000024 seconds.
  path: Assets/Dungeon/URP/Prefabs/Environment/Doorway/NGF_Env_Wooden_doorway_on_the_foundation_04.prefab
  artifactKey: Guid(a2bf1c24ab7a3e1448cb929d74eff9bf) Importer(815301076,1909f56bfc062723c751e8b465ee728b)
Start importing Assets/Dungeon/URP/Prefabs/Environment/Doorway/NGF_Env_Wooden_doorway_on_the_foundation_04.prefab using Guid(a2bf1c24ab7a3e1448cb929d74eff9bf) Importer(815301076,1909f56bfc062723c751e8b465ee728b) (PreviewImporter) -> (artifact id: 'f129fb9113a677621dd7f78700e4fb4d') in 0.023174 seconds
Number of updated asset objects reloaded before import = 0Number of asset objects unloaded after import = 42

========================================================================
Received Import Request.
  Time since last request: 0.000026 seconds.
  path: Assets/Dungeon/URP/Prefabs/Environment/Doorway/NGF_Env_Stone_doorway_on_the_foundation_04.prefab
  artifactKey: Guid(5b072622174ffe44e907f42bfe5b2f1b) Importer(815301076,1909f56bfc062723c751e8b465ee728b)
Start importing Assets/Dungeon/URP/Prefabs/Environment/Doorway/NGF_Env_Stone_doorway_on_the_foundation_04.prefab using Guid(5b072622174ffe44e907f42bfe5b2f1b) Importer(815301076,1909f56bfc062723c751e8b465ee728b) (PreviewImporter) -> (artifact id: 'e73b1a19b070742e2071e8260862a690') in 0.020218 seconds
Number of updated asset objects reloaded before import = 0Number of asset objects unloaded after import = 43

========================================================================
Received Import Request.
  Time since last request: 0.000028 seconds.
  path: Assets/Dungeon/URP/Prefabs/Environment/Doorway/NGF_Env_Stone_doorway_05.prefab
  artifactKey: Guid(b12c3152e7cad214ab94d3a22c492313) Importer(815301076,1909f56bfc062723c751e8b465ee728b)
Start importing Assets/Dungeon/URP/Prefabs/Environment/Doorway/NGF_Env_Stone_doorway_05.prefab using Guid(b12c3152e7cad214ab94d3a22c492313) Importer(815301076,1909f56bfc062723c751e8b465ee728b) (PreviewImporter) -> (artifact id: '4e25a8d5148262b64aa37159643a27c9') in 0.0207733 seconds
Number of updated asset objects reloaded before import = 0Number of asset objects unloaded after import = 43

========================================================================
Received Import Request.
  Time since last request: 2.516075 seconds.
  path: Assets/Dungeon/URP/Prefabs/Environment/Floor
  artifactKey: Guid(ecd8d30e4c710b849b472c6486c8abfd) Importer(815301076,1909f56bfc062723c751e8b465ee728b)
Start importing Assets/Dungeon/URP/Prefabs/Environment/Floor using Guid(ecd8d30e4c710b849b472c6486c8abfd) Importer(815301076,1909f56bfc062723c751e8b465ee728b) (PreviewImporter) -> (artifact id: 'a1a7119286558f6387c5ca0c0b3c7599') in 0.0008639 seconds
Number of updated asset objects reloaded before import = 0Number of asset objects unloaded after import = 0

========================================================================
Received Import Request.
  Time since last request: 0.071552 seconds.
  path: Assets/Dungeon/URP/Prefabs/Environment/Floor/NGF_Env_Floor_01.prefab
  artifactKey: Guid(fb6906b1c2f35ef4ea3e72386891fa6d) Importer(815301076,1909f56bfc062723c751e8b465ee728b)
Start importing Assets/Dungeon/URP/Prefabs/Environment/Floor/NGF_Env_Floor_01.prefab using Guid(fb6906b1c2f35ef4ea3e72386891fa6d) Importer(815301076,1909f56bfc062723c751e8b465ee728b) (PreviewImporter) -> (artifact id: 'dfe66ec3b3be1c8c521db65f38930ba1') in 0.0210174 seconds
Number of updated asset objects reloaded before import = 0Number of asset objects unloaded after import = 10

========================================================================
Received Import Request.
  Time since last request: 0.000029 seconds.
  path: Assets/Dungeon/URP/Prefabs/Environment/Floor/NGF_Env_Floor_12.prefab
  artifactKey: Guid(d39f4c4ba82b1f64883937195fbd00bd) Importer(815301076,1909f56bfc062723c751e8b465ee728b)
Start importing Assets/Dungeon/URP/Prefabs/Environment/Floor/NGF_Env_Floor_12.prefab using Guid(d39f4c4ba82b1f64883937195fbd00bd) Importer(815301076,1909f56bfc062723c751e8b465ee728b) (PreviewImporter) -> (artifact id: 'f4915b3b09b45c905af2c972161a8493') in 0.0306278 seconds
Number of updated asset objects reloaded before import = 0Number of asset objects unloaded after import = 10

========================================================================
Received Import Request.
  Time since last request: 0.000043 seconds.
  path: Assets/Dungeon/URP/Prefabs/Environment/Floor/NGF_Env_Floor_15.prefab
  artifactKey: Guid(f6992d7c0e69a1c4b81e0df4a2179dfb) Importer(815301076,1909f56bfc062723c751e8b465ee728b)
Start importing Assets/Dungeon/URP/Prefabs/Environment/Floor/NGF_Env_Floor_15.prefab using Guid(f6992d7c0e69a1c4b81e0df4a2179dfb) Importer(815301076,1909f56bfc062723c751e8b465ee728b) (PreviewImporter) -> (artifact id: '24f06e1eb6e762c28afec9a9a02c2d67') in 0.020351 seconds
Number of updated asset objects reloaded before import = 0Number of asset objects unloaded after import = 10

========================================================================
Received Import Request.
  Time since last request: 0.000035 seconds.
  path: Assets/Dungeon/URP/Prefabs/Environment/Floor/NGF_Env_Floor_08.prefab
  artifactKey: Guid(f53fc68a7f80a474e951750cdd0f4dd8) Importer(815301076,1909f56bfc062723c751e8b465ee728b)
Start importing Assets/Dungeon/URP/Prefabs/Environment/Floor/NGF_Env_Floor_08.prefab using Guid(f53fc68a7f80a474e951750cdd0f4dd8) Importer(815301076,1909f56bfc062723c751e8b465ee728b) (PreviewImporter) -> (artifact id: '9e1d20a55ca63c2ad029d2d52a4cef52') in 0.024597 seconds
Number of updated asset objects reloaded before import = 0Number of asset objects unloaded after import = 10

========================================================================
Received Import Request.
  Time since last request: 0.000028 seconds.
  path: Assets/Dungeon/URP/Prefabs/Environment/Floor/NGF_Env_Floor_09.prefab
  artifactKey: Guid(5082758f264ae684c995a29d607a4544) Importer(815301076,1909f56bfc062723c751e8b465ee728b)
Start importing Assets/Dungeon/URP/Prefabs/Environment/Floor/NGF_Env_Floor_09.prefab using Guid(5082758f264ae684c995a29d607a4544) Importer(815301076,1909f56bfc062723c751e8b465ee728b) (PreviewImporter) -> (artifact id: 'abb23f4294ed6eedea7ea69577c3be10') in 0.0219217 seconds
Number of updated asset objects reloaded before import = 0Number of asset objects unloaded after import = 10

========================================================================
Received Import Request.
  Time since last request: 0.000026 seconds.
  path: Assets/Dungeon/URP/Prefabs/Environment/Floor/NGF_Env_Floor_05.prefab
  artifactKey: Guid(b90ecb51603d4504d90b4ff68dcfd797) Importer(815301076,1909f56bfc062723c751e8b465ee728b)
Start importing Assets/Dungeon/URP/Prefabs/Environment/Floor/NGF_Env_Floor_05.prefab using Guid(b90ecb51603d4504d90b4ff68dcfd797) Importer(815301076,1909f56bfc062723c751e8b465ee728b) (PreviewImporter) -> (artifact id: '7d3e1085bece73c4ba01ff6b57e1cf1d') in 0.017186 seconds
Number of updated asset objects reloaded before import = 0Number of asset objects unloaded after import = 10

========================================================================
Received Import Request.
  Time since last request: 378.799417 seconds.
  path: Assets/Dungeon/URP/Prefabs/Environment/Brick
  artifactKey: Guid(5abe2d2438b8e2e489839fe497d5c7f0) Importer(815301076,1909f56bfc062723c751e8b465ee728b)
Start importing Assets/Dungeon/URP/Prefabs/Environment/Brick using Guid(5abe2d2438b8e2e489839fe497d5c7f0) Importer(815301076,1909f56bfc062723c751e8b465ee728b) (PreviewImporter) -> (artifact id: '5739dbfab5750308601e084b03fb21c7') in 0.0012638 seconds
Number of updated asset objects reloaded before import = 0Number of asset objects unloaded after import = 0

========================================================================
Received Import Request.
  Time since last request: 0.036908 seconds.
  path: Assets/Dungeon/URP/Prefabs/Environment/Brick/NGF_Env_Brick_01.prefab
  artifactKey: Guid(4b9c9912a66e46b428f0df51069bbde7) Importer(815301076,1909f56bfc062723c751e8b465ee728b)
Start importing Assets/Dungeon/URP/Prefabs/Environment/Brick/NGF_Env_Brick_01.prefab using Guid(4b9c9912a66e46b428f0df51069bbde7) Importer(815301076,1909f56bfc062723c751e8b465ee728b) (PreviewImporter) -> (artifact id: 'a276481c10f18766ad63eb0bf07d12d8') in 0.0255711 seconds
Number of updated asset objects reloaded before import = 0Number of asset objects unloaded after import = 11

========================================================================
Received Import Request.
  Time since last request: 0.000065 seconds.
  path: Assets/Dungeon/URP/Prefabs/Environment/Brick/NGF_Env_Brick_small_06.prefab
  artifactKey: Guid(83ab5186158705a46b520bf3e94bd517) Importer(815301076,1909f56bfc062723c751e8b465ee728b)
Start importing Assets/Dungeon/URP/Prefabs/Environment/Brick/NGF_Env_Brick_small_06.prefab using Guid(83ab5186158705a46b520bf3e94bd517) Importer(815301076,1909f56bfc062723c751e8b465ee728b) (PreviewImporter) -> (artifact id: 'd5ba3b684b042212001dad635bb9936e') in 0.0188927 seconds
Number of updated asset objects reloaded before import = 0Number of asset objects unloaded after import = 11

========================================================================
Received Import Request.
  Time since last request: 0.000026 seconds.
  path: Assets/Dungeon/URP/Prefabs/Environment/Brick/NGF_Env_Brick_06.prefab
  artifactKey: Guid(643ef18e161327f48a1e13c081a322ef) Importer(815301076,1909f56bfc062723c751e8b465ee728b)
Start importing Assets/Dungeon/URP/Prefabs/Environment/Brick/NGF_Env_Brick_06.prefab using Guid(643ef18e161327f48a1e13c081a322ef) Importer(815301076,1909f56bfc062723c751e8b465ee728b) (PreviewImporter) -> (artifact id: 'a4ed0904657933d2ba5cf8dfb93c9cd4') in 0.0212846 seconds
Number of updated asset objects reloaded before import = 0Number of asset objects unloaded after import = 11

========================================================================
Received Import Request.
  Time since last request: 0.000041 seconds.
  path: Assets/Dungeon/URP/Prefabs/Environment/Brick/NGF_Env_Brick_09.prefab
  artifactKey: Guid(8568747be13cf1e498c0f579b3528593) Importer(815301076,1909f56bfc062723c751e8b465ee728b)
Start importing Assets/Dungeon/URP/Prefabs/Environment/Brick/NGF_Env_Brick_09.prefab using Guid(8568747be13cf1e498c0f579b3528593) Importer(815301076,1909f56bfc062723c751e8b465ee728b) (PreviewImporter) -> (artifact id: '8e4cc67d8bbe140594d0095af1725996') in 0.0198895 seconds
Number of updated asset objects reloaded before import = 0Number of asset objects unloaded after import = 11

========================================================================
Received Import Request.
  Time since last request: 0.000027 seconds.
  path: Assets/Dungeon/URP/Prefabs/Environment/Brick/NGF_Env_Brick_03.prefab
  artifactKey: Guid(5d8afcce3a464b7449dd777ac270d14b) Importer(815301076,1909f56bfc062723c751e8b465ee728b)
Start importing Assets/Dungeon/URP/Prefabs/Environment/Brick/NGF_Env_Brick_03.prefab using Guid(5d8afcce3a464b7449dd777ac270d14b) Importer(815301076,1909f56bfc062723c751e8b465ee728b) (PreviewImporter) -> (artifact id: '06eb7e7aaeb949a6d50868ebf72d02c3') in 0.0198404 seconds
Number of updated asset objects reloaded before import = 0Number of asset objects unloaded after import = 11

========================================================================
Received Import Request.
  Time since last request: 0.000031 seconds.
  path: Assets/Dungeon/URP/Prefabs/Environment/Brick/NGF_Env_Brick_small_02.prefab
  artifactKey: Guid(8313725a340630240b1b8d0719319f46) Importer(815301076,1909f56bfc062723c751e8b465ee728b)
Start importing Assets/Dungeon/URP/Prefabs/Environment/Brick/NGF_Env_Brick_small_02.prefab using Guid(8313725a340630240b1b8d0719319f46) Importer(815301076,1909f56bfc062723c751e8b465ee728b) (PreviewImporter) -> (artifact id: '9ebc4c1cca18682fa6b002809651ace0') in 0.0180709 seconds
Number of updated asset objects reloaded before import = 0Number of asset objects unloaded after import = 11

========================================================================
Received Import Request.
  Time since last request: 0.000023 seconds.
  path: Assets/Dungeon/URP/Prefabs/Environment/Brick/NGF_Env_Brick_10.prefab
  artifactKey: Guid(7ef6825bd2f43e144a8199a277f2f01a) Importer(815301076,1909f56bfc062723c751e8b465ee728b)
Start importing Assets/Dungeon/URP/Prefabs/Environment/Brick/NGF_Env_Brick_10.prefab using Guid(7ef6825bd2f43e144a8199a277f2f01a) Importer(815301076,1909f56bfc062723c751e8b465ee728b) (PreviewImporter) -> (artifact id: '8078a137c8efa65cbe1a975a78ba69d5') in 0.0175039 seconds
Number of updated asset objects reloaded before import = 0Number of asset objects unloaded after import = 11

========================================================================
Received Import Request.
  Time since last request: 0.000031 seconds.
  path: Assets/Dungeon/URP/Prefabs/Environment/Brick/NGF_Env_Brick_08.prefab
  artifactKey: Guid(4476ce56c9a83c643b87a3cb50ed2b35) Importer(815301076,1909f56bfc062723c751e8b465ee728b)
Start importing Assets/Dungeon/URP/Prefabs/Environment/Brick/NGF_Env_Brick_08.prefab using Guid(4476ce56c9a83c643b87a3cb50ed2b35) Importer(815301076,1909f56bfc062723c751e8b465ee728b) (PreviewImporter) -> (artifact id: 'fb54c0ef489c4186646e18d8cce2a9e3') in 0.0185197 seconds
Number of updated asset objects reloaded before import = 0Number of asset objects unloaded after import = 11

========================================================================
Received Import Request.
  Time since last request: 0.000029 seconds.
  path: Assets/Dungeon/URP/Prefabs/Environment/Brick/NGF_Env_Brick_small_03.prefab
  artifactKey: Guid(eedfee79be2a0b84f911a245ed11c54f) Importer(815301076,1909f56bfc062723c751e8b465ee728b)
Start importing Assets/Dungeon/URP/Prefabs/Environment/Brick/NGF_Env_Brick_small_03.prefab using Guid(eedfee79be2a0b84f911a245ed11c54f) Importer(815301076,1909f56bfc062723c751e8b465ee728b) (PreviewImporter) -> (artifact id: '30a880b051ac0257de2fb3f691f4f0a2') in 0.0166223 seconds
Number of updated asset objects reloaded before import = 0Number of asset objects unloaded after import = 11

========================================================================
Received Import Request.
  Time since last request: 0.000034 seconds.
  path: Assets/Dungeon/URP/Prefabs/Environment/Brick/NGF_Env_Brick_small_01.prefab
  artifactKey: Guid(9707b087eb40d7648a0e004f35002704) Importer(815301076,1909f56bfc062723c751e8b465ee728b)
Start importing Assets/Dungeon/URP/Prefabs/Environment/Brick/NGF_Env_Brick_small_01.prefab using Guid(9707b087eb40d7648a0e004f35002704) Importer(815301076,1909f56bfc062723c751e8b465ee728b) (PreviewImporter) -> (artifact id: 'bb418b2a3993a7f98e343494142f97a1') in 0.0184482 seconds
Number of updated asset objects reloaded before import = 0Number of asset objects unloaded after import = 11

========================================================================
Received Import Request.
  Time since last request: 9.377734 seconds.
  path: Assets/Dungeon/URP/Prefabs/Environment/Floor dust
  artifactKey: Guid(167bd51ff70ee0649be491f231201672) Importer(815301076,1909f56bfc062723c751e8b465ee728b)
Start importing Assets/Dungeon/URP/Prefabs/Environment/Floor dust using Guid(167bd51ff70ee0649be491f231201672) Importer(815301076,1909f56bfc062723c751e8b465ee728b) (PreviewImporter) -> (artifact id: 'bc926016a51066dc7c9e66477ae836c6') in 0.0008909 seconds
Number of updated asset objects reloaded before import = 0Number of asset objects unloaded after import = 0

========================================================================
Received Import Request.
  Time since last request: 0.165109 seconds.
  path: Assets/Dungeon/URP/Prefabs/Environment/Floor dust/NGF_Env_Floor_dust_1.prefab
  artifactKey: Guid(0624dafc7f1cbb64dbb231c31f50f9ae) Importer(815301076,1909f56bfc062723c751e8b465ee728b)
Start importing Assets/Dungeon/URP/Prefabs/Environment/Floor dust/NGF_Env_Floor_dust_1.prefab using Guid(0624dafc7f1cbb64dbb231c31f50f9ae) Importer(815301076,1909f56bfc062723c751e8b465ee728b) (PreviewImporter) -> (artifact id: '3bef0867f0f9a91c46d3f8b1880c6aa7') in 0.0257451 seconds
Number of updated asset objects reloaded before import = 0Number of asset objects unloaded after import = 11

========================================================================
Received Import Request.
  Time since last request: 0.000023 seconds.
  path: Assets/Dungeon/URP/Prefabs/Environment/Floor dust/NGF_Env_Floor_dust_11.prefab
  artifactKey: Guid(b5ed53c3b29ac3d4dbf2f2f283262e5c) Importer(815301076,1909f56bfc062723c751e8b465ee728b)
Start importing Assets/Dungeon/URP/Prefabs/Environment/Floor dust/NGF_Env_Floor_dust_11.prefab using Guid(b5ed53c3b29ac3d4dbf2f2f283262e5c) Importer(815301076,1909f56bfc062723c751e8b465ee728b) (PreviewImporter) -> (artifact id: 'af8795c3df49d0d369893f97df0cf8ab') in 0.0251318 seconds
Number of updated asset objects reloaded before import = 0Number of asset objects unloaded after import = 10

========================================================================
Received Import Request.
  Time since last request: 0.000029 seconds.
  path: Assets/Dungeon/URP/Prefabs/Environment/Floor dust/NGF_Env_Floor_dust_4.prefab
  artifactKey: Guid(0d3ca0cbd99ee3c49b14363dbf67c9ca) Importer(815301076,1909f56bfc062723c751e8b465ee728b)
Start importing Assets/Dungeon/URP/Prefabs/Environment/Floor dust/NGF_Env_Floor_dust_4.prefab using Guid(0d3ca0cbd99ee3c49b14363dbf67c9ca) Importer(815301076,1909f56bfc062723c751e8b465ee728b) (PreviewImporter) -> (artifact id: '6afe6742a4c1a66cb41ebb94dfd37725') in 0.0204347 seconds
Number of updated asset objects reloaded before import = 0Number of asset objects unloaded after import = 11

========================================================================
Received Import Request.
  Time since last request: 0.000036 seconds.
  path: Assets/Dungeon/URP/Prefabs/Environment/Floor dust/NGF_Env_Floor_dust_6.prefab
  artifactKey: Guid(007ca66b2a75f5f4db1056a3b8723591) Importer(815301076,1909f56bfc062723c751e8b465ee728b)
Start importing Assets/Dungeon/URP/Prefabs/Environment/Floor dust/NGF_Env_Floor_dust_6.prefab using Guid(007ca66b2a75f5f4db1056a3b8723591) Importer(815301076,1909f56bfc062723c751e8b465ee728b) (PreviewImporter) -> (artifact id: '30f0e1638e76d319c5ad71ee32e98cac') in 0.023306 seconds
Number of updated asset objects reloaded before import = 0Number of asset objects unloaded after import = 11

========================================================================
Received Import Request.
  Time since last request: 0.000043 seconds.
  path: Assets/Dungeon/URP/Prefabs/Environment/Floor dust/NGF_Env_Floor_dust_8.prefab
  artifactKey: Guid(56e759755e6a668419970d82e32f4bef) Importer(815301076,1909f56bfc062723c751e8b465ee728b)
Start importing Assets/Dungeon/URP/Prefabs/Environment/Floor dust/NGF_Env_Floor_dust_8.prefab using Guid(56e759755e6a668419970d82e32f4bef) Importer(815301076,1909f56bfc062723c751e8b465ee728b) (PreviewImporter) -> (artifact id: '5620ae0b3294df681adf1f063c73c582') in 0.0216565 seconds
Number of updated asset objects reloaded before import = 0Number of asset objects unloaded after import = 11

========================================================================
Received Import Request.
  Time since last request: 3.778221 seconds.
  path: Assets/Dungeon/URP/Prefabs/Environment/Stairs
  artifactKey: Guid(03b31ae40306dce43a0d53cd7be6c746) Importer(815301076,1909f56bfc062723c751e8b465ee728b)
Start importing Assets/Dungeon/URP/Prefabs/Environment/Stairs using Guid(03b31ae40306dce43a0d53cd7be6c746) Importer(815301076,1909f56bfc062723c751e8b465ee728b) (PreviewImporter) -> (artifact id: 'fa42f266c787f30207111e01f7410982') in 0.0008349 seconds
Number of updated asset objects reloaded before import = 0Number of asset objects unloaded after import = 0

========================================================================
Received Import Request.
  Time since last request: 0.046077 seconds.
  path: Assets/Dungeon/URP/Prefabs/Environment/Stairs/NGF_Env_Stairs_01.prefab
  artifactKey: Guid(80f789a62f870b740ba447ae3c556f3b) Importer(815301076,1909f56bfc062723c751e8b465ee728b)
Start importing Assets/Dungeon/URP/Prefabs/Environment/Stairs/NGF_Env_Stairs_01.prefab using Guid(80f789a62f870b740ba447ae3c556f3b) Importer(815301076,1909f56bfc062723c751e8b465ee728b) (PreviewImporter) -> (artifact id: '6b3b53ca650b39a2d50b7d20925ad70d') in 0.0331005 seconds
Number of updated asset objects reloaded before import = 0Number of asset objects unloaded after import = 11

========================================================================
Received Import Request.
  Time since last request: 0.000024 seconds.
  path: Assets/Dungeon/URP/Prefabs/Environment/Stairs/NGF_Env_Stairs_half_02.prefab
  artifactKey: Guid(7b411d10bf9a4294386367ee64fb70b1) Importer(815301076,1909f56bfc062723c751e8b465ee728b)
Start importing Assets/Dungeon/URP/Prefabs/Environment/Stairs/NGF_Env_Stairs_half_02.prefab using Guid(7b411d10bf9a4294386367ee64fb70b1) Importer(815301076,1909f56bfc062723c751e8b465ee728b) (PreviewImporter) -> (artifact id: '7fe31cd81777bcfff582beb41a97d5a5') in 0.02341 seconds
Number of updated asset objects reloaded before import = 0Number of asset objects unloaded after import = 11

========================================================================
Received Import Request.
  Time since last request: 56.999858 seconds.
  path: Assets/Dungeon/URP/Prefabs/Environment/Wooden boards and bars
  artifactKey: Guid(da534051d81a72747a85e5b7ce97db14) Importer(815301076,1909f56bfc062723c751e8b465ee728b)
Start importing Assets/Dungeon/URP/Prefabs/Environment/Wooden boards and bars using Guid(da534051d81a72747a85e5b7ce97db14) Importer(815301076,1909f56bfc062723c751e8b465ee728b) (PreviewImporter) -> (artifact id: 'c67469eb65423c6a1d5de1f3830ddc94') in 0.0009389 seconds
Number of updated asset objects reloaded before import = 0Number of asset objects unloaded after import = 0

========================================================================
Received Import Request.
  Time since last request: 0.037531 seconds.
  path: Assets/Dungeon/URP/Prefabs/Environment/Wooden boards and bars/NGF_Env_Board_01.prefab
  artifactKey: Guid(ee1585f53ea6fc74b89aa3a207821c47) Importer(815301076,1909f56bfc062723c751e8b465ee728b)
Start importing Assets/Dungeon/URP/Prefabs/Environment/Wooden boards and bars/NGF_Env_Board_01.prefab using Guid(ee1585f53ea6fc74b89aa3a207821c47) Importer(815301076,1909f56bfc062723c751e8b465ee728b) (PreviewImporter) -> (artifact id: 'b2db5c86d6cf4ec7517ce9e2b719fee9') in 0.0209206 seconds
Number of updated asset objects reloaded before import = 0Number of asset objects unloaded after import = 10

========================================================================
Received Import Request.
  Time since last request: 0.000031 seconds.
  path: Assets/Dungeon/URP/Prefabs/Environment/Wooden boards and bars/NGF_Env_Long_board_01.prefab
  artifactKey: Guid(a6ba56b7a135b164c9b5f283ba56dae0) Importer(815301076,1909f56bfc062723c751e8b465ee728b)
Start importing Assets/Dungeon/URP/Prefabs/Environment/Wooden boards and bars/NGF_Env_Long_board_01.prefab using Guid(a6ba56b7a135b164c9b5f283ba56dae0) Importer(815301076,1909f56bfc062723c751e8b465ee728b) (PreviewImporter) -> (artifact id: '94be098cea05ea8065236635c7331eda') in 0.0217997 seconds
Number of updated asset objects reloaded before import = 0Number of asset objects unloaded after import = 10

========================================================================
Received Import Request.
  Time since last request: 0.000025 seconds.
  path: Assets/Dungeon/URP/Prefabs/Environment/Wooden boards and bars/NGF_Env_Long_board_03.prefab
  artifactKey: Guid(350c6d07c584df648af53412593113c9) Importer(815301076,1909f56bfc062723c751e8b465ee728b)
Start importing Assets/Dungeon/URP/Prefabs/Environment/Wooden boards and bars/NGF_Env_Long_board_03.prefab using Guid(350c6d07c584df648af53412593113c9) Importer(815301076,1909f56bfc062723c751e8b465ee728b) (PreviewImporter) -> (artifact id: '710b2610fadbafc6b5a0effac6d5f46d') in 0.0196543 seconds
Number of updated asset objects reloaded before import = 0Number of asset objects unloaded after import = 10

========================================================================
Received Import Request.
  Time since last request: 0.000029 seconds.
  path: Assets/Dungeon/URP/Prefabs/Environment/Wooden boards and bars/NGF_Env_Thin_long_board_04.prefab
  artifactKey: Guid(547bbf2371f09a549a29a7ab1add23c2) Importer(815301076,1909f56bfc062723c751e8b465ee728b)
Start importing Assets/Dungeon/URP/Prefabs/Environment/Wooden boards and bars/NGF_Env_Thin_long_board_04.prefab using Guid(547bbf2371f09a549a29a7ab1add23c2) Importer(815301076,1909f56bfc062723c751e8b465ee728b) (PreviewImporter) -> (artifact id: 'f991a2d2544e9658b7fd3b01432b5c84') in 0.0243111 seconds
Number of updated asset objects reloaded before import = 0Number of asset objects unloaded after import = 10

========================================================================
Received Import Request.
  Time since last request: 0.000054 seconds.
  path: Assets/Dungeon/URP/Prefabs/Environment/Wooden boards and bars/NGF_Env_Thin_long_board_01.prefab
  artifactKey: Guid(bafe916e1b2e5dc4b8b5ec7b82375c63) Importer(815301076,1909f56bfc062723c751e8b465ee728b)
Start importing Assets/Dungeon/URP/Prefabs/Environment/Wooden boards and bars/NGF_Env_Thin_long_board_01.prefab using Guid(bafe916e1b2e5dc4b8b5ec7b82375c63) Importer(815301076,1909f56bfc062723c751e8b465ee728b) (PreviewImporter) -> (artifact id: '218f697fd5323d61f2f95f370827a488') in 0.0232193 seconds
Number of updated asset objects reloaded before import = 0Number of asset objects unloaded after import = 10

========================================================================
Received Import Request.
  Time since last request: 0.000040 seconds.
  path: Assets/Dungeon/URP/Prefabs/Environment/Wooden boards and bars/NGF_Env_Wooden_bar_01.prefab
  artifactKey: Guid(440155e580002294e83378e86f17e873) Importer(815301076,1909f56bfc062723c751e8b465ee728b)
Start importing Assets/Dungeon/URP/Prefabs/Environment/Wooden boards and bars/NGF_Env_Wooden_bar_01.prefab using Guid(440155e580002294e83378e86f17e873) Importer(815301076,1909f56bfc062723c751e8b465ee728b) (PreviewImporter) -> (artifact id: '7f739cf79c9006e73b8412a3fb8d76fc') in 0.0197499 seconds
Number of updated asset objects reloaded before import = 0Number of asset objects unloaded after import = 10

========================================================================
Received Import Request.
  Time since last request: 0.000043 seconds.
  path: Assets/Dungeon/URP/Prefabs/Environment/Wooden boards and bars/NGF_Env_Wooden_bar_small_02.prefab
  artifactKey: Guid(aa56a2718e73849418091d7d565cbfe5) Importer(815301076,1909f56bfc062723c751e8b465ee728b)
Start importing Assets/Dungeon/URP/Prefabs/Environment/Wooden boards and bars/NGF_Env_Wooden_bar_small_02.prefab using Guid(aa56a2718e73849418091d7d565cbfe5) Importer(815301076,1909f56bfc062723c751e8b465ee728b) (PreviewImporter) -> (artifact id: '0d4fc3d84ce2d4d7b2d380cfe015cef4') in 0.0224851 seconds
Number of updated asset objects reloaded before import = 0Number of asset objects unloaded after import = 10

========================================================================
Received Import Request.
  Time since last request: 0.000043 seconds.
  path: Assets/Dungeon/URP/Prefabs/Environment/Wooden boards and bars/NGF_Env_Wooden_bar_small_04.prefab
  artifactKey: Guid(4b573d08a5abd984d89c9b7a823a4b38) Importer(815301076,1909f56bfc062723c751e8b465ee728b)
Start importing Assets/Dungeon/URP/Prefabs/Environment/Wooden boards and bars/NGF_Env_Wooden_bar_small_04.prefab using Guid(4b573d08a5abd984d89c9b7a823a4b38) Importer(815301076,1909f56bfc062723c751e8b465ee728b) (PreviewImporter) -> (artifact id: 'e5b1a57ad22e79d010850a9f406e75ff') in 0.0245041 seconds
Number of updated asset objects reloaded before import = 0Number of asset objects unloaded after import = 10

========================================================================
Received Import Request.
  Time since last request: 2.118073 seconds.
  path: Assets/Dungeon/URP/Prefabs/Environment/Wall
  artifactKey: Guid(bbf4b48a7cb22d442a4df2de2ef43709) Importer(815301076,1909f56bfc062723c751e8b465ee728b)
Start importing Assets/Dungeon/URP/Prefabs/Environment/Wall using Guid(bbf4b48a7cb22d442a4df2de2ef43709) Importer(815301076,1909f56bfc062723c751e8b465ee728b) (PreviewImporter) -> (artifact id: '418767998e27276ab930bc58af9a1688') in 0.0010257 seconds
Number of updated asset objects reloaded before import = 0Number of asset objects unloaded after import = 0

========================================================================
Received Import Request.
  Time since last request: 0.125338 seconds.
  path: Assets/Dungeon/URP/Prefabs/Environment/Wall/NGF_Env_Wall_01.prefab
  artifactKey: Guid(49df19edbd42a7b49b0184ca00802320) Importer(815301076,1909f56bfc062723c751e8b465ee728b)
Start importing Assets/Dungeon/URP/Prefabs/Environment/Wall/NGF_Env_Wall_01.prefab using Guid(49df19edbd42a7b49b0184ca00802320) Importer(815301076,1909f56bfc062723c751e8b465ee728b) (PreviewImporter) -> (artifact id: '9c391800cb85082c8efa1ebae15666df') in 0.0191583 seconds
Number of updated asset objects reloaded before import = 0Number of asset objects unloaded after import = 10

========================================================================
Received Import Request.
  Time since last request: 0.000050 seconds.
  path: Assets/Dungeon/URP/Prefabs/Environment/Wall/NGF_Env_Wall_on_the_foundation_09.prefab
  artifactKey: Guid(ae56ddcdd14e3744ea131a45f9185cf8) Importer(815301076,1909f56bfc062723c751e8b465ee728b)
Start importing Assets/Dungeon/URP/Prefabs/Environment/Wall/NGF_Env_Wall_on_the_foundation_09.prefab using Guid(ae56ddcdd14e3744ea131a45f9185cf8) Importer(815301076,1909f56bfc062723c751e8b465ee728b) (PreviewImporter) -> (artifact id: 'b94ffaaea4d2e8c957b7999d0bb63f0b') in 0.0267406 seconds
Number of updated asset objects reloaded before import = 0Number of asset objects unloaded after import = 10

========================================================================
Received Import Request.
  Time since last request: 0.000052 seconds.
  path: Assets/Dungeon/URP/Prefabs/Environment/Wall/NGF_Env_Wall_on_the_foundation_04.prefab
  artifactKey: Guid(eabc17e1f8f869f4d9b28627d11a1b62) Importer(815301076,1909f56bfc062723c751e8b465ee728b)
Start importing Assets/Dungeon/URP/Prefabs/Environment/Wall/NGF_Env_Wall_on_the_foundation_04.prefab using Guid(eabc17e1f8f869f4d9b28627d11a1b62) Importer(815301076,1909f56bfc062723c751e8b465ee728b) (PreviewImporter) -> (artifact id: '1a3e8b99cdf16be2179b38e540161023') in 0.0241304 seconds
Number of updated asset objects reloaded before import = 0Number of asset objects unloaded after import = 10

========================================================================
Received Import Request.
  Time since last request: 0.000021 seconds.
  path: Assets/Dungeon/URP/Prefabs/Environment/Wall/NGF_Env_Wall_07.prefab
  artifactKey: Guid(bcc4b0a1ce31a11499b76454e9c65490) Importer(815301076,1909f56bfc062723c751e8b465ee728b)
Start importing Assets/Dungeon/URP/Prefabs/Environment/Wall/NGF_Env_Wall_07.prefab using Guid(bcc4b0a1ce31a11499b76454e9c65490) Importer(815301076,1909f56bfc062723c751e8b465ee728b) (PreviewImporter) -> (artifact id: 'e284724471387729c4845463de5b3b5e') in 0.02505 seconds
Number of updated asset objects reloaded before import = 0Number of asset objects unloaded after import = 10

========================================================================
Received Import Request.
  Time since last request: 0.000025 seconds.
  path: Assets/Dungeon/URP/Prefabs/Environment/Wall/NGF_Env_Wall_09.prefab
  artifactKey: Guid(1614c0036fef691438f30fb568d5ff26) Importer(815301076,1909f56bfc062723c751e8b465ee728b)
Start importing Assets/Dungeon/URP/Prefabs/Environment/Wall/NGF_Env_Wall_09.prefab using Guid(1614c0036fef691438f30fb568d5ff26) Importer(815301076,1909f56bfc062723c751e8b465ee728b) (PreviewImporter) -> (artifact id: '18700293be1e1d16a4da063257f3d9d3') in 0.02274 seconds
Number of updated asset objects reloaded before import = 0Number of asset objects unloaded after import = 10

========================================================================
Received Import Request.
  Time since last request: 0.000021 seconds.
  path: Assets/Dungeon/URP/Prefabs/Environment/Wall/NGF_Env_Wall_12.prefab
  artifactKey: Guid(82735d9159b5e364fbe8b023ecacc178) Importer(815301076,1909f56bfc062723c751e8b465ee728b)
Start importing Assets/Dungeon/URP/Prefabs/Environment/Wall/NGF_Env_Wall_12.prefab using Guid(82735d9159b5e364fbe8b023ecacc178) Importer(815301076,1909f56bfc062723c751e8b465ee728b) (PreviewImporter) -> (artifact id: 'b06cf1db19f2e683c3b75effdf3f4acf') in 0.0231289 seconds
Number of updated asset objects reloaded before import = 0Number of asset objects unloaded after import = 10

========================================================================
Received Import Request.
  Time since last request: 0.000040 seconds.
  path: Assets/Dungeon/URP/Prefabs/Environment/Wall/NGF_Env_Wall_on_the_foundation_11.prefab
  artifactKey: Guid(0a7bc55ae38d0e54da06d81d62c0e94b) Importer(815301076,1909f56bfc062723c751e8b465ee728b)
Start importing Assets/Dungeon/URP/Prefabs/Environment/Wall/NGF_Env_Wall_on_the_foundation_11.prefab using Guid(0a7bc55ae38d0e54da06d81d62c0e94b) Importer(815301076,1909f56bfc062723c751e8b465ee728b) (PreviewImporter) -> (artifact id: '755c5dccb0e32426cb2b7b88735e57f0') in 0.0268546 seconds
Number of updated asset objects reloaded before import = 0Number of asset objects unloaded after import = 10

========================================================================
Received Import Request.
  Time since last request: 0.000036 seconds.
  path: Assets/Dungeon/URP/Prefabs/Environment/Wall/NGF_Env_Wall_on_the_foundation_02.prefab
  artifactKey: Guid(b5db296deea59d6488499708f66122a2) Importer(815301076,1909f56bfc062723c751e8b465ee728b)
Start importing Assets/Dungeon/URP/Prefabs/Environment/Wall/NGF_Env_Wall_on_the_foundation_02.prefab using Guid(b5db296deea59d6488499708f66122a2) Importer(815301076,1909f56bfc062723c751e8b465ee728b) (PreviewImporter) -> (artifact id: '23dc1f9ac3d568f3475419319eab6708') in 0.0199902 seconds
Number of updated asset objects reloaded before import = 0Number of asset objects unloaded after import = 10

Editor requested this worker to shutdown with reason: Scaling down because of idle timeout
AssetImportWorker is now disconnected from the server
Process exiting
Exiting without the bug reporter. Application will terminate with return code 0