Using pre-set license
Built from '6000.0/staging' branch; Version is '6000.0.28f1 (f336aca0cab5) revision 15939244'; Using compiler version '193933523'; Build Type 'Release'
OS: 'Windows 11  (10.0.26100) 64bit CoreSingleLanguage' Language: 'th' Physical Memory: 16105 MB
BatchMode: 1, IsHumanControllingUs: 0, StartBugReporterOnCrash: 0, Is64bit: 1, IsPro: 1

COMMAND LINE ARGUMENTS:
C:\Program Files\Unity\Hub\Editor\6000.0.28f1\Editor\Unity.exe
-adb2
-batchMode
-noUpm
-name
AssetImportWorker1
-projectPath
C:/Users/asus/RPG
-logFile
Logs/AssetImportWorker1.log
-srvPort
10941
-job-worker-count
5
-background-job-worker-count
8
-asset-garbage-collectors
1
Successfully changed project path to: C:/Users/asus/RPG
C:/Users/asus/RPG
[UnityMemory] Configuration Parameters - Can be set up in boot.config
    "memorysetup-bucket-allocator-granularity=16"
    "memorysetup-bucket-allocator-bucket-count=8"
    "memorysetup-bucket-allocator-block-size=33554432"
    "memorysetup-bucket-allocator-block-count=8"
    "memorysetup-main-allocator-block-size=16777216"
    "memorysetup-thread-allocator-block-size=16777216"
    "memorysetup-gfx-main-allocator-block-size=16777216"
    "memorysetup-gfx-thread-allocator-block-size=16777216"
    "memorysetup-cache-allocator-block-size=4194304"
    "memorysetup-typetree-allocator-block-size=2097152"
    "memorysetup-profiler-bucket-allocator-granularity=16"
    "memorysetup-profiler-bucket-allocator-bucket-count=8"
    "memorysetup-profiler-bucket-allocator-block-size=33554432"
    "memorysetup-profiler-bucket-allocator-block-count=8"
    "memorysetup-profiler-allocator-block-size=16777216"
    "memorysetup-profiler-editor-allocator-block-size=1048576"
    "memorysetup-temp-allocator-size-main=16777216"
    "memorysetup-job-temp-allocator-block-size=2097152"
    "memorysetup-job-temp-allocator-block-size-background=1048576"
    "memorysetup-job-temp-allocator-reduction-small-platforms=262144"
    "memorysetup-allocator-temp-initial-block-size-main=262144"
    "memorysetup-allocator-temp-initial-block-size-worker=262144"
    "memorysetup-temp-allocator-size-background-worker=32768"
    "memorysetup-temp-allocator-size-job-worker=262144"
    "memorysetup-temp-allocator-size-preload-manager=33554432"
    "memorysetup-temp-allocator-size-nav-mesh-worker=65536"
    "memorysetup-temp-allocator-size-audio-worker=65536"
    "memorysetup-temp-allocator-size-cloud-worker=32768"
    "memorysetup-temp-allocator-size-gi-baking-worker=262144"
    "memorysetup-temp-allocator-size-gi-baking-worker=262144"
    "memorysetup-temp-allocator-size-gi-baking-worker=262144"
    "memorysetup-temp-allocator-size-gi-baking-worker=262144"
    "memorysetup-temp-allocator-size-gi-baking-worker=262144"
    "memorysetup-temp-allocator-size-gfx=262144"
Player connection [6288]  Target information:

Player connection [6288]  * "[IP] 172.20.10.4 [Port] 0 [Flags] 2 [Guid] 1119123174 [EditorId] 1119123174 [Version] 1048832 [Id] WindowsEditor(7,LAPTOP-JLDE18AG) [Debug] 1 [PackageName] WindowsEditor [ProjectName] Editor" 

Player connection [6288] Host joined multi-casting on [225.0.0.222:54997]...
Player connection [6288] Host joined alternative multi-casting on [225.0.0.222:34997]...
JobSystem: Creating JobQueue using job-worker-count value 5
[Physics::Module] Initialized fallback backend.
[Physics::Module] Id: 0xdecafbad
Library Redirect Path: Library/
[Physics::Module] Selected backend.
[Physics::Module] Name: PhysX
[Physics::Module] Id: 0xf2b8ea05
[Physics::Module] SDK Version: 4.1.2
[Physics::Module] Integration Version: 1.0.0
[Physics::Module] Threading Mode: Multi-Threaded
Refreshing native plugins compatible for Editor in 3.93 ms, found 3 plugins.
Preloading 0 native plugins for Editor in 0.00 ms.
Initialize engine version: 6000.0.28f1 (f336aca0cab5)
[Subsystems] Discovering subsystems at path C:/Program Files/Unity/Hub/Editor/6000.0.28f1/Editor/Data/Resources/UnitySubsystems
[Subsystems] Discovering subsystems at path C:/Users/asus/RPG/Assets
GfxDevice: creating device client; kGfxThreadingModeNonThreaded
Direct3D:
    Version:  Direct3D 11.0 [level 11.1]
    Renderer: NVIDIA GeForce RTX 3050 Ti Laptop GPU (ID=0x25a0)
    Vendor:   NVIDIA
    VRAM:     3962 MB
    Driver:   32.0.15.6607
Initialize mono
Mono path[0] = 'C:/Program Files/Unity/Hub/Editor/6000.0.28f1/Editor/Data/Managed'
Mono path[1] = 'C:/Program Files/Unity/Hub/Editor/6000.0.28f1/Editor/Data/MonoBleedingEdge/lib/mono/unityjit-win32'
Mono config path = 'C:/Program Files/Unity/Hub/Editor/6000.0.28f1/Editor/Data/MonoBleedingEdge/etc'
Using monoOptions --debugger-agent=transport=dt_socket,embedding=1,server=y,suspend=n,address=127.0.0.1:56456
Begin MonoManager ReloadAssembly
Registering precompiled unity dll's ...
Register platform support module: C:/Program Files/Unity/Hub/Editor/6000.0.28f1/Editor/Data/PlaybackEngines/WebGLSupport/UnityEditor.WebGL.Extensions.dll
Register platform support module: C:/Program Files/Unity/Hub/Editor/6000.0.28f1/Editor/Data/PlaybackEngines/WindowsStandaloneSupport/UnityEditor.WindowsStandalone.Extensions.dll
Registered in 0.004185 seconds.
- Loaded All Assemblies, in  0.408 seconds
Native extension for WindowsStandalone target not found
Native extension for WebGL target not found
Mono: successfully reloaded assembly
- Finished resetting the current domain, in  0.382 seconds
Domain Reload Profiling: 787ms
	BeginReloadAssembly (132ms)
		ExecutionOrderSort (0ms)
		DisableScriptedObjects (0ms)
		BackupInstance (0ms)
		ReleaseScriptingObjects (0ms)
		CreateAndSetChildDomain (1ms)
	RebuildCommonClasses (39ms)
	RebuildNativeTypeToScriptingClass (12ms)
	initialDomainReloadingComplete (53ms)
	LoadAllAssembliesAndSetupDomain (170ms)
		LoadAssemblies (129ms)
		RebuildTransferFunctionScriptingTraits (0ms)
		AnalyzeDomain (167ms)
			TypeCache.Refresh (166ms)
				TypeCache.ScanAssembly (152ms)
			BuildScriptInfoCaches (0ms)
			ResolveRequiredComponents (1ms)
	FinalizeReload (382ms)
		ReleaseScriptCaches (0ms)
		RebuildScriptCaches (0ms)
		SetupLoadedEditorAssemblies (332ms)
			LogAssemblyErrors (0ms)
			InitializePlatformSupportModulesInManaged (29ms)
			SetLoadedEditorAssemblies (6ms)
			BeforeProcessingInitializeOnLoad (7ms)
			ProcessInitializeOnLoadAttributes (218ms)
			ProcessInitializeOnLoadMethodAttributes (69ms)
			AfterProcessingInitializeOnLoad (3ms)
			EditorAssembliesLoaded (0ms)
		ExecutionOrderSort2 (0ms)
		AwakeInstancesAfterBackupRestoration (0ms)
========================================================================
Worker process is ready to serve import requests
Import Worker Mode flag is 0x00
Begin MonoManager ReloadAssembly
- Loaded All Assemblies, in  1.656 seconds
Refreshing native plugins compatible for Editor in 1.03 ms, found 3 plugins.
Native extension for WindowsStandalone target not found
Native extension for WebGL target not found
Mono: successfully reloaded assembly
- Finished resetting the current domain, in  0.966 seconds
Domain Reload Profiling: 2617ms
	BeginReloadAssembly (970ms)
		ExecutionOrderSort (0ms)
		DisableScriptedObjects (6ms)
		BackupInstance (0ms)
		ReleaseScriptingObjects (0ms)
		CreateAndSetChildDomain (35ms)
	RebuildCommonClasses (43ms)
	RebuildNativeTypeToScriptingClass (11ms)
	initialDomainReloadingComplete (47ms)
	LoadAllAssembliesAndSetupDomain (580ms)
		LoadAssemblies (436ms)
		RebuildTransferFunctionScriptingTraits (0ms)
		AnalyzeDomain (258ms)
			TypeCache.Refresh (191ms)
				TypeCache.ScanAssembly (171ms)
			BuildScriptInfoCaches (53ms)
			ResolveRequiredComponents (11ms)
	FinalizeReload (966ms)
		ReleaseScriptCaches (0ms)
		RebuildScriptCaches (0ms)
		SetupLoadedEditorAssemblies (656ms)
			LogAssemblyErrors (0ms)
			InitializePlatformSupportModulesInManaged (3ms)
			SetLoadedEditorAssemblies (5ms)
			BeforeProcessingInitializeOnLoad (73ms)
			ProcessInitializeOnLoadAttributes (477ms)
			ProcessInitializeOnLoadMethodAttributes (88ms)
			AfterProcessingInitializeOnLoad (10ms)
			EditorAssembliesLoaded (0ms)
		ExecutionOrderSort2 (0ms)
		AwakeInstancesAfterBackupRestoration (7ms)
Launched and connected shader compiler UnityShaderCompiler.exe after 0.01 seconds
Refreshing native plugins compatible for Editor in 1.33 ms, found 3 plugins.
Preloading 0 native plugins for Editor in 0.00 ms.
Unloading 198 Unused Serialized files (Serialized files now loaded: 0)
Unloading 5932 unused Assets / (4.5 MB). Loaded Objects now: 6699.
Memory consumption went from 182.0 MB to 177.5 MB.
Total: 13.012200 ms (FindLiveObjects: 0.786900 ms CreateObjectMapping: 0.793100 ms MarkObjects: 7.466600 ms  DeleteObjects: 3.964000 ms)

========================================================================
Received Import Request.
  Time since last request: 174171.839096 seconds.
  path: Assets/New Terrain.asset
  artifactKey: Guid(03142a9fd0e678045bfec507ae2e15db) Importer(815301076,1909f56bfc062723c751e8b465ee728b)
Start importing Assets/New Terrain.asset using Guid(03142a9fd0e678045bfec507ae2e15db) Importer(815301076,1909f56bfc062723c751e8b465ee728b) (PreviewImporter) -> (artifact id: '4e5cca47450192251b02f2a4639bd841') in 0.0341085 seconds
Number of updated asset objects reloaded before import = 0Number of asset objects unloaded after import = 1

========================================================================
Received Import Request.
  Time since last request: 0.000035 seconds.
  path: Assets/Readme.asset
  artifactKey: Guid(8105016687592461f977c054a80ce2f2) Importer(815301076,1909f56bfc062723c751e8b465ee728b)
Start importing Assets/Readme.asset using Guid(8105016687592461f977c054a80ce2f2) Importer(815301076,1909f56bfc062723c751e8b465ee728b) (PreviewImporter) -> (artifact id: '50ea5ad2cda8720781b90d71f311d8d1') in 0.0053169 seconds
Number of updated asset objects reloaded before import = 0Number of asset objects unloaded after import = 2

========================================================================
Received Import Request.
  Time since last request: 0.000019 seconds.
  path: Assets/TerrainData_4945d455-5eef-40a0-8871-503e3bd4e25a.asset
  artifactKey: Guid(fede41b7f90417744bae1de3f05f1a74) Importer(815301076,1909f56bfc062723c751e8b465ee728b)
Start importing Assets/TerrainData_4945d455-5eef-40a0-8871-503e3bd4e25a.asset using Guid(fede41b7f90417744bae1de3f05f1a74) Importer(815301076,1909f56bfc062723c751e8b465ee728b) (PreviewImporter) -> (artifact id: 'ed6e0d3d8cc8d7bf4666b8bdde413677') in 0.0061047 seconds
Number of updated asset objects reloaded before import = 0Number of asset objects unloaded after import = 1

========================================================================
Received Import Request.
  Time since last request: 2.042398 seconds.
  path: Assets/Maze/Models/Floor_1M.fbx
  artifactKey: Guid(b32cdfb827fef7743b387707c1f5bc8b) Importer(815301076,1909f56bfc062723c751e8b465ee728b)
Start importing Assets/Maze/Models/Floor_1M.fbx using Guid(b32cdfb827fef7743b387707c1f5bc8b) Importer(815301076,1909f56bfc062723c751e8b465ee728b) (PreviewImporter) -> (artifact id: 'bb97927cd191e04d7d3eb61340e7e484') in 5.8792622 seconds
Number of updated asset objects reloaded before import = 0Number of asset objects unloaded after import = 7

========================================================================
Received Import Request.
  Time since last request: 0.000107 seconds.
  path: Assets/Maze/Models/Tree_1_V1.fbx
  artifactKey: Guid(45980b402f3573542bc6c1435299df62) Importer(815301076,1909f56bfc062723c751e8b465ee728b)
Start importing Assets/Maze/Models/Tree_1_V1.fbx using Guid(45980b402f3573542bc6c1435299df62) Importer(815301076,1909f56bfc062723c751e8b465ee728b) (PreviewImporter) -> (artifact id: '057c79937114c72584fb6385f3cf3795') in 0.0308478 seconds
Number of updated asset objects reloaded before import = 0Number of asset objects unloaded after import = 7

========================================================================
Received Import Request.
  Time since last request: 0.000059 seconds.
  path: Assets/Maze/Models/Floor_2M.fbx
  artifactKey: Guid(b60e5da05f0583e4188ab1c2c3d9689a) Importer(815301076,1909f56bfc062723c751e8b465ee728b)
Start importing Assets/Maze/Models/Floor_2M.fbx using Guid(b60e5da05f0583e4188ab1c2c3d9689a) Importer(815301076,1909f56bfc062723c751e8b465ee728b) (PreviewImporter) -> (artifact id: 'c2a35cf2c9af03cad0218a3de0631e3e') in 0.027851 seconds
Number of updated asset objects reloaded before import = 0Number of asset objects unloaded after import = 7

========================================================================
Received Import Request.
  Time since last request: 0.000042 seconds.
  path: Assets/Maze/Models/Gap_M.fbx
  artifactKey: Guid(0b660c0cd3f80db40a53d84ce2b00388) Importer(815301076,1909f56bfc062723c751e8b465ee728b)
Start importing Assets/Maze/Models/Gap_M.fbx using Guid(0b660c0cd3f80db40a53d84ce2b00388) Importer(815301076,1909f56bfc062723c751e8b465ee728b) (PreviewImporter) -> (artifact id: '6103049994d281e2c01058c199b39125') in 0.0282403 seconds
Number of updated asset objects reloaded before import = 0Number of asset objects unloaded after import = 7

========================================================================
Received Import Request.
  Time since last request: 0.000029 seconds.
  path: Assets/Maze/Prefabs/Tree_2_V2.prefab
  artifactKey: Guid(c962f204ebe1284408382b56980e220d) Importer(815301076,1909f56bfc062723c751e8b465ee728b)
Start importing Assets/Maze/Prefabs/Tree_2_V2.prefab using Guid(c962f204ebe1284408382b56980e220d) Importer(815301076,1909f56bfc062723c751e8b465ee728b) (PreviewImporter) -> (artifact id: 'a53cb5db1e659932b034bc59348573b6') in 5.8377127 seconds
Number of updated asset objects reloaded before import = 0Number of asset objects unloaded after import = 17

========================================================================
Received Import Request.
  Time since last request: 0.000054 seconds.
  path: Assets/Maze/Models/Wall_3M.fbx
  artifactKey: Guid(453d762048f90974c8a7164f9efc863e) Importer(815301076,1909f56bfc062723c751e8b465ee728b)
Start importing Assets/Maze/Models/Wall_3M.fbx using Guid(453d762048f90974c8a7164f9efc863e) Importer(815301076,1909f56bfc062723c751e8b465ee728b) (PreviewImporter) -> (artifact id: '49325871a3affe71e7cf36e3875ea8f6') in 0.0221702 seconds
Number of updated asset objects reloaded before import = 0Number of asset objects unloaded after import = 7

========================================================================
Received Import Request.
  Time since last request: 0.000100 seconds.
  path: Assets/Maze/Models/Pillar.fbx
  artifactKey: Guid(74d8ce1b968c674498d4edd34de9334c) Importer(815301076,1909f56bfc062723c751e8b465ee728b)
Start importing Assets/Maze/Models/Pillar.fbx using Guid(74d8ce1b968c674498d4edd34de9334c) Importer(815301076,1909f56bfc062723c751e8b465ee728b) (PreviewImporter) -> (artifact id: 'b5a2dd709a7e9c6f2673aa68eed989f5') in 0.0245287 seconds
Number of updated asset objects reloaded before import = 0Number of asset objects unloaded after import = 7

========================================================================
Received Import Request.
  Time since last request: 0.000074 seconds.
  path: Assets/Maze/Models/Switch.fbx
  artifactKey: Guid(db1a69f26ddbf7c48a79d80538a8d820) Importer(815301076,1909f56bfc062723c751e8b465ee728b)
Start importing Assets/Maze/Models/Switch.fbx using Guid(db1a69f26ddbf7c48a79d80538a8d820) Importer(815301076,1909f56bfc062723c751e8b465ee728b) (PreviewImporter) -> (artifact id: '8b465ac4a263bd280e55dda0d1b37b52') in 0.0372298 seconds
Number of updated asset objects reloaded before import = 0Number of asset objects unloaded after import = 12

========================================================================
Received Import Request.
  Time since last request: 0.000032 seconds.
  path: Assets/Maze/Models/Tree_3_V2.fbx
  artifactKey: Guid(bb8ad0eac87b9574da5a7d165f0b7013) Importer(815301076,1909f56bfc062723c751e8b465ee728b)
Start importing Assets/Maze/Models/Tree_3_V2.fbx using Guid(bb8ad0eac87b9574da5a7d165f0b7013) Importer(815301076,1909f56bfc062723c751e8b465ee728b) (PreviewImporter) -> (artifact id: 'b040d7f72a3e34f2c626564e00924296') in 0.0273862 seconds
Number of updated asset objects reloaded before import = 0Number of asset objects unloaded after import = 7

========================================================================
Received Import Request.
  Time since last request: 0.000036 seconds.
  path: Assets/Maze/Models/Wall_2M.fbx
  artifactKey: Guid(d0f5b46e8c000fa49b6b21e4220303a2) Importer(815301076,1909f56bfc062723c751e8b465ee728b)
Start importing Assets/Maze/Models/Wall_2M.fbx using Guid(d0f5b46e8c000fa49b6b21e4220303a2) Importer(815301076,1909f56bfc062723c751e8b465ee728b) (PreviewImporter) -> (artifact id: '556aaa9f7022ffd37964ac758a5a09e6') in 0.022598 seconds
Number of updated asset objects reloaded before import = 0Number of asset objects unloaded after import = 7

========================================================================
Received Import Request.
  Time since last request: 0.000037 seconds.
  path: Assets/Maze/Models/Tree_4_V2.fbx
  artifactKey: Guid(269c43f79e5e35b4db7fb752fa445920) Importer(815301076,1909f56bfc062723c751e8b465ee728b)
Start importing Assets/Maze/Models/Tree_4_V2.fbx using Guid(269c43f79e5e35b4db7fb752fa445920) Importer(815301076,1909f56bfc062723c751e8b465ee728b) (PreviewImporter) -> (artifact id: '8d74052d9c70ef4e6249aca3c42b3291') in 0.0242367 seconds
Number of updated asset objects reloaded before import = 0Number of asset objects unloaded after import = 7

========================================================================
Received Import Request.
  Time since last request: 0.000052 seconds.
  path: Assets/Maze/Prefabs/Switch.prefab
  artifactKey: Guid(0aa37b6666ba4d642921aa823a3add65) Importer(815301076,1909f56bfc062723c751e8b465ee728b)
Start importing Assets/Maze/Prefabs/Switch.prefab using Guid(0aa37b6666ba4d642921aa823a3add65) Importer(815301076,1909f56bfc062723c751e8b465ee728b) (PreviewImporter) -> (artifact id: '9458dcc8b565aadd5858e20347ea870e') in 0.0236702 seconds
Number of updated asset objects reloaded before import = 0Number of asset objects unloaded after import = 21

========================================================================
Received Import Request.
  Time since last request: 0.000028 seconds.
  path: Assets/Maze/Prefabs/Gap.prefab
  artifactKey: Guid(5a1b1bec0f03d1348a3ae23ffaecb6a2) Importer(815301076,1909f56bfc062723c751e8b465ee728b)
Start importing Assets/Maze/Prefabs/Gap.prefab using Guid(5a1b1bec0f03d1348a3ae23ffaecb6a2) Importer(815301076,1909f56bfc062723c751e8b465ee728b) (PreviewImporter) -> (artifact id: 'c16e9d66d00beb9ef1610b4e871d6413') in 0.0253608 seconds
Number of updated asset objects reloaded before import = 0Number of asset objects unloaded after import = 21

========================================================================
Received Import Request.
  Time since last request: 0.000028 seconds.
  path: Assets/Maze/Prefabs/Gap_R.prefab
  artifactKey: Guid(89f2704a0d99c1044a579806fb64f2a3) Importer(815301076,1909f56bfc062723c751e8b465ee728b)
Start importing Assets/Maze/Prefabs/Gap_R.prefab using Guid(89f2704a0d99c1044a579806fb64f2a3) Importer(815301076,1909f56bfc062723c751e8b465ee728b) (PreviewImporter) -> (artifact id: '9762152518e2002f7d66f05b1d18e28a') in 0.0339322 seconds
Number of updated asset objects reloaded before import = 0Number of asset objects unloaded after import = 20

========================================================================
Received Import Request.
  Time since last request: 0.000036 seconds.
  path: Assets/Maze/Materials/Textures/ImphenziaPixPal_Emission.png
  artifactKey: Guid(cd18bb2855b19c14bb33ab3b64d00890) Importer(815301076,1909f56bfc062723c751e8b465ee728b)
Start importing Assets/Maze/Materials/Textures/ImphenziaPixPal_Emission.png using Guid(cd18bb2855b19c14bb33ab3b64d00890) Importer(815301076,1909f56bfc062723c751e8b465ee728b) (PreviewImporter) -> (artifact id: '93d76516e0a5ac9a41540d63691e3147') in 0.0305552 seconds
Number of updated asset objects reloaded before import = 0Number of asset objects unloaded after import = 2

========================================================================
Received Import Request.
  Time since last request: 0.000041 seconds.
  path: Assets/Maze/Prefabs/Tree_3_V1.prefab
  artifactKey: Guid(73f70af9d9a62974c825d662f67408cd) Importer(815301076,1909f56bfc062723c751e8b465ee728b)
Start importing Assets/Maze/Prefabs/Tree_3_V1.prefab using Guid(73f70af9d9a62974c825d662f67408cd) Importer(815301076,1909f56bfc062723c751e8b465ee728b) (PreviewImporter) -> (artifact id: '52507edf6ddfb9f206104a8049fbcb2e') in 0.0289154 seconds
Number of updated asset objects reloaded before import = 0Number of asset objects unloaded after import = 17

========================================================================
Received Import Request.
  Time since last request: 0.000046 seconds.
  path: Assets/Maze/Prefabs/Tree_4_V2.prefab
  artifactKey: Guid(e213e39257a3b0e4492e17f9fe253453) Importer(815301076,1909f56bfc062723c751e8b465ee728b)
Start importing Assets/Maze/Prefabs/Tree_4_V2.prefab using Guid(e213e39257a3b0e4492e17f9fe253453) Importer(815301076,1909f56bfc062723c751e8b465ee728b) (PreviewImporter) -> (artifact id: '2ea36d400ad2015e548408885b77aa51') in 0.0248698 seconds
Number of updated asset objects reloaded before import = 0Number of asset objects unloaded after import = 17

========================================================================
Received Import Request.
  Time since last request: 0.000053 seconds.
  path: Assets/Maze/Prefabs/Wall_3M.prefab
  artifactKey: Guid(54d08ba60661ea943a645c9fdbb4d353) Importer(815301076,1909f56bfc062723c751e8b465ee728b)
Start importing Assets/Maze/Prefabs/Wall_3M.prefab using Guid(54d08ba60661ea943a645c9fdbb4d353) Importer(815301076,1909f56bfc062723c751e8b465ee728b) (PreviewImporter) -> (artifact id: '29b1748bef50a8152fe74b5b8bec49ac') in 0.0265273 seconds
Number of updated asset objects reloaded before import = 0Number of asset objects unloaded after import = 17

========================================================================
Received Import Request.
  Time since last request: 0.000028 seconds.
  path: Assets/Maze/Prefabs/Tree_3_V2.prefab
  artifactKey: Guid(c617f1716d4fb6f4babd33e9d45ec7a2) Importer(815301076,1909f56bfc062723c751e8b465ee728b)
Start importing Assets/Maze/Prefabs/Tree_3_V2.prefab using Guid(c617f1716d4fb6f4babd33e9d45ec7a2) Importer(815301076,1909f56bfc062723c751e8b465ee728b) (PreviewImporter) -> (artifact id: '1831b2016dd94e751a889f3e7ee06cbf') in 0.0470136 seconds
Number of updated asset objects reloaded before import = 0Number of asset objects unloaded after import = 17

Editor requested this worker to shutdown with reason: Scaling down because of idle timeout
AssetImportWorker is now disconnected from the server
Process exiting
Exiting without the bug reporter. Application will terminate with return code 0