Using pre-set license
Built from '6000.0/staging' branch; Version is '6000.0.28f1 (f336aca0cab5) revision 15939244'; Using compiler version '193933523'; Build Type 'Release'
OS: 'Windows 11  (10.0.26100) 64bit CoreSingleLanguage' Language: 'th' Physical Memory: 16105 MB
BatchMode: 1, IsHumanControllingUs: 0, StartBugReporterOnCrash: 0, Is64bit: 1, IsPro: 1

COMMAND LINE ARGUMENTS:
C:\Program Files\Unity\Hub\Editor\6000.0.28f1\Editor\Unity.exe
-adb2
-batchMode
-noUpm
-name
AssetImportWorker13
-projectPath
C:/Users/asus/RPG
-logFile
Logs/AssetImportWorker13.log
-srvPort
13025
-job-worker-count
5
-background-job-worker-count
8
-asset-garbage-collectors
1
Successfully changed project path to: C:/Users/asus/RPG
C:/Users/asus/RPG
[UnityMemory] Configuration Parameters - Can be set up in boot.config
    "memorysetup-bucket-allocator-granularity=16"
    "memorysetup-bucket-allocator-bucket-count=8"
    "memorysetup-bucket-allocator-block-size=33554432"
    "memorysetup-bucket-allocator-block-count=8"
    "memorysetup-main-allocator-block-size=16777216"
    "memorysetup-thread-allocator-block-size=16777216"
    "memorysetup-gfx-main-allocator-block-size=16777216"
    "memorysetup-gfx-thread-allocator-block-size=16777216"
    "memorysetup-cache-allocator-block-size=4194304"
    "memorysetup-typetree-allocator-block-size=2097152"
    "memorysetup-profiler-bucket-allocator-granularity=16"
    "memorysetup-profiler-bucket-allocator-bucket-count=8"
    "memorysetup-profiler-bucket-allocator-block-size=33554432"
    "memorysetup-profiler-bucket-allocator-block-count=8"
    "memorysetup-profiler-allocator-block-size=16777216"
    "memorysetup-profiler-editor-allocator-block-size=1048576"
    "memorysetup-temp-allocator-size-main=16777216"
    "memorysetup-job-temp-allocator-block-size=2097152"
    "memorysetup-job-temp-allocator-block-size-background=1048576"
    "memorysetup-job-temp-allocator-reduction-small-platforms=262144"
    "memorysetup-allocator-temp-initial-block-size-main=262144"
    "memorysetup-allocator-temp-initial-block-size-worker=262144"
    "memorysetup-temp-allocator-size-background-worker=32768"
    "memorysetup-temp-allocator-size-job-worker=262144"
    "memorysetup-temp-allocator-size-preload-manager=33554432"
    "memorysetup-temp-allocator-size-nav-mesh-worker=65536"
    "memorysetup-temp-allocator-size-audio-worker=65536"
    "memorysetup-temp-allocator-size-cloud-worker=32768"
    "memorysetup-temp-allocator-size-gi-baking-worker=262144"
    "memorysetup-temp-allocator-size-gi-baking-worker=262144"
    "memorysetup-temp-allocator-size-gi-baking-worker=262144"
    "memorysetup-temp-allocator-size-gi-baking-worker=262144"
    "memorysetup-temp-allocator-size-gi-baking-worker=262144"
    "memorysetup-temp-allocator-size-gfx=262144"
Player connection [13164]  Target information:

Player connection [13164] Host joined multi-casting on [225.0.0.222:54997]...
Player connection [13164] Host joined alternative multi-casting on [225.0.0.222:34997]...
JobSystem: Creating JobQueue using job-worker-count value 5
[Physics::Module] Initialized fallback backend.
[Physics::Module] Id: 0xdecafbad
Library Redirect Path: Library/
[Physics::Module] Selected backend.
[Physics::Module] Name: PhysX
[Physics::Module] Id: 0xf2b8ea05
[Physics::Module] SDK Version: 4.1.2
[Physics::Module] Integration Version: 1.0.0
[Physics::Module] Threading Mode: Multi-Threaded
Refreshing native plugins compatible for Editor in 2.10 ms, found 3 plugins.
Preloading 0 native plugins for Editor in 0.00 ms.
Initialize engine version: 6000.0.28f1 (f336aca0cab5)
[Subsystems] Discovering subsystems at path C:/Program Files/Unity/Hub/Editor/6000.0.28f1/Editor/Data/Resources/UnitySubsystems
[Subsystems] Discovering subsystems at path C:/Users/asus/RPG/Assets
GfxDevice: creating device client; kGfxThreadingModeNonThreaded
Direct3D:
    Version:  Direct3D 11.0 [level 11.1]
    Renderer: NVIDIA GeForce RTX 3050 Ti Laptop GPU (ID=0x25a0)
    Vendor:   NVIDIA
    VRAM:     3962 MB
    Driver:   32.0.15.6607
Initialize mono
Mono path[0] = 'C:/Program Files/Unity/Hub/Editor/6000.0.28f1/Editor/Data/Managed'
Mono path[1] = 'C:/Program Files/Unity/Hub/Editor/6000.0.28f1/Editor/Data/MonoBleedingEdge/lib/mono/unityjit-win32'
Mono config path = 'C:/Program Files/Unity/Hub/Editor/6000.0.28f1/Editor/Data/MonoBleedingEdge/etc'
Using monoOptions --debugger-agent=transport=dt_socket,embedding=1,server=y,suspend=n,address=127.0.0.1:56436
Begin MonoManager ReloadAssembly
Registering precompiled unity dll's ...
Register platform support module: C:/Program Files/Unity/Hub/Editor/6000.0.28f1/Editor/Data/PlaybackEngines/WebGLSupport/UnityEditor.WebGL.Extensions.dll
Register platform support module: C:/Program Files/Unity/Hub/Editor/6000.0.28f1/Editor/Data/PlaybackEngines/WindowsStandaloneSupport/UnityEditor.WindowsStandalone.Extensions.dll
Registered in 0.005888 seconds.
- Loaded All Assemblies, in  0.600 seconds
Native extension for WindowsStandalone target not found
Native extension for WebGL target not found
Mono: successfully reloaded assembly
- Finished resetting the current domain, in  0.390 seconds
Domain Reload Profiling: 987ms
	BeginReloadAssembly (190ms)
		ExecutionOrderSort (0ms)
		DisableScriptedObjects (0ms)
		BackupInstance (0ms)
		ReleaseScriptingObjects (0ms)
		CreateAndSetChildDomain (1ms)
	RebuildCommonClasses (51ms)
	RebuildNativeTypeToScriptingClass (15ms)
	initialDomainReloadingComplete (71ms)
	LoadAllAssembliesAndSetupDomain (269ms)
		LoadAssemblies (187ms)
		RebuildTransferFunctionScriptingTraits (0ms)
		AnalyzeDomain (266ms)
			TypeCache.Refresh (263ms)
				TypeCache.ScanAssembly (244ms)
			BuildScriptInfoCaches (0ms)
			ResolveRequiredComponents (1ms)
	FinalizeReload (391ms)
		ReleaseScriptCaches (0ms)
		RebuildScriptCaches (0ms)
		SetupLoadedEditorAssemblies (331ms)
			LogAssemblyErrors (0ms)
			InitializePlatformSupportModulesInManaged (34ms)
			SetLoadedEditorAssemblies (5ms)
			BeforeProcessingInitializeOnLoad (6ms)
			ProcessInitializeOnLoadAttributes (211ms)
			ProcessInitializeOnLoadMethodAttributes (73ms)
			AfterProcessingInitializeOnLoad (3ms)
			EditorAssembliesLoaded (0ms)
		ExecutionOrderSort2 (0ms)
		AwakeInstancesAfterBackupRestoration (0ms)
========================================================================
Worker process is ready to serve import requests
Import Worker Mode flag is 0x00
Begin MonoManager ReloadAssembly
- Loaded All Assemblies, in  1.655 seconds
Refreshing native plugins compatible for Editor in 1.17 ms, found 3 plugins.
Native extension for WindowsStandalone target not found
Native extension for WebGL target not found
Mono: successfully reloaded assembly
- Finished resetting the current domain, in  0.868 seconds
Domain Reload Profiling: 2520ms
	BeginReloadAssembly (1056ms)
		ExecutionOrderSort (0ms)
		DisableScriptedObjects (9ms)
		BackupInstance (0ms)
		ReleaseScriptingObjects (0ms)
		CreateAndSetChildDomain (39ms)
	RebuildCommonClasses (39ms)
	RebuildNativeTypeToScriptingClass (12ms)
	initialDomainReloadingComplete (44ms)
	LoadAllAssembliesAndSetupDomain (501ms)
		LoadAssemblies (339ms)
		RebuildTransferFunctionScriptingTraits (0ms)
		AnalyzeDomain (267ms)
			TypeCache.Refresh (198ms)
				TypeCache.ScanAssembly (175ms)
			BuildScriptInfoCaches (55ms)
			ResolveRequiredComponents (11ms)
	FinalizeReload (869ms)
		ReleaseScriptCaches (0ms)
		RebuildScriptCaches (0ms)
		SetupLoadedEditorAssemblies (585ms)
			LogAssemblyErrors (0ms)
			InitializePlatformSupportModulesInManaged (3ms)
			SetLoadedEditorAssemblies (5ms)
			BeforeProcessingInitializeOnLoad (60ms)
			ProcessInitializeOnLoadAttributes (438ms)
			ProcessInitializeOnLoadMethodAttributes (70ms)
			AfterProcessingInitializeOnLoad (8ms)
			EditorAssembliesLoaded (0ms)
		ExecutionOrderSort2 (0ms)
		AwakeInstancesAfterBackupRestoration (8ms)
Launched and connected shader compiler UnityShaderCompiler.exe after 0.02 seconds
Refreshing native plugins compatible for Editor in 1.07 ms, found 3 plugins.
Preloading 0 native plugins for Editor in 0.00 ms.
Unloading 216 Unused Serialized files (Serialized files now loaded: 0)
Unloading 5973 unused Assets / (4.0 MB). Loaded Objects now: 6762.
Memory consumption went from 189.7 MB to 185.7 MB.
Total: 9.756000 ms (FindLiveObjects: 0.762300 ms CreateObjectMapping: 1.285800 ms MarkObjects: 5.242800 ms  DeleteObjects: 2.463500 ms)

========================================================================
Received Import Request.
  Time since last request: 202220.511658 seconds.
  path: Assets/Dungeon/Build-In/Prefabs/Environment/Column/NGF_Env_Column_03.prefab
  artifactKey: Guid(60493292160683342938c49686536c32) Importer(815301076,1909f56bfc062723c751e8b465ee728b)
Start importing Assets/Dungeon/Build-In/Prefabs/Environment/Column/NGF_Env_Column_03.prefab using Guid(60493292160683342938c49686536c32) Importer(815301076,1909f56bfc062723c751e8b465ee728b) (PreviewImporter) -> (artifact id: '2a17b71dfabf75c94649d4021f93fd26') in 0.493882 seconds
Number of updated asset objects reloaded before import = 0Number of asset objects unloaded after import = 10

========================================================================
Received Import Request.
  Time since last request: 16.332697 seconds.
  path: Assets/Dungeon/Models/CollisionConvex/NGF_Chest_02_Collision.fbx
  artifactKey: Guid(d125abe2a1f8f0440968d6b08660dd5e) Importer(815301076,1909f56bfc062723c751e8b465ee728b)
Start importing Assets/Dungeon/Models/CollisionConvex/NGF_Chest_02_Collision.fbx using Guid(d125abe2a1f8f0440968d6b08660dd5e) Importer(815301076,1909f56bfc062723c751e8b465ee728b) (PreviewImporter) -> (artifact id: 'c333e242518bd55a26cc0a35afbab040') in 0.046598 seconds
Number of updated asset objects reloaded before import = 0Number of asset objects unloaded after import = 7

========================================================================
Received Import Request.
  Time since last request: 0.000042 seconds.
  path: Assets/Dungeon/Models/CollisionConvex/NGF_Env_Floor_dust_Collision_02.fbx
  artifactKey: Guid(bc658f68ccc7e7f4c9233c1caa1f11dd) Importer(815301076,1909f56bfc062723c751e8b465ee728b)
Start importing Assets/Dungeon/Models/CollisionConvex/NGF_Env_Floor_dust_Collision_02.fbx using Guid(bc658f68ccc7e7f4c9233c1caa1f11dd) Importer(815301076,1909f56bfc062723c751e8b465ee728b) (PreviewImporter) -> (artifact id: 'f15c29d39696d58aa4fb87d835fc2c41') in 0.0211878 seconds
Number of updated asset objects reloaded before import = 0Number of asset objects unloaded after import = 7

========================================================================
Received Import Request.
  Time since last request: 0.000029 seconds.
  path: Assets/Dungeon/Models/CollisionConvex/NGF_Env_Stairs_01_Collision.fbx
  artifactKey: Guid(d0e49cb11ded67f48916846e6ff3aae9) Importer(815301076,1909f56bfc062723c751e8b465ee728b)
Start importing Assets/Dungeon/Models/CollisionConvex/NGF_Env_Stairs_01_Collision.fbx using Guid(d0e49cb11ded67f48916846e6ff3aae9) Importer(815301076,1909f56bfc062723c751e8b465ee728b) (PreviewImporter) -> (artifact id: '68cb8f6f1b741db2ab84a22e89446bf6') in 0.0230278 seconds
Number of updated asset objects reloaded before import = 0Number of asset objects unloaded after import = 7

========================================================================
Received Import Request.
  Time since last request: 0.000036 seconds.
  path: Assets/Dungeon/Models/CollisionConvex/NGF_Env_Stairs_half_02_Collision.fbx
  artifactKey: Guid(d1938b1c667d4634fb8f858a67b98614) Importer(815301076,1909f56bfc062723c751e8b465ee728b)
Start importing Assets/Dungeon/Models/CollisionConvex/NGF_Env_Stairs_half_02_Collision.fbx using Guid(d1938b1c667d4634fb8f858a67b98614) Importer(815301076,1909f56bfc062723c751e8b465ee728b) (PreviewImporter) -> (artifact id: 'fa45aa450ec3f85f55175bb68b5760e9') in 0.0317336 seconds
Number of updated asset objects reloaded before import = 0Number of asset objects unloaded after import = 7

========================================================================
Received Import Request.
  Time since last request: 0.000059 seconds.
  path: Assets/Dungeon/Models/CollisionConvex/NGF_Env_Wooden_doorway_Collision.fbx
  artifactKey: Guid(75da865c8ec5be947aab7eda68810f0e) Importer(815301076,1909f56bfc062723c751e8b465ee728b)
Start importing Assets/Dungeon/Models/CollisionConvex/NGF_Env_Wooden_doorway_Collision.fbx using Guid(75da865c8ec5be947aab7eda68810f0e) Importer(815301076,1909f56bfc062723c751e8b465ee728b) (PreviewImporter) -> (artifact id: '6c4b0083f2e8672c1246cdf761da4cb5') in 0.0221366 seconds
Number of updated asset objects reloaded before import = 0Number of asset objects unloaded after import = 7

========================================================================
Received Import Request.
  Time since last request: 0.000172 seconds.
  path: Assets/Dungeon/Models/CollisionConvex/NGF_Env_Floor_dust_Collision_09.fbx
  artifactKey: Guid(385e5c2b97b2d5b4fb89060ce09221be) Importer(815301076,1909f56bfc062723c751e8b465ee728b)
Start importing Assets/Dungeon/Models/CollisionConvex/NGF_Env_Floor_dust_Collision_09.fbx using Guid(385e5c2b97b2d5b4fb89060ce09221be) Importer(815301076,1909f56bfc062723c751e8b465ee728b) (PreviewImporter) -> (artifact id: 'a839711bbd14df2d9cb60f86219b0b76') in 0.0218939 seconds
Number of updated asset objects reloaded before import = 0Number of asset objects unloaded after import = 7

========================================================================
Received Import Request.
  Time since last request: 0.000023 seconds.
  path: Assets/Dungeon/Models/CollisionConvex/NGF_Env_Stone_doorway_Collision.fbx
  artifactKey: Guid(43bfa79e9fa8fc940899efc973054f56) Importer(815301076,1909f56bfc062723c751e8b465ee728b)
Start importing Assets/Dungeon/Models/CollisionConvex/NGF_Env_Stone_doorway_Collision.fbx using Guid(43bfa79e9fa8fc940899efc973054f56) Importer(815301076,1909f56bfc062723c751e8b465ee728b) (PreviewImporter) -> (artifact id: '02d758ef402e5e275ef36b33ea33f209') in 0.0229621 seconds
Number of updated asset objects reloaded before import = 0Number of asset objects unloaded after import = 7

========================================================================
Received Import Request.
  Time since last request: 0.000039 seconds.
  path: Assets/Dungeon/Models/CollisionConvex/NGF_Env_Stairs_half_01_Collision.fbx
  artifactKey: Guid(4db64dcd8e039454d8dae6a2db5be4a3) Importer(815301076,1909f56bfc062723c751e8b465ee728b)
Start importing Assets/Dungeon/Models/CollisionConvex/NGF_Env_Stairs_half_01_Collision.fbx using Guid(4db64dcd8e039454d8dae6a2db5be4a3) Importer(815301076,1909f56bfc062723c751e8b465ee728b) (PreviewImporter) -> (artifact id: '169b7c1dd2fa0210d97f571b3865d179') in 0.0208852 seconds
Number of updated asset objects reloaded before import = 0Number of asset objects unloaded after import = 7

========================================================================
Received Import Request.
  Time since last request: 3.303781 seconds.
  path: Assets/Dungeon/Models/NGF_Env_Brick_crack_20.fbx
  artifactKey: Guid(a6bd102d8f6bed5478428d1637917582) Importer(815301076,1909f56bfc062723c751e8b465ee728b)
Start importing Assets/Dungeon/Models/NGF_Env_Brick_crack_20.fbx using Guid(a6bd102d8f6bed5478428d1637917582) Importer(815301076,1909f56bfc062723c751e8b465ee728b) (PreviewImporter) -> (artifact id: '5d7deb8f4782b60e315237c72afe680e') in 0.0194049 seconds
Number of updated asset objects reloaded before import = 0Number of asset objects unloaded after import = 7

========================================================================
Received Import Request.
  Time since last request: 0.000028 seconds.
  path: Assets/Dungeon/Models/NGF_Env_Brick_small_03.fbx
  artifactKey: Guid(8f15e5cd305c2bb41a5eb68d7d14633b) Importer(815301076,1909f56bfc062723c751e8b465ee728b)
Start importing Assets/Dungeon/Models/NGF_Env_Brick_small_03.fbx using Guid(8f15e5cd305c2bb41a5eb68d7d14633b) Importer(815301076,1909f56bfc062723c751e8b465ee728b) (PreviewImporter) -> (artifact id: 'b1a768ed90aff19a804f5ff0c6455ee7') in 0.027695 seconds
Number of updated asset objects reloaded before import = 0Number of asset objects unloaded after import = 7

========================================================================
Received Import Request.
  Time since last request: 0.000026 seconds.
  path: Assets/Dungeon/Models/NGF_Env_Brick_small_07.fbx
  artifactKey: Guid(07d6bc0fed599064b82f23ef1e7b9fdd) Importer(815301076,1909f56bfc062723c751e8b465ee728b)
Start importing Assets/Dungeon/Models/NGF_Env_Brick_small_07.fbx using Guid(07d6bc0fed599064b82f23ef1e7b9fdd) Importer(815301076,1909f56bfc062723c751e8b465ee728b) (PreviewImporter) -> (artifact id: '54d4c8b32d6dfaab342c311402e0a66c') in 0.0202468 seconds
Number of updated asset objects reloaded before import = 0Number of asset objects unloaded after import = 7

========================================================================
Received Import Request.
  Time since last request: 0.000026 seconds.
  path: Assets/Dungeon/Models/NGF_Env_Broken_floor_02.fbx
  artifactKey: Guid(78c47c167e45de94a95ecf9a14f7f239) Importer(815301076,1909f56bfc062723c751e8b465ee728b)
Start importing Assets/Dungeon/Models/NGF_Env_Broken_floor_02.fbx using Guid(78c47c167e45de94a95ecf9a14f7f239) Importer(815301076,1909f56bfc062723c751e8b465ee728b) (PreviewImporter) -> (artifact id: 'd2a3771acd8fba960ad8fd6e93a77878') in 0.0215615 seconds
Number of updated asset objects reloaded before import = 0Number of asset objects unloaded after import = 7

========================================================================
Received Import Request.
  Time since last request: 0.000029 seconds.
  path: Assets/Dungeon/Models/NGF_Env_Brick_small_10.fbx
  artifactKey: Guid(66ede3f0c7f090a4d8b13d53110bfe92) Importer(815301076,1909f56bfc062723c751e8b465ee728b)
Start importing Assets/Dungeon/Models/NGF_Env_Brick_small_10.fbx using Guid(66ede3f0c7f090a4d8b13d53110bfe92) Importer(815301076,1909f56bfc062723c751e8b465ee728b) (PreviewImporter) -> (artifact id: '66e0d2a1de05004b1beda7e6860a6261') in 0.0264019 seconds
Number of updated asset objects reloaded before import = 0Number of asset objects unloaded after import = 7

========================================================================
Received Import Request.
  Time since last request: 0.031309 seconds.
  path: Assets/Dungeon/Models/NGF_Env_Broken_floor_06.fbx
  artifactKey: Guid(a3553b3c220899f49a0c94f13f357c37) Importer(815301076,1909f56bfc062723c751e8b465ee728b)
Start importing Assets/Dungeon/Models/NGF_Env_Broken_floor_06.fbx using Guid(a3553b3c220899f49a0c94f13f357c37) Importer(815301076,1909f56bfc062723c751e8b465ee728b) (PreviewImporter) -> (artifact id: 'a132c7631a854786f383be118b1bc1e0') in 0.021172 seconds
Number of updated asset objects reloaded before import = 0Number of asset objects unloaded after import = 7

========================================================================
Received Import Request.
  Time since last request: 0.000027 seconds.
  path: Assets/Dungeon/Models/NGF_Env_Broken_floor_08.fbx
  artifactKey: Guid(c776a20918b6fc9449f2be33b900b723) Importer(815301076,1909f56bfc062723c751e8b465ee728b)
Start importing Assets/Dungeon/Models/NGF_Env_Broken_floor_08.fbx using Guid(c776a20918b6fc9449f2be33b900b723) Importer(815301076,1909f56bfc062723c751e8b465ee728b) (PreviewImporter) -> (artifact id: '5f92f3f8a42a0c230aab9d376b888927') in 0.0228953 seconds
Number of updated asset objects reloaded before import = 0Number of asset objects unloaded after import = 7

========================================================================
Received Import Request.
  Time since last request: 0.000024 seconds.
  path: Assets/Dungeon/Models/NGF_Env_Ceil_03.fbx
  artifactKey: Guid(0af3dbc2768baec4aa9f8b28fea15f90) Importer(815301076,1909f56bfc062723c751e8b465ee728b)
Start importing Assets/Dungeon/Models/NGF_Env_Ceil_03.fbx using Guid(0af3dbc2768baec4aa9f8b28fea15f90) Importer(815301076,1909f56bfc062723c751e8b465ee728b) (PreviewImporter) -> (artifact id: '91767bdfe879c43cce47c62489fdf4c5') in 0.0204638 seconds
Number of updated asset objects reloaded before import = 0Number of asset objects unloaded after import = 7

========================================================================
Received Import Request.
  Time since last request: 0.000031 seconds.
  path: Assets/Dungeon/Models/NGF_Env_Ceil_07.fbx
  artifactKey: Guid(47f802e446b92944a9a068f222c29d6f) Importer(815301076,1909f56bfc062723c751e8b465ee728b)
Start importing Assets/Dungeon/Models/NGF_Env_Ceil_07.fbx using Guid(47f802e446b92944a9a068f222c29d6f) Importer(815301076,1909f56bfc062723c751e8b465ee728b) (PreviewImporter) -> (artifact id: '12ccfc5e798837dfb22e3cf7f4bae4c9') in 0.0214671 seconds
Number of updated asset objects reloaded before import = 0Number of asset objects unloaded after import = 7

========================================================================
Received Import Request.
  Time since last request: 0.000035 seconds.
  path: Assets/Dungeon/Models/NGF_Env_Ceil_10.fbx
  artifactKey: Guid(64e966082b218ac4ab4d479d568048f0) Importer(815301076,1909f56bfc062723c751e8b465ee728b)
Start importing Assets/Dungeon/Models/NGF_Env_Ceil_10.fbx using Guid(64e966082b218ac4ab4d479d568048f0) Importer(815301076,1909f56bfc062723c751e8b465ee728b) (PreviewImporter) -> (artifact id: '68b8471ba0c7bb42096aa4c36a58d406') in 0.0240677 seconds
Number of updated asset objects reloaded before import = 0Number of asset objects unloaded after import = 7

========================================================================
Received Import Request.
  Time since last request: 0.000026 seconds.
  path: Assets/Dungeon/Models/NGF_Env_Ceil_08.fbx
  artifactKey: Guid(463f8450f47421e4690609cbee42a433) Importer(815301076,1909f56bfc062723c751e8b465ee728b)
Start importing Assets/Dungeon/Models/NGF_Env_Ceil_08.fbx using Guid(463f8450f47421e4690609cbee42a433) Importer(815301076,1909f56bfc062723c751e8b465ee728b) (PreviewImporter) -> (artifact id: '2caaf945f81c2ba7b73e9ed581a528ca') in 0.0212112 seconds
Number of updated asset objects reloaded before import = 0Number of asset objects unloaded after import = 7

========================================================================
Received Import Request.
  Time since last request: 0.000026 seconds.
  path: Assets/Dungeon/Models/NGF_Env_Column_04.fbx
  artifactKey: Guid(371381babe307a6409b581fd931db82f) Importer(815301076,1909f56bfc062723c751e8b465ee728b)
Start importing Assets/Dungeon/Models/NGF_Env_Column_04.fbx using Guid(371381babe307a6409b581fd931db82f) Importer(815301076,1909f56bfc062723c751e8b465ee728b) (PreviewImporter) -> (artifact id: 'e13583f5e1d46329f46fd0643578ee9e') in 0.0215497 seconds
Number of updated asset objects reloaded before import = 0Number of asset objects unloaded after import = 7

========================================================================
Received Import Request.
  Time since last request: 0.000023 seconds.
  path: Assets/Dungeon/Models/NGF_Env_Door_08.fbx
  artifactKey: Guid(1a7ad29603463d04b9a1a0086df18eb3) Importer(815301076,1909f56bfc062723c751e8b465ee728b)
Start importing Assets/Dungeon/Models/NGF_Env_Door_08.fbx using Guid(1a7ad29603463d04b9a1a0086df18eb3) Importer(815301076,1909f56bfc062723c751e8b465ee728b) (PreviewImporter) -> (artifact id: 'b8cdef1a407706a5227ee9a58db849b7') in 0.0531751 seconds
Number of updated asset objects reloaded before import = 0Number of asset objects unloaded after import = 22

========================================================================
Received Import Request.
  Time since last request: 0.000029 seconds.
  path: Assets/Dungeon/Models/NGF_Env_Door_arc_02.fbx
  artifactKey: Guid(120b45defcd3aef488c8c7aa214d7b86) Importer(815301076,1909f56bfc062723c751e8b465ee728b)
Start importing Assets/Dungeon/Models/NGF_Env_Door_arc_02.fbx using Guid(120b45defcd3aef488c8c7aa214d7b86) Importer(815301076,1909f56bfc062723c751e8b465ee728b) (PreviewImporter) -> (artifact id: '56d6acfe8d387f621272bb7600f6c4d3') in 0.0517687 seconds
Number of updated asset objects reloaded before import = 0Number of asset objects unloaded after import = 32

========================================================================
Received Import Request.
  Time since last request: 0.000036 seconds.
  path: Assets/Dungeon/Models/NGF_Env_Door_arc_05.fbx
  artifactKey: Guid(3e3ee9d9e35e2444294d6e32b50637f6) Importer(815301076,1909f56bfc062723c751e8b465ee728b)
Start importing Assets/Dungeon/Models/NGF_Env_Door_arc_05.fbx using Guid(3e3ee9d9e35e2444294d6e32b50637f6) Importer(815301076,1909f56bfc062723c751e8b465ee728b) (PreviewImporter) -> (artifact id: '2347067d18027f7a602a40cade405ef5') in 0.045726 seconds
Number of updated asset objects reloaded before import = 0Number of asset objects unloaded after import = 32

========================================================================
Received Import Request.
  Time since last request: 0.000025 seconds.
  path: Assets/Dungeon/Models/NGF_Env_Floor_02.fbx
  artifactKey: Guid(f02d07a08011d22488118df0e34993c3) Importer(815301076,1909f56bfc062723c751e8b465ee728b)
Start importing Assets/Dungeon/Models/NGF_Env_Floor_02.fbx using Guid(f02d07a08011d22488118df0e34993c3) Importer(815301076,1909f56bfc062723c751e8b465ee728b) (PreviewImporter) -> (artifact id: '800576804b54cc4bebac20d7e30de9f0') in 0.0209663 seconds
Number of updated asset objects reloaded before import = 0Number of asset objects unloaded after import = 7

========================================================================
Received Import Request.
  Time since last request: 0.000028 seconds.
  path: Assets/Dungeon/Models/NGF_Env_Floor_09.fbx
  artifactKey: Guid(cafccd2a2261537448eb24cbffbab876) Importer(815301076,1909f56bfc062723c751e8b465ee728b)
Start importing Assets/Dungeon/Models/NGF_Env_Floor_09.fbx using Guid(cafccd2a2261537448eb24cbffbab876) Importer(815301076,1909f56bfc062723c751e8b465ee728b) (PreviewImporter) -> (artifact id: 'ddc0eec25cea4585660b6a948ae99e94') in 0.0260934 seconds
Number of updated asset objects reloaded before import = 0Number of asset objects unloaded after import = 7

========================================================================
Received Import Request.
  Time since last request: 0.000029 seconds.
  path: Assets/Dungeon/Models/NGF_Env_Floor_10.fbx
  artifactKey: Guid(5d2a6e2e217a59d41b16b395515879c1) Importer(815301076,1909f56bfc062723c751e8b465ee728b)
Start importing Assets/Dungeon/Models/NGF_Env_Floor_10.fbx using Guid(5d2a6e2e217a59d41b16b395515879c1) Importer(815301076,1909f56bfc062723c751e8b465ee728b) (PreviewImporter) -> (artifact id: '08bde63c429331ebb9711f9d78f0e4f3') in 0.0247676 seconds
Number of updated asset objects reloaded before import = 0Number of asset objects unloaded after import = 7

========================================================================
Received Import Request.
  Time since last request: 0.000031 seconds.
  path: Assets/Dungeon/Models/NGF_Env_Floor_01.fbx
  artifactKey: Guid(9501d4b29a1b421468e968648a88aa47) Importer(815301076,1909f56bfc062723c751e8b465ee728b)
Start importing Assets/Dungeon/Models/NGF_Env_Floor_01.fbx using Guid(9501d4b29a1b421468e968648a88aa47) Importer(815301076,1909f56bfc062723c751e8b465ee728b) (PreviewImporter) -> (artifact id: '58f24dd40950821be7b2ed89e983328f') in 0.0214807 seconds
Number of updated asset objects reloaded before import = 0Number of asset objects unloaded after import = 7

========================================================================
Received Import Request.
  Time since last request: 0.000041 seconds.
  path: Assets/Dungeon/Models/NGF_Env_Floor_dust_3.fbx
  artifactKey: Guid(ee0f7a469eff5624abd428694dbbc0be) Importer(815301076,1909f56bfc062723c751e8b465ee728b)
Start importing Assets/Dungeon/Models/NGF_Env_Floor_dust_3.fbx using Guid(ee0f7a469eff5624abd428694dbbc0be) Importer(815301076,1909f56bfc062723c751e8b465ee728b) (PreviewImporter) -> (artifact id: '4ae01e436b22e08e7aebb8e160a19d1e') in 0.0279221 seconds
Number of updated asset objects reloaded before import = 0Number of asset objects unloaded after import = 7

========================================================================
Received Import Request.
  Time since last request: 0.000032 seconds.
  path: Assets/Dungeon/Models/NGF_Env_Floor_15.fbx
  artifactKey: Guid(6063591d388a3504fbbba37b3869efdb) Importer(815301076,1909f56bfc062723c751e8b465ee728b)
Start importing Assets/Dungeon/Models/NGF_Env_Floor_15.fbx using Guid(6063591d388a3504fbbba37b3869efdb) Importer(815301076,1909f56bfc062723c751e8b465ee728b) (PreviewImporter) -> (artifact id: 'd452863c214f4d7616d04d327c8fc4d9') in 0.0221832 seconds
Number of updated asset objects reloaded before import = 0Number of asset objects unloaded after import = 7

========================================================================
Received Import Request.
  Time since last request: 0.000040 seconds.
  path: Assets/Dungeon/Models/NGF_Env_Floor_13.fbx
  artifactKey: Guid(478c632f9819478439985a09d5bf4c54) Importer(815301076,1909f56bfc062723c751e8b465ee728b)
Start importing Assets/Dungeon/Models/NGF_Env_Floor_13.fbx using Guid(478c632f9819478439985a09d5bf4c54) Importer(815301076,1909f56bfc062723c751e8b465ee728b) (PreviewImporter) -> (artifact id: '8ec10273f109715f6ae758c5f7e0f4c2') in 0.0216815 seconds
Number of updated asset objects reloaded before import = 0Number of asset objects unloaded after import = 7

========================================================================
Received Import Request.
  Time since last request: 0.000028 seconds.
  path: Assets/Dungeon/Models/NGF_Env_Floor_05.fbx
  artifactKey: Guid(1eaccdb5de12147408c62f4401ee5a5a) Importer(815301076,1909f56bfc062723c751e8b465ee728b)
Start importing Assets/Dungeon/Models/NGF_Env_Floor_05.fbx using Guid(1eaccdb5de12147408c62f4401ee5a5a) Importer(815301076,1909f56bfc062723c751e8b465ee728b) (PreviewImporter) -> (artifact id: 'cc3f649b57fdbdeb9e749f4cf65991c1') in 0.0287541 seconds
Number of updated asset objects reloaded before import = 0Number of asset objects unloaded after import = 7

========================================================================
Received Import Request.
  Time since last request: 0.000028 seconds.
  path: Assets/Dungeon/Models/NGF_Env_Door_10.fbx
  artifactKey: Guid(3ffe19c0f170f64458b51d7bcdd2014a) Importer(815301076,1909f56bfc062723c751e8b465ee728b)
Start importing Assets/Dungeon/Models/NGF_Env_Door_10.fbx using Guid(3ffe19c0f170f64458b51d7bcdd2014a) Importer(815301076,1909f56bfc062723c751e8b465ee728b) (PreviewImporter) -> (artifact id: '883e9fe9f36b955ade5a66c0ef79f961') in 0.0556245 seconds
Number of updated asset objects reloaded before import = 0Number of asset objects unloaded after import = 22

========================================================================
Received Import Request.
  Time since last request: 0.000045 seconds.
  path: Assets/Dungeon/Models/NGF_Env_Ceil_06.fbx
  artifactKey: Guid(2add106b08217f1488758b6f34da5e1b) Importer(815301076,1909f56bfc062723c751e8b465ee728b)
Start importing Assets/Dungeon/Models/NGF_Env_Ceil_06.fbx using Guid(2add106b08217f1488758b6f34da5e1b) Importer(815301076,1909f56bfc062723c751e8b465ee728b) (PreviewImporter) -> (artifact id: '3856813d937cc62b0d60064c4d22ec4f') in 0.0235501 seconds
Number of updated asset objects reloaded before import = 0Number of asset objects unloaded after import = 7

========================================================================
Received Import Request.
  Time since last request: 0.000028 seconds.
  path: Assets/Dungeon/Models/NGF_Env_Door_attachment_02.fbx
  artifactKey: Guid(ecd396c9029430f40bcf302d9e40fccd) Importer(815301076,1909f56bfc062723c751e8b465ee728b)
Start importing Assets/Dungeon/Models/NGF_Env_Door_attachment_02.fbx using Guid(ecd396c9029430f40bcf302d9e40fccd) Importer(815301076,1909f56bfc062723c751e8b465ee728b) (PreviewImporter) -> (artifact id: '535e15e692b0d315911d2e7c1ed05af1') in 0.0589807 seconds
Number of updated asset objects reloaded before import = 0Number of asset objects unloaded after import = 32

========================================================================
Received Import Request.
  Time since last request: 0.000041 seconds.
  path: Assets/Dungeon/Models/NGF_Env_Door_12.fbx
  artifactKey: Guid(d5ee5b9d5c72d4f4f92ce35f75e3968f) Importer(815301076,1909f56bfc062723c751e8b465ee728b)
Start importing Assets/Dungeon/Models/NGF_Env_Door_12.fbx using Guid(d5ee5b9d5c72d4f4f92ce35f75e3968f) Importer(815301076,1909f56bfc062723c751e8b465ee728b) (PreviewImporter) -> (artifact id: 'ee5ba9c53c58e8d57555e88e379a1ca7') in 0.0569648 seconds
Number of updated asset objects reloaded before import = 0Number of asset objects unloaded after import = 22

========================================================================
Received Import Request.
  Time since last request: 0.000036 seconds.
  path: Assets/Dungeon/Models/NGF_Env_Floor_06.fbx
  artifactKey: Guid(c622fca0bab594e439905231b6de9a44) Importer(815301076,1909f56bfc062723c751e8b465ee728b)
Start importing Assets/Dungeon/Models/NGF_Env_Floor_06.fbx using Guid(c622fca0bab594e439905231b6de9a44) Importer(815301076,1909f56bfc062723c751e8b465ee728b) (PreviewImporter) -> (artifact id: 'f2cdbc48b910f5f6e802e597eaaf365d') in 0.0214367 seconds
Number of updated asset objects reloaded before import = 0Number of asset objects unloaded after import = 7

========================================================================
Received Prepare
Begin MonoManager ReloadAssembly
- Loaded All Assemblies, in  0.720 seconds
Refreshing native plugins compatible for Editor in 1.12 ms, found 3 plugins.
Native extension for WindowsStandalone target not found
Native extension for WebGL target not found
Mono: successfully reloaded assembly
- Finished resetting the current domain, in  0.864 seconds
Domain Reload Profiling: 1583ms
	BeginReloadAssembly (218ms)
		ExecutionOrderSort (0ms)
		DisableScriptedObjects (20ms)
		BackupInstance (0ms)
		ReleaseScriptingObjects (0ms)
		CreateAndSetChildDomain (59ms)
	RebuildCommonClasses (35ms)
	RebuildNativeTypeToScriptingClass (18ms)
	initialDomainReloadingComplete (30ms)
	LoadAllAssembliesAndSetupDomain (418ms)
		LoadAssemblies (329ms)
		RebuildTransferFunctionScriptingTraits (0ms)
		AnalyzeDomain (184ms)
			TypeCache.Refresh (8ms)
				TypeCache.ScanAssembly (0ms)
			BuildScriptInfoCaches (160ms)
			ResolveRequiredComponents (11ms)
	FinalizeReload (864ms)
		ReleaseScriptCaches (0ms)
		RebuildScriptCaches (0ms)
		SetupLoadedEditorAssemblies (539ms)
			LogAssemblyErrors (0ms)
			InitializePlatformSupportModulesInManaged (3ms)
			SetLoadedEditorAssemblies (5ms)
			BeforeProcessingInitializeOnLoad (67ms)
			ProcessInitializeOnLoadAttributes (404ms)
			ProcessInitializeOnLoadMethodAttributes (51ms)
			AfterProcessingInitializeOnLoad (9ms)
			EditorAssembliesLoaded (0ms)
		ExecutionOrderSort2 (0ms)
		AwakeInstancesAfterBackupRestoration (14ms)
Refreshing native plugins compatible for Editor in 1.21 ms, found 3 plugins.
Preloading 0 native plugins for Editor in 0.00 ms.
Unloading 23 Unused Serialized files (Serialized files now loaded: 0)
Unloading 5970 unused Assets / (4.2 MB). Loaded Objects now: 6812.
Memory consumption went from 174.2 MB to 169.9 MB.
Total: 9.572800 ms (FindLiveObjects: 0.693000 ms CreateObjectMapping: 0.667300 ms MarkObjects: 5.070700 ms  DeleteObjects: 3.139300 ms)

Prepare: number of updated asset objects reloaded= 0
========================================================================
Received Import Request.
  Time since last request: 727.464287 seconds.
  path: Assets/Dungeon/Models/NGF_Env_Floor_dust_6.fbx
  artifactKey: Guid(e93f8128e79bf784bb14e4ff2b645ab0) Importer(815301076,1909f56bfc062723c751e8b465ee728b)
Start importing Assets/Dungeon/Models/NGF_Env_Floor_dust_6.fbx using Guid(e93f8128e79bf784bb14e4ff2b645ab0) Importer(815301076,1909f56bfc062723c751e8b465ee728b) (PreviewImporter) -> (artifact id: '8e2edab196df9f7e5e62c45ae516da80') in 0.534132 seconds
Number of updated asset objects reloaded before import = 0Number of asset objects unloaded after import = 7

========================================================================
Received Import Request.
  Time since last request: 0.000028 seconds.
  path: Assets/Dungeon/Models/NGF_Env_Handle_attachment_05.fbx
  artifactKey: Guid(a21e34f035a9f7843a845bbdc6ba9f41) Importer(815301076,1909f56bfc062723c751e8b465ee728b)
Start importing Assets/Dungeon/Models/NGF_Env_Handle_attachment_05.fbx using Guid(a21e34f035a9f7843a845bbdc6ba9f41) Importer(815301076,1909f56bfc062723c751e8b465ee728b) (PreviewImporter) -> (artifact id: '4d3c6e3620d103afc79f828ed15f5f2f') in 0.0348647 seconds
Number of updated asset objects reloaded before import = 0Number of asset objects unloaded after import = 12

========================================================================
Received Import Request.
  Time since last request: 0.000038 seconds.
  path: Assets/Dungeon/Models/NGF_Env_Handle_01.fbx
  artifactKey: Guid(b34250c4f22a13a46bf8b0da7b134d12) Importer(815301076,1909f56bfc062723c751e8b465ee728b)
Start importing Assets/Dungeon/Models/NGF_Env_Handle_01.fbx using Guid(b34250c4f22a13a46bf8b0da7b134d12) Importer(815301076,1909f56bfc062723c751e8b465ee728b) (PreviewImporter) -> (artifact id: 'de6bf49bcf19a79f44db794207ec5dca') in 0.026126 seconds
Number of updated asset objects reloaded before import = 0Number of asset objects unloaded after import = 7

========================================================================
Received Import Request.
  Time since last request: 0.000025 seconds.
  path: Assets/Dungeon/Models/NGF_Env_Handle_07.fbx
  artifactKey: Guid(723902d5b05f1824baa1eb382e94eed9) Importer(815301076,1909f56bfc062723c751e8b465ee728b)
Start importing Assets/Dungeon/Models/NGF_Env_Handle_07.fbx using Guid(723902d5b05f1824baa1eb382e94eed9) Importer(815301076,1909f56bfc062723c751e8b465ee728b) (PreviewImporter) -> (artifact id: '362270f098a9f31cf3aba607f2bec560') in 0.0240052 seconds
Number of updated asset objects reloaded before import = 0Number of asset objects unloaded after import = 7

========================================================================
Received Import Request.
  Time since last request: 0.000039 seconds.
  path: Assets/Dungeon/Models/NGF_Env_Floor_dust_8.fbx
  artifactKey: Guid(071eed3fab89cb64b92381b28d8b1271) Importer(815301076,1909f56bfc062723c751e8b465ee728b)
Start importing Assets/Dungeon/Models/NGF_Env_Floor_dust_8.fbx using Guid(071eed3fab89cb64b92381b28d8b1271) Importer(815301076,1909f56bfc062723c751e8b465ee728b) (PreviewImporter) -> (artifact id: '3938979cd3cd0c765bb28f038453ad70') in 0.0271492 seconds
Number of updated asset objects reloaded before import = 0Number of asset objects unloaded after import = 7

========================================================================
Received Import Request.
  Time since last request: 0.000037 seconds.
  path: Assets/Dungeon/Models/NGF_Env_Handle_03.fbx
  artifactKey: Guid(eaaf5a2084c8ae34eb49a7511d3a0c62) Importer(815301076,1909f56bfc062723c751e8b465ee728b)
Start importing Assets/Dungeon/Models/NGF_Env_Handle_03.fbx using Guid(eaaf5a2084c8ae34eb49a7511d3a0c62) Importer(815301076,1909f56bfc062723c751e8b465ee728b) (PreviewImporter) -> (artifact id: '2e4d1b3279099b3c9acafc559e01ad7e') in 0.0258045 seconds
Number of updated asset objects reloaded before import = 0Number of asset objects unloaded after import = 7

========================================================================
Received Import Request.
  Time since last request: 0.000029 seconds.
  path: Assets/Dungeon/Models/NGF_Env_Floor_dust_7.fbx
  artifactKey: Guid(8545d4dbb99ec35409777a5c9258c9e6) Importer(815301076,1909f56bfc062723c751e8b465ee728b)
Start importing Assets/Dungeon/Models/NGF_Env_Floor_dust_7.fbx using Guid(8545d4dbb99ec35409777a5c9258c9e6) Importer(815301076,1909f56bfc062723c751e8b465ee728b) (PreviewImporter) -> (artifact id: '8975509ee72b5e737188385a47aa461f') in 0.0230275 seconds
Number of updated asset objects reloaded before import = 0Number of asset objects unloaded after import = 7

========================================================================
Received Import Request.
  Time since last request: 0.000050 seconds.
  path: Assets/Dungeon/Models/NGF_Env_Handle_12.fbx
  artifactKey: Guid(d2da1c45f276d3f47b7e5612c85d9bac) Importer(815301076,1909f56bfc062723c751e8b465ee728b)
Start importing Assets/Dungeon/Models/NGF_Env_Handle_12.fbx using Guid(d2da1c45f276d3f47b7e5612c85d9bac) Importer(815301076,1909f56bfc062723c751e8b465ee728b) (PreviewImporter) -> (artifact id: 'a092d6f5056f321883d9340ffdfd0c31') in 0.0232194 seconds
Number of updated asset objects reloaded before import = 0Number of asset objects unloaded after import = 7

========================================================================
Received Import Request.
  Time since last request: 0.000063 seconds.
  path: Assets/Dungeon/Models/NGF_Env_Handle_05.fbx
  artifactKey: Guid(786c86f240551824b9d93191df3317e6) Importer(815301076,1909f56bfc062723c751e8b465ee728b)
Start importing Assets/Dungeon/Models/NGF_Env_Handle_05.fbx using Guid(786c86f240551824b9d93191df3317e6) Importer(815301076,1909f56bfc062723c751e8b465ee728b) (PreviewImporter) -> (artifact id: 'f676d540a9bcb9d996f17d1b8802d8d2') in 0.023436 seconds
Number of updated asset objects reloaded before import = 0Number of asset objects unloaded after import = 7

========================================================================
Received Import Request.
  Time since last request: 0.000028 seconds.
  path: Assets/Dungeon/Models/NGF_Env_Floor_dust_11.fbx
  artifactKey: Guid(df8749de3eda9a54d89f788e6fa12701) Importer(815301076,1909f56bfc062723c751e8b465ee728b)
Start importing Assets/Dungeon/Models/NGF_Env_Floor_dust_11.fbx using Guid(df8749de3eda9a54d89f788e6fa12701) Importer(815301076,1909f56bfc062723c751e8b465ee728b) (PreviewImporter) -> (artifact id: '487370d7168d84821e69967da4bc3a3f') in 0.0238386 seconds
Number of updated asset objects reloaded before import = 0Number of asset objects unloaded after import = 7

========================================================================
Received Import Request.
  Time since last request: 0.000028 seconds.
  path: Assets/Dungeon/Models/NGF_Env_Handle_attachment_02.fbx
  artifactKey: Guid(f41debf4daa5c984796959c8138ea5c6) Importer(815301076,1909f56bfc062723c751e8b465ee728b)
Start importing Assets/Dungeon/Models/NGF_Env_Handle_attachment_02.fbx using Guid(f41debf4daa5c984796959c8138ea5c6) Importer(815301076,1909f56bfc062723c751e8b465ee728b) (PreviewImporter) -> (artifact id: '07e682e713069716e0be53ecbd0ac8df') in 0.0363388 seconds
Number of updated asset objects reloaded before import = 0Number of asset objects unloaded after import = 12

========================================================================
Received Import Request.
  Time since last request: 0.000074 seconds.
  path: Assets/Dungeon/Models/NGF_Env_Handle_04.fbx
  artifactKey: Guid(dab41ca53b48b8d49b82569c87dfb4af) Importer(815301076,1909f56bfc062723c751e8b465ee728b)
Start importing Assets/Dungeon/Models/NGF_Env_Handle_04.fbx using Guid(dab41ca53b48b8d49b82569c87dfb4af) Importer(815301076,1909f56bfc062723c751e8b465ee728b) (PreviewImporter) -> (artifact id: '315d3163bb543fc7fe3a4aa9001c1037') in 0.0249183 seconds
Number of updated asset objects reloaded before import = 0Number of asset objects unloaded after import = 7

========================================================================
Received Import Request.
  Time since last request: 0.450869 seconds.
  path: Assets/Dungeon/Models/NGF_Env_Handle_attachment_08.fbx
  artifactKey: Guid(f308a80e8168e744ca92c4b15c985126) Importer(815301076,1909f56bfc062723c751e8b465ee728b)
Start importing Assets/Dungeon/Models/NGF_Env_Handle_attachment_08.fbx using Guid(f308a80e8168e744ca92c4b15c985126) Importer(815301076,1909f56bfc062723c751e8b465ee728b) (PreviewImporter) -> (artifact id: '6365b555f70087e150729013eacf3e86') in 0.0284976 seconds
Number of updated asset objects reloaded before import = 0Number of asset objects unloaded after import = 12

========================================================================
Received Import Request.
  Time since last request: 0.000024 seconds.
  path: Assets/Dungeon/Models/NGF_Env_Handle_attachment_12.fbx
  artifactKey: Guid(316f62bd14c06c842bdd618784de7bf3) Importer(815301076,1909f56bfc062723c751e8b465ee728b)
Start importing Assets/Dungeon/Models/NGF_Env_Handle_attachment_12.fbx using Guid(316f62bd14c06c842bdd618784de7bf3) Importer(815301076,1909f56bfc062723c751e8b465ee728b) (PreviewImporter) -> (artifact id: '769aa26672c3a013b9c4a0f17aa8218b') in 0.0295249 seconds
Number of updated asset objects reloaded before import = 0Number of asset objects unloaded after import = 12

========================================================================
Received Import Request.
  Time since last request: 0.000034 seconds.
  path: Assets/Dungeon/Models/NGF_Env_Hinges_01.fbx
  artifactKey: Guid(5906c96ea0128f441b01e7ec121ca190) Importer(815301076,1909f56bfc062723c751e8b465ee728b)
Start importing Assets/Dungeon/Models/NGF_Env_Hinges_01.fbx using Guid(5906c96ea0128f441b01e7ec121ca190) Importer(815301076,1909f56bfc062723c751e8b465ee728b) (PreviewImporter) -> (artifact id: 'd63c420342635f6cc97394eb12ef364d') in 0.0216974 seconds
Number of updated asset objects reloaded before import = 0Number of asset objects unloaded after import = 7

========================================================================
Received Import Request.
  Time since last request: 0.000036 seconds.
  path: Assets/Dungeon/Models/NGF_Env_Handle_attachment_09.fbx
  artifactKey: Guid(7ca8e7f5d637850419ba00e5f7b92e4f) Importer(815301076,1909f56bfc062723c751e8b465ee728b)
Start importing Assets/Dungeon/Models/NGF_Env_Handle_attachment_09.fbx using Guid(7ca8e7f5d637850419ba00e5f7b92e4f) Importer(815301076,1909f56bfc062723c751e8b465ee728b) (PreviewImporter) -> (artifact id: '358612ae096cc0fdfd421abbf2964144') in 0.030621 seconds
Number of updated asset objects reloaded before import = 0Number of asset objects unloaded after import = 12

========================================================================
Received Import Request.
  Time since last request: 0.180143 seconds.
  path: Assets/Dungeon/Models/NGF_Env_Hinges_04.fbx
  artifactKey: Guid(56bf46ba1469f584faee20c8076463a9) Importer(815301076,1909f56bfc062723c751e8b465ee728b)
Start importing Assets/Dungeon/Models/NGF_Env_Hinges_04.fbx using Guid(56bf46ba1469f584faee20c8076463a9) Importer(815301076,1909f56bfc062723c751e8b465ee728b) (PreviewImporter) -> (artifact id: 'eb1e328980d0417fe25f8813b241105f') in 0.0196315 seconds
Number of updated asset objects reloaded before import = 0Number of asset objects unloaded after import = 7

========================================================================
Received Import Request.
  Time since last request: 0.000034 seconds.
  path: Assets/Dungeon/Models/NGF_Env_Hinges_07.fbx
  artifactKey: Guid(fe1af9492a0932040a186c8101f6a02c) Importer(815301076,1909f56bfc062723c751e8b465ee728b)
Start importing Assets/Dungeon/Models/NGF_Env_Hinges_07.fbx using Guid(fe1af9492a0932040a186c8101f6a02c) Importer(815301076,1909f56bfc062723c751e8b465ee728b) (PreviewImporter) -> (artifact id: 'ecaf6c05e3a6e1ace570383750c8b76c') in 0.0194891 seconds
Number of updated asset objects reloaded before import = 0Number of asset objects unloaded after import = 7

========================================================================
Received Import Request.
  Time since last request: 0.000029 seconds.
  path: Assets/Dungeon/Models/NGF_Env_Hinges_08.fbx
  artifactKey: Guid(227a56779e7b4f54aa2805a91cf931c2) Importer(815301076,1909f56bfc062723c751e8b465ee728b)
Start importing Assets/Dungeon/Models/NGF_Env_Hinges_08.fbx using Guid(227a56779e7b4f54aa2805a91cf931c2) Importer(815301076,1909f56bfc062723c751e8b465ee728b) (PreviewImporter) -> (artifact id: '87befe48bc017bc836061d368c020926') in 0.0189526 seconds
Number of updated asset objects reloaded before import = 0Number of asset objects unloaded after import = 7

========================================================================
Received Import Request.
  Time since last request: 0.000029 seconds.
  path: Assets/Dungeon/Models/NGF_Env_Hinges_13.fbx
  artifactKey: Guid(f8d3d55424588e043af6146390a4e08f) Importer(815301076,1909f56bfc062723c751e8b465ee728b)
Start importing Assets/Dungeon/Models/NGF_Env_Hinges_13.fbx using Guid(f8d3d55424588e043af6146390a4e08f) Importer(815301076,1909f56bfc062723c751e8b465ee728b) (PreviewImporter) -> (artifact id: '06a51362a9225ca1bd7ab61fead09d6f') in 0.0245821 seconds
Number of updated asset objects reloaded before import = 0Number of asset objects unloaded after import = 7

========================================================================
Received Import Request.
  Time since last request: 0.000171 seconds.
  path: Assets/Dungeon/Models/NGF_Env_Hinges_16.fbx
  artifactKey: Guid(a25d5176ee6c52a4fb8735383d520c38) Importer(815301076,1909f56bfc062723c751e8b465ee728b)
Start importing Assets/Dungeon/Models/NGF_Env_Hinges_16.fbx using Guid(a25d5176ee6c52a4fb8735383d520c38) Importer(815301076,1909f56bfc062723c751e8b465ee728b) (PreviewImporter) -> (artifact id: '204a4e05497dddcdb44fdf1fab7025b5') in 0.0238072 seconds
Number of updated asset objects reloaded before import = 0Number of asset objects unloaded after import = 7

========================================================================
Received Import Request.
  Time since last request: 0.000036 seconds.
  path: Assets/Dungeon/Models/NGF_Env_Hinges_14.fbx
  artifactKey: Guid(a7afd2f38bde3a04ca537e03fc97d7e3) Importer(815301076,1909f56bfc062723c751e8b465ee728b)
Start importing Assets/Dungeon/Models/NGF_Env_Hinges_14.fbx using Guid(a7afd2f38bde3a04ca537e03fc97d7e3) Importer(815301076,1909f56bfc062723c751e8b465ee728b) (PreviewImporter) -> (artifact id: '6f5f35d4fee6cfa457282bf1993c445f') in 0.0248693 seconds
Number of updated asset objects reloaded before import = 0Number of asset objects unloaded after import = 7

========================================================================
Received Import Request.
  Time since last request: 0.000033 seconds.
  path: Assets/Dungeon/Models/NGF_Env_Hinges_09.fbx
  artifactKey: Guid(bcbad261eb4355440be63376740c36d5) Importer(815301076,1909f56bfc062723c751e8b465ee728b)
Start importing Assets/Dungeon/Models/NGF_Env_Hinges_09.fbx using Guid(bcbad261eb4355440be63376740c36d5) Importer(815301076,1909f56bfc062723c751e8b465ee728b) (PreviewImporter) -> (artifact id: 'f68cbcde0621bb7ba63879b7dd5de2a9') in 0.022925 seconds
Number of updated asset objects reloaded before import = 0Number of asset objects unloaded after import = 7

========================================================================
Received Import Request.
  Time since last request: 0.000055 seconds.
  path: Assets/Dungeon/Models/NGF_Env_Hinges_19.fbx
  artifactKey: Guid(531c10ca2a972cf40a7b5a5fe73f2a46) Importer(815301076,1909f56bfc062723c751e8b465ee728b)
Start importing Assets/Dungeon/Models/NGF_Env_Hinges_19.fbx using Guid(531c10ca2a972cf40a7b5a5fe73f2a46) Importer(815301076,1909f56bfc062723c751e8b465ee728b) (PreviewImporter) -> (artifact id: '2307218089a116d749924f6d0d20f13b') in 0.0253034 seconds
Number of updated asset objects reloaded before import = 0Number of asset objects unloaded after import = 7

========================================================================
Received Import Request.
  Time since last request: 0.000026 seconds.
  path: Assets/Dungeon/Models/NGF_Env_Long_board_02.fbx
  artifactKey: Guid(087ab18eeda220a44b5aef2dc8ffdf7a) Importer(815301076,1909f56bfc062723c751e8b465ee728b)
Start importing Assets/Dungeon/Models/NGF_Env_Long_board_02.fbx using Guid(087ab18eeda220a44b5aef2dc8ffdf7a) Importer(815301076,1909f56bfc062723c751e8b465ee728b) (PreviewImporter) -> (artifact id: 'a2161cf4bd5c221e4f78d4406b542b42') in 0.0217765 seconds
Number of updated asset objects reloaded before import = 0Number of asset objects unloaded after import = 7

========================================================================
Received Import Request.
  Time since last request: 0.000028 seconds.
  path: Assets/Dungeon/Models/NGF_Env_Stairs_half_01.fbx
  artifactKey: Guid(afd8d2f634045774989a75f198a2232f) Importer(815301076,1909f56bfc062723c751e8b465ee728b)
Start importing Assets/Dungeon/Models/NGF_Env_Stairs_half_01.fbx using Guid(afd8d2f634045774989a75f198a2232f) Importer(815301076,1909f56bfc062723c751e8b465ee728b) (PreviewImporter) -> (artifact id: '02a489c336feb9a97f9b715db6578c6d') in 0.0286651 seconds
Number of updated asset objects reloaded before import = 0Number of asset objects unloaded after import = 7

========================================================================
Received Import Request.
  Time since last request: 0.000029 seconds.
  path: Assets/Dungeon/Models/NGF_Env_Stairs_03.fbx
  artifactKey: Guid(dacdaecf0fe0f6447aec1bf121f58709) Importer(815301076,1909f56bfc062723c751e8b465ee728b)
Start importing Assets/Dungeon/Models/NGF_Env_Stairs_03.fbx using Guid(dacdaecf0fe0f6447aec1bf121f58709) Importer(815301076,1909f56bfc062723c751e8b465ee728b) (PreviewImporter) -> (artifact id: '8fb07ffb500ac7e5855b98366a8f4b26') in 0.0300328 seconds
Number of updated asset objects reloaded before import = 0Number of asset objects unloaded after import = 7

========================================================================
Received Import Request.
  Time since last request: 0.000033 seconds.
  path: Assets/Dungeon/Models/NGF_Env_Stairs_half_02.fbx
  artifactKey: Guid(068bc32c70de2944aa6a8d436e669e33) Importer(815301076,1909f56bfc062723c751e8b465ee728b)
Start importing Assets/Dungeon/Models/NGF_Env_Stairs_half_02.fbx using Guid(068bc32c70de2944aa6a8d436e669e33) Importer(815301076,1909f56bfc062723c751e8b465ee728b) (PreviewImporter) -> (artifact id: '2b9f58b8abc4e6a1f70defb0b3318109') in 0.0279553 seconds
Number of updated asset objects reloaded before import = 0Number of asset objects unloaded after import = 7

========================================================================
Received Import Request.
  Time since last request: 0.000053 seconds.
  path: Assets/Dungeon/Models/NGF_Env_Long_board_01.fbx
  artifactKey: Guid(9c55af873be996446b8a32d0fccb2676) Importer(815301076,1909f56bfc062723c751e8b465ee728b)
Start importing Assets/Dungeon/Models/NGF_Env_Long_board_01.fbx using Guid(9c55af873be996446b8a32d0fccb2676) Importer(815301076,1909f56bfc062723c751e8b465ee728b) (PreviewImporter) -> (artifact id: 'c4902f6f3402ab136b2c0621093369dd') in 0.0267326 seconds
Number of updated asset objects reloaded before import = 0Number of asset objects unloaded after import = 7

========================================================================
Received Import Request.
  Time since last request: 0.000040 seconds.
  path: Assets/Dungeon/Models/NGF_Env_Stairs_02.fbx
  artifactKey: Guid(3b085d9ad5f9271499f6640a9c4ef7cd) Importer(815301076,1909f56bfc062723c751e8b465ee728b)
Start importing Assets/Dungeon/Models/NGF_Env_Stairs_02.fbx using Guid(3b085d9ad5f9271499f6640a9c4ef7cd) Importer(815301076,1909f56bfc062723c751e8b465ee728b) (PreviewImporter) -> (artifact id: '8f8501013d446b801fe8007e463e2133') in 0.0320219 seconds
Number of updated asset objects reloaded before import = 0Number of asset objects unloaded after import = 7

========================================================================
Received Import Request.
  Time since last request: 0.000036 seconds.
  path: Assets/Dungeon/Models/NGF_Env_Hinges_05.fbx
  artifactKey: Guid(a9b1271d3d909894b89b45aa83f8d160) Importer(815301076,1909f56bfc062723c751e8b465ee728b)
Start importing Assets/Dungeon/Models/NGF_Env_Hinges_05.fbx using Guid(a9b1271d3d909894b89b45aa83f8d160) Importer(815301076,1909f56bfc062723c751e8b465ee728b) (PreviewImporter) -> (artifact id: '08a1826e33c869631e71e7259cf95503') in 0.0235148 seconds
Number of updated asset objects reloaded before import = 0Number of asset objects unloaded after import = 7

========================================================================
Received Import Request.
  Time since last request: 0.000028 seconds.
  path: Assets/Dungeon/Models/NGF_Env_Hinges_20.fbx
  artifactKey: Guid(4773d3118c8d9b84d87a895670e0a92e) Importer(815301076,1909f56bfc062723c751e8b465ee728b)
Start importing Assets/Dungeon/Models/NGF_Env_Hinges_20.fbx using Guid(4773d3118c8d9b84d87a895670e0a92e) Importer(815301076,1909f56bfc062723c751e8b465ee728b) (PreviewImporter) -> (artifact id: '6641231d19a6aa163938c547ad0f091b') in 0.0226122 seconds
Number of updated asset objects reloaded before import = 0Number of asset objects unloaded after import = 7

========================================================================
Received Import Request.
  Time since last request: 0.035332 seconds.
  path: Assets/Dungeon/Models/NGF_Env_Stone_corner_03.fbx
  artifactKey: Guid(c5844d26c5d892742b5a186525a73fc7) Importer(815301076,1909f56bfc062723c751e8b465ee728b)
Start importing Assets/Dungeon/Models/NGF_Env_Stone_corner_03.fbx using Guid(c5844d26c5d892742b5a186525a73fc7) Importer(815301076,1909f56bfc062723c751e8b465ee728b) (PreviewImporter) -> (artifact id: '84a9155543b089a8224ef601ddec7d4e') in 0.019873 seconds
Number of updated asset objects reloaded before import = 0Number of asset objects unloaded after import = 7

========================================================================
Received Import Request.
  Time since last request: 0.000030 seconds.
  path: Assets/Dungeon/Models/NGF_Env_Stone_doorway_01.fbx
  artifactKey: Guid(c98e75160b2f42142825552c9b9b7930) Importer(815301076,1909f56bfc062723c751e8b465ee728b)
Start importing Assets/Dungeon/Models/NGF_Env_Stone_doorway_01.fbx using Guid(c98e75160b2f42142825552c9b9b7930) Importer(815301076,1909f56bfc062723c751e8b465ee728b) (PreviewImporter) -> (artifact id: '188bc9a2945955b85c74de2b83ada04d') in 0.022242 seconds
Number of updated asset objects reloaded before import = 0Number of asset objects unloaded after import = 7

========================================================================
Received Import Request.
  Time since last request: 0.000024 seconds.
  path: Assets/Dungeon/Models/NGF_Env_Stone_doorway_on_the_foundation_01.fbx
  artifactKey: Guid(9f41f47dc5e8e6e41947318687e91c0a) Importer(815301076,1909f56bfc062723c751e8b465ee728b)
Start importing Assets/Dungeon/Models/NGF_Env_Stone_doorway_on_the_foundation_01.fbx using Guid(9f41f47dc5e8e6e41947318687e91c0a) Importer(815301076,1909f56bfc062723c751e8b465ee728b) (PreviewImporter) -> (artifact id: 'd7d2e307a2142d62e9ce68e00947474f') in 0.0200578 seconds
Number of updated asset objects reloaded before import = 0Number of asset objects unloaded after import = 7

========================================================================
Received Import Request.
  Time since last request: 0.000031 seconds.
  path: Assets/Dungeon/Models/NGF_Env_Stone_doorway_on_the_foundation_05.fbx
  artifactKey: Guid(6c7b2de42aa9b1d4186c8d536e3a57d0) Importer(815301076,1909f56bfc062723c751e8b465ee728b)
Start importing Assets/Dungeon/Models/NGF_Env_Stone_doorway_on_the_foundation_05.fbx using Guid(6c7b2de42aa9b1d4186c8d536e3a57d0) Importer(815301076,1909f56bfc062723c751e8b465ee728b) (PreviewImporter) -> (artifact id: '7e1e069864feb4b1fad447480724933a') in 0.0594044 seconds
Number of updated asset objects reloaded before import = 0Number of asset objects unloaded after import = 37

========================================================================
Received Import Request.
  Time since last request: 0.000043 seconds.
  path: Assets/Dungeon/Models/NGF_Env_Stone_doorway_on_the_foundation_03.fbx
  artifactKey: Guid(927a5c8a5fc36e843afdf2ecb9d37a2c) Importer(815301076,1909f56bfc062723c751e8b465ee728b)
Start importing Assets/Dungeon/Models/NGF_Env_Stone_doorway_on_the_foundation_03.fbx using Guid(927a5c8a5fc36e843afdf2ecb9d37a2c) Importer(815301076,1909f56bfc062723c751e8b465ee728b) (PreviewImporter) -> (artifact id: '9af4e43c28e91f6ad6f9b1d401dc8d18') in 0.0602031 seconds
Number of updated asset objects reloaded before import = 0Number of asset objects unloaded after import = 37

========================================================================
Received Import Request.
  Time since last request: 0.000042 seconds.
  path: Assets/Dungeon/Models/NGF_Env_Thin_board_01.fbx
  artifactKey: Guid(9b895d4721e00bf44be4110fef7d6ec1) Importer(815301076,1909f56bfc062723c751e8b465ee728b)
Start importing Assets/Dungeon/Models/NGF_Env_Thin_board_01.fbx using Guid(9b895d4721e00bf44be4110fef7d6ec1) Importer(815301076,1909f56bfc062723c751e8b465ee728b) (PreviewImporter) -> (artifact id: '88d840ab3e7cc81b9f3355ed22edcd9f') in 0.0312992 seconds
Number of updated asset objects reloaded before import = 0Number of asset objects unloaded after import = 7

========================================================================
Received Import Request.
  Time since last request: 0.000039 seconds.
  path: Assets/Dungeon/Models/NGF_Env_Stone_doorway_on_the_foundation_02.fbx
  artifactKey: Guid(4bdfce4bb7643c34aa2b733cd2eeb99f) Importer(815301076,1909f56bfc062723c751e8b465ee728b)
Start importing Assets/Dungeon/Models/NGF_Env_Stone_doorway_on_the_foundation_02.fbx using Guid(4bdfce4bb7643c34aa2b733cd2eeb99f) Importer(815301076,1909f56bfc062723c751e8b465ee728b) (PreviewImporter) -> (artifact id: '446c3abda855575957311d4e62f8b90b') in 0.0252948 seconds
Number of updated asset objects reloaded before import = 0Number of asset objects unloaded after import = 7

========================================================================
Received Import Request.
  Time since last request: 0.000036 seconds.
  path: Assets/Dungeon/Models/NGF_Env_Stone_doorway_06.fbx
  artifactKey: Guid(479795757cb667f418f7a461b2e3c214) Importer(815301076,1909f56bfc062723c751e8b465ee728b)
Start importing Assets/Dungeon/Models/NGF_Env_Stone_doorway_06.fbx using Guid(479795757cb667f418f7a461b2e3c214) Importer(815301076,1909f56bfc062723c751e8b465ee728b) (PreviewImporter) -> (artifact id: '14b32398bfabcfc6ee4c5c9e5a2bfe9d') in 0.0255208 seconds
Number of updated asset objects reloaded before import = 0Number of asset objects unloaded after import = 7

========================================================================
Received Import Request.
  Time since last request: 0.455025 seconds.
  path: Assets/Dungeon/Models/NGF_Env_Thin_board_03.fbx
  artifactKey: Guid(3911bc938f0829747b4378f3261583d5) Importer(815301076,1909f56bfc062723c751e8b465ee728b)
Start importing Assets/Dungeon/Models/NGF_Env_Thin_board_03.fbx using Guid(3911bc938f0829747b4378f3261583d5) Importer(815301076,1909f56bfc062723c751e8b465ee728b) (PreviewImporter) -> (artifact id: '005c133781614af114b0d3fff113b67a') in 0.0199157 seconds
Number of updated asset objects reloaded before import = 0Number of asset objects unloaded after import = 7

========================================================================
Received Import Request.
  Time since last request: 0.000029 seconds.
  path: Assets/Dungeon/Models/NGF_Env_Thin_long_board_02.fbx
  artifactKey: Guid(cb16f06405d06ae4aa065c570c8f58d7) Importer(815301076,1909f56bfc062723c751e8b465ee728b)
Start importing Assets/Dungeon/Models/NGF_Env_Thin_long_board_02.fbx using Guid(cb16f06405d06ae4aa065c570c8f58d7) Importer(815301076,1909f56bfc062723c751e8b465ee728b) (PreviewImporter) -> (artifact id: '3cb0c326d8a44d00093abc407db52e7a') in 0.0233883 seconds
Number of updated asset objects reloaded before import = 0Number of asset objects unloaded after import = 7

========================================================================
Received Import Request.
  Time since last request: 0.000027 seconds.
  path: Assets/Dungeon/Models/NGF_Env_Thin_long_board_04.fbx
  artifactKey: Guid(236c554ba79ff6c408de89dcb05cbbb9) Importer(815301076,1909f56bfc062723c751e8b465ee728b)
Start importing Assets/Dungeon/Models/NGF_Env_Thin_long_board_04.fbx using Guid(236c554ba79ff6c408de89dcb05cbbb9) Importer(815301076,1909f56bfc062723c751e8b465ee728b) (PreviewImporter) -> (artifact id: '1ad15f9b7fcac44a19cd3e69d5789911') in 0.0244355 seconds
Number of updated asset objects reloaded before import = 0Number of asset objects unloaded after import = 7

========================================================================
Received Import Request.
  Time since last request: 0.000026 seconds.
  path: Assets/Dungeon/Models/NGF_Env_Thin_long_board_03.fbx
  artifactKey: Guid(09b6c81a3db28ee48a7e974414bc2f75) Importer(815301076,1909f56bfc062723c751e8b465ee728b)
Start importing Assets/Dungeon/Models/NGF_Env_Thin_long_board_03.fbx using Guid(09b6c81a3db28ee48a7e974414bc2f75) Importer(815301076,1909f56bfc062723c751e8b465ee728b) (PreviewImporter) -> (artifact id: '7a51f09f117abc001fcf58051bae2a32') in 0.0263494 seconds
Number of updated asset objects reloaded before import = 0Number of asset objects unloaded after import = 7

========================================================================
Received Import Request.
  Time since last request: 1.758495 seconds.
  path: Assets/Dungeon/Models/NGF_Env_Wall_03.fbx
  artifactKey: Guid(5f975194efd8f0e45abb45c903fe5b0e) Importer(815301076,1909f56bfc062723c751e8b465ee728b)
Start importing Assets/Dungeon/Models/NGF_Env_Wall_03.fbx using Guid(5f975194efd8f0e45abb45c903fe5b0e) Importer(815301076,1909f56bfc062723c751e8b465ee728b) (PreviewImporter) -> (artifact id: '7e9e1f7215d95a15755fcc3a8987f3ef') in 0.0217967 seconds
Number of updated asset objects reloaded before import = 0Number of asset objects unloaded after import = 7

========================================================================
Received Import Request.
  Time since last request: 0.000024 seconds.
  path: Assets/Dungeon/Models/NGF_Env_Wall_05.fbx
  artifactKey: Guid(b9c2016091dc36546b402c1bebe2bf45) Importer(815301076,1909f56bfc062723c751e8b465ee728b)
Start importing Assets/Dungeon/Models/NGF_Env_Wall_05.fbx using Guid(b9c2016091dc36546b402c1bebe2bf45) Importer(815301076,1909f56bfc062723c751e8b465ee728b) (PreviewImporter) -> (artifact id: '453312bc33f670d453ba62cc7c927b2b') in 0.0333069 seconds
Number of updated asset objects reloaded before import = 0Number of asset objects unloaded after import = 7

========================================================================
Received Import Request.
  Time since last request: 0.000056 seconds.
  path: Assets/Dungeon/Models/NGF_Env_Wall_09.fbx
  artifactKey: Guid(3c7773602ea60de4499844a9971d0019) Importer(815301076,1909f56bfc062723c751e8b465ee728b)
Start importing Assets/Dungeon/Models/NGF_Env_Wall_09.fbx using Guid(3c7773602ea60de4499844a9971d0019) Importer(815301076,1909f56bfc062723c751e8b465ee728b) (PreviewImporter) -> (artifact id: '6966e11516013c121958921b4e10f794') in 0.0217964 seconds
Number of updated asset objects reloaded before import = 0Number of asset objects unloaded after import = 7

========================================================================
Received Import Request.
  Time since last request: 0.364499 seconds.
  path: Assets/Dungeon/Models/NGF_Env_Wall_11.fbx
  artifactKey: Guid(985202707fc0b85488a8c18ae0a64fd6) Importer(815301076,1909f56bfc062723c751e8b465ee728b)
Start importing Assets/Dungeon/Models/NGF_Env_Wall_11.fbx using Guid(985202707fc0b85488a8c18ae0a64fd6) Importer(815301076,1909f56bfc062723c751e8b465ee728b) (PreviewImporter) -> (artifact id: '2def51cbb14eb937377cd42444c9c853') in 0.0187916 seconds
Number of updated asset objects reloaded before import = 0Number of asset objects unloaded after import = 7

========================================================================
Received Import Request.
  Time since last request: 0.000029 seconds.
  path: Assets/Dungeon/Models/NGF_Env_Wall_on_the_foundation_02.fbx
  artifactKey: Guid(545f3eb06aad5b7468a471bdc5bf6fae) Importer(815301076,1909f56bfc062723c751e8b465ee728b)
Start importing Assets/Dungeon/Models/NGF_Env_Wall_on_the_foundation_02.fbx using Guid(545f3eb06aad5b7468a471bdc5bf6fae) Importer(815301076,1909f56bfc062723c751e8b465ee728b) (PreviewImporter) -> (artifact id: '845fb32ed9884e92c0cc8faa47d4d6c9') in 0.0235955 seconds
Number of updated asset objects reloaded before import = 0Number of asset objects unloaded after import = 7

========================================================================
Received Import Request.
  Time since last request: 0.000034 seconds.
  path: Assets/Dungeon/Models/NGF_Env_Wall_on_the_foundation_04.fbx
  artifactKey: Guid(11cb92c9c8e61ab43827a6753df262ef) Importer(815301076,1909f56bfc062723c751e8b465ee728b)
Start importing Assets/Dungeon/Models/NGF_Env_Wall_on_the_foundation_04.fbx using Guid(11cb92c9c8e61ab43827a6753df262ef) Importer(815301076,1909f56bfc062723c751e8b465ee728b) (PreviewImporter) -> (artifact id: 'b9590d2a7831fa181f5fc9ffa01e8c79') in 0.0240213 seconds
Number of updated asset objects reloaded before import = 0Number of asset objects unloaded after import = 7

========================================================================
Received Import Request.
  Time since last request: 0.945453 seconds.
  path: Assets/Dungeon/Models/NGF_Env_Wall_on_the_foundation_07.fbx
  artifactKey: Guid(848a3791320375a46bb6119861de1f1d) Importer(815301076,1909f56bfc062723c751e8b465ee728b)
Start importing Assets/Dungeon/Models/NGF_Env_Wall_on_the_foundation_07.fbx using Guid(848a3791320375a46bb6119861de1f1d) Importer(815301076,1909f56bfc062723c751e8b465ee728b) (PreviewImporter) -> (artifact id: '9412da5940fd5a89202f6f86a8a6f59b') in 0.0207722 seconds
Number of updated asset objects reloaded before import = 0Number of asset objects unloaded after import = 7

========================================================================
Received Import Request.
  Time since last request: 0.000028 seconds.
  path: Assets/Dungeon/Models/NGF_Env_Wall_on_the_foundation_11.fbx
  artifactKey: Guid(d56d4b0824a6e5d4f95bfacd60565e48) Importer(815301076,1909f56bfc062723c751e8b465ee728b)
Start importing Assets/Dungeon/Models/NGF_Env_Wall_on_the_foundation_11.fbx using Guid(d56d4b0824a6e5d4f95bfacd60565e48) Importer(815301076,1909f56bfc062723c751e8b465ee728b) (PreviewImporter) -> (artifact id: '011b9a6e9038115cb842a6b8bd1f1fcf') in 0.0225522 seconds
Number of updated asset objects reloaded before import = 0Number of asset objects unloaded after import = 7

========================================================================
Received Import Request.
  Time since last request: 0.000034 seconds.
  path: Assets/Dungeon/Models/NGF_Env_Wooden_bar_01.fbx
  artifactKey: Guid(c268665458482cd4e982d0c323aff2ae) Importer(815301076,1909f56bfc062723c751e8b465ee728b)
Start importing Assets/Dungeon/Models/NGF_Env_Wooden_bar_01.fbx using Guid(c268665458482cd4e982d0c323aff2ae) Importer(815301076,1909f56bfc062723c751e8b465ee728b) (PreviewImporter) -> (artifact id: 'e4397f4e5c5bf79e36eb7cf8f3c403f5') in 0.0187803 seconds
Number of updated asset objects reloaded before import = 0Number of asset objects unloaded after import = 7

========================================================================
Received Import Request.
  Time since last request: 1.542220 seconds.
  path: Assets/Dungeon/Models/NGF_Env_Wooden_bar_03.fbx
  artifactKey: Guid(af3ea264c3189eb4ba3029f774dca1df) Importer(815301076,1909f56bfc062723c751e8b465ee728b)
Start importing Assets/Dungeon/Models/NGF_Env_Wooden_bar_03.fbx using Guid(af3ea264c3189eb4ba3029f774dca1df) Importer(815301076,1909f56bfc062723c751e8b465ee728b) (PreviewImporter) -> (artifact id: 'e9e0d9a1586fa4cfe9e5eed918625497') in 0.0189533 seconds
Number of updated asset objects reloaded before import = 0Number of asset objects unloaded after import = 7

========================================================================
Received Import Request.
  Time since last request: 0.000024 seconds.
  path: Assets/Dungeon/Models/NGF_Env_Wooden_bar_small_02.fbx
  artifactKey: Guid(954a588d97bdd7246bf264ec71e65f43) Importer(815301076,1909f56bfc062723c751e8b465ee728b)
Start importing Assets/Dungeon/Models/NGF_Env_Wooden_bar_small_02.fbx using Guid(954a588d97bdd7246bf264ec71e65f43) Importer(815301076,1909f56bfc062723c751e8b465ee728b) (PreviewImporter) -> (artifact id: '186535b38d7df4b267db704f3bab2878') in 0.0225238 seconds
Number of updated asset objects reloaded before import = 0Number of asset objects unloaded after import = 7

========================================================================
Received Import Request.
  Time since last request: 0.000032 seconds.
  path: Assets/Dungeon/Models/NGF_Env_Wooden_bar_small_04.fbx
  artifactKey: Guid(756f911753b5013408b8925c60d779f1) Importer(815301076,1909f56bfc062723c751e8b465ee728b)
Start importing Assets/Dungeon/Models/NGF_Env_Wooden_bar_small_04.fbx using Guid(756f911753b5013408b8925c60d779f1) Importer(815301076,1909f56bfc062723c751e8b465ee728b) (PreviewImporter) -> (artifact id: '3d92ee410d4a0cd36eb7487ddae69f25') in 0.0199679 seconds
Number of updated asset objects reloaded before import = 0Number of asset objects unloaded after import = 7

========================================================================
Received Import Request.
  Time since last request: 0.000036 seconds.
  path: Assets/Dungeon/Models/NGF_Env_Wooden_doorway_04.fbx
  artifactKey: Guid(714c73b1047bb4d49b996d387e345e8d) Importer(815301076,1909f56bfc062723c751e8b465ee728b)
Start importing Assets/Dungeon/Models/NGF_Env_Wooden_doorway_04.fbx using Guid(714c73b1047bb4d49b996d387e345e8d) Importer(815301076,1909f56bfc062723c751e8b465ee728b) (PreviewImporter) -> (artifact id: 'a8a1eb1ccc6ee10ff7a5a3ce8130c32e') in 0.0505164 seconds
Number of updated asset objects reloaded before import = 0Number of asset objects unloaded after import = 37

========================================================================
Received Import Request.
  Time since last request: 0.000055 seconds.
  path: Assets/Dungeon/Models/NGF_Env_Wooden_doorway_on_the_foundation_02.fbx
  artifactKey: Guid(ec3fb246a4c1a71439c5e2902c168a93) Importer(815301076,1909f56bfc062723c751e8b465ee728b)
Start importing Assets/Dungeon/Models/NGF_Env_Wooden_doorway_on_the_foundation_02.fbx using Guid(ec3fb246a4c1a71439c5e2902c168a93) Importer(815301076,1909f56bfc062723c751e8b465ee728b) (PreviewImporter) -> (artifact id: '0f5e4322f4a3dc7e4440d1034efe27d8') in 0.0525115 seconds
Number of updated asset objects reloaded before import = 0Number of asset objects unloaded after import = 37

========================================================================
Received Import Request.
  Time since last request: 0.096381 seconds.
  path: Assets/Dungeon/Models/NGF_Env_Wooden_doorway_on_the_foundation_05.fbx
  artifactKey: Guid(a36414b3718dc9a40afba99ba76302eb) Importer(815301076,1909f56bfc062723c751e8b465ee728b)
Start importing Assets/Dungeon/Models/NGF_Env_Wooden_doorway_on_the_foundation_05.fbx using Guid(a36414b3718dc9a40afba99ba76302eb) Importer(815301076,1909f56bfc062723c751e8b465ee728b) (PreviewImporter) -> (artifact id: '7bdc6c8e2db6ce4d2f95b28a79c69c2a') in 0.0209433 seconds
Number of updated asset objects reloaded before import = 0Number of asset objects unloaded after import = 7

========================================================================
Received Import Request.
  Time since last request: 0.000026 seconds.
  path: Assets/Dungeon/Models/NGF_Inkstand_01.fbx
  artifactKey: Guid(55465d9bf2e6ebc468e8b1e215d7f93c) Importer(815301076,1909f56bfc062723c751e8b465ee728b)
Start importing Assets/Dungeon/Models/NGF_Inkstand_01.fbx using Guid(55465d9bf2e6ebc468e8b1e215d7f93c) Importer(815301076,1909f56bfc062723c751e8b465ee728b) (PreviewImporter) -> (artifact id: 'b38547b1f23a147e324115c8f6e88936') in 0.0372849 seconds
Number of updated asset objects reloaded before import = 0Number of asset objects unloaded after import = 12

========================================================================
Received Import Request.
  Time since last request: 0.000030 seconds.
  path: Assets/Dungeon/Models/NGF_Feather_01.fbx
  artifactKey: Guid(60366d35fd675974880fba9ab0c2082d) Importer(815301076,1909f56bfc062723c751e8b465ee728b)
Start importing Assets/Dungeon/Models/NGF_Feather_01.fbx using Guid(60366d35fd675974880fba9ab0c2082d) Importer(815301076,1909f56bfc062723c751e8b465ee728b) (PreviewImporter) -> (artifact id: 'd78c45870ad9049314e3596e4cc8c2f2') in 0.0241098 seconds
Number of updated asset objects reloaded before import = 0Number of asset objects unloaded after import = 7

========================================================================
Received Import Request.
  Time since last request: 12.351780 seconds.
  path: Assets/Dungeon/Models/NGF_Jug_05.fbx
  artifactKey: Guid(b3dc09a65081bd4458d36ba260e1b9b6) Importer(815301076,1909f56bfc062723c751e8b465ee728b)
Start importing Assets/Dungeon/Models/NGF_Jug_05.fbx using Guid(b3dc09a65081bd4458d36ba260e1b9b6) Importer(815301076,1909f56bfc062723c751e8b465ee728b) (PreviewImporter) -> (artifact id: 'acbd946d7295da410559a8c50533b1a4') in 0.0226288 seconds
Number of updated asset objects reloaded before import = 0Number of asset objects unloaded after import = 7

========================================================================
Received Import Request.
  Time since last request: 0.000028 seconds.
  path: Assets/Dungeon/Models/NGF_Light_Campfire_02.fbx
  artifactKey: Guid(217e5a8dedafa2e45b3977845a431336) Importer(815301076,1909f56bfc062723c751e8b465ee728b)
Start importing Assets/Dungeon/Models/NGF_Light_Campfire_02.fbx using Guid(217e5a8dedafa2e45b3977845a431336) Importer(815301076,1909f56bfc062723c751e8b465ee728b) (PreviewImporter) -> (artifact id: '715e53133ea5c4689abbaae1ef2560b1') in 0.0413248 seconds
Number of updated asset objects reloaded before import = 0Number of asset objects unloaded after import = 7

========================================================================
Received Import Request.
  Time since last request: 0.000032 seconds.
  path: Assets/Dungeon/Models/NGF_Light_Crystal_big_01.fbx
  artifactKey: Guid(a3e9de52e73c82b4896256e4365de666) Importer(815301076,1909f56bfc062723c751e8b465ee728b)
Start importing Assets/Dungeon/Models/NGF_Light_Crystal_big_01.fbx using Guid(a3e9de52e73c82b4896256e4365de666) Importer(815301076,1909f56bfc062723c751e8b465ee728b) (PreviewImporter) -> (artifact id: '0a28df8ecb03af7bb6cc793d667ffb6c') in 0.022811 seconds
Number of updated asset objects reloaded before import = 0Number of asset objects unloaded after import = 7

========================================================================
Received Import Request.
  Time since last request: 0.000024 seconds.
  path: Assets/Dungeon/Models/NGF_Light_Crystal_big_04.fbx
  artifactKey: Guid(f8281ecb27d38e8449c7eddefe7e8ff3) Importer(815301076,1909f56bfc062723c751e8b465ee728b)
Start importing Assets/Dungeon/Models/NGF_Light_Crystal_big_04.fbx using Guid(f8281ecb27d38e8449c7eddefe7e8ff3) Importer(815301076,1909f56bfc062723c751e8b465ee728b) (PreviewImporter) -> (artifact id: '4ae4575a9af4e1cb717b61c03fecc72a') in 0.0354312 seconds
Number of updated asset objects reloaded before import = 0Number of asset objects unloaded after import = 7

========================================================================
Received Import Request.
  Time since last request: 0.000031 seconds.
  path: Assets/Dungeon/Models/NGF_Light_Campfire_was_burning_02.fbx
  artifactKey: Guid(304726f265e587245ad995e8cae70231) Importer(815301076,1909f56bfc062723c751e8b465ee728b)
Start importing Assets/Dungeon/Models/NGF_Light_Campfire_was_burning_02.fbx using Guid(304726f265e587245ad995e8cae70231) Importer(815301076,1909f56bfc062723c751e8b465ee728b) (PreviewImporter) -> (artifact id: '58de2db134753ccbacccfbbe615a9386') in 0.0380409 seconds
Number of updated asset objects reloaded before import = 0Number of asset objects unloaded after import = 7

========================================================================
Received Import Request.
  Time since last request: 2.263682 seconds.
  path: Assets/Dungeon/Models/NGF_Light_Crystal_group_big_02.fbx
  artifactKey: Guid(0f843c1d0c97996409a68f51a59b23ee) Importer(815301076,1909f56bfc062723c751e8b465ee728b)
Start importing Assets/Dungeon/Models/NGF_Light_Crystal_group_big_02.fbx using Guid(0f843c1d0c97996409a68f51a59b23ee) Importer(815301076,1909f56bfc062723c751e8b465ee728b) (PreviewImporter) -> (artifact id: '261cc10b15f1c9f140b945c10e636049') in 0.0197877 seconds
Number of updated asset objects reloaded before import = 0Number of asset objects unloaded after import = 7

========================================================================
Received Import Request.
  Time since last request: 0.000021 seconds.
  path: Assets/Dungeon/Models/NGF_Light_Crystal_group_big_05.fbx
  artifactKey: Guid(76a0c50f81af8e948a4ffa14a2f8e327) Importer(815301076,1909f56bfc062723c751e8b465ee728b)
Start importing Assets/Dungeon/Models/NGF_Light_Crystal_group_big_05.fbx using Guid(76a0c50f81af8e948a4ffa14a2f8e327) Importer(815301076,1909f56bfc062723c751e8b465ee728b) (PreviewImporter) -> (artifact id: '1adf082469ddbdd7714724a3370ce1f2') in 0.0226861 seconds
Number of updated asset objects reloaded before import = 0Number of asset objects unloaded after import = 7

========================================================================
Received Import Request.
  Time since last request: 0.000031 seconds.
  path: Assets/Dungeon/Models/NGF_Light_Crystal_group_small_02.fbx
  artifactKey: Guid(35d2398ae5624c84ea41acd39155650e) Importer(815301076,1909f56bfc062723c751e8b465ee728b)
Start importing Assets/Dungeon/Models/NGF_Light_Crystal_group_small_02.fbx using Guid(35d2398ae5624c84ea41acd39155650e) Importer(815301076,1909f56bfc062723c751e8b465ee728b) (PreviewImporter) -> (artifact id: '35be24722b1aa52ef70fc9f4d21e0b82') in 0.0206344 seconds
Number of updated asset objects reloaded before import = 0Number of asset objects unloaded after import = 7

========================================================================
Received Import Request.
  Time since last request: 4.782761 seconds.
  path: Assets/Dungeon/Models/NGF_Light_Crystal_group_small_05.fbx
  artifactKey: Guid(4edff1973188701449157ea492aff7cf) Importer(815301076,1909f56bfc062723c751e8b465ee728b)
Start importing Assets/Dungeon/Models/NGF_Light_Crystal_group_small_05.fbx using Guid(4edff1973188701449157ea492aff7cf) Importer(815301076,1909f56bfc062723c751e8b465ee728b) (PreviewImporter) -> (artifact id: 'c496cd9f4138752923c3b01051d77c0d') in 0.022902 seconds
Number of updated asset objects reloaded before import = 0Number of asset objects unloaded after import = 7

========================================================================
Received Import Request.
  Time since last request: 0.000055 seconds.
  path: Assets/Dungeon/Models/NGF_Light_Crystal_medium_04.fbx
  artifactKey: Guid(9f36d61e6948ee54fac79b79fc7d5e20) Importer(815301076,1909f56bfc062723c751e8b465ee728b)
Start importing Assets/Dungeon/Models/NGF_Light_Crystal_medium_04.fbx using Guid(9f36d61e6948ee54fac79b79fc7d5e20) Importer(815301076,1909f56bfc062723c751e8b465ee728b) (PreviewImporter) -> (artifact id: 'b21bdddef2f8d251431fb47f0412f3c0') in 0.0332984 seconds
Number of updated asset objects reloaded before import = 0Number of asset objects unloaded after import = 7

========================================================================
Received Import Request.
  Time since last request: 0.000032 seconds.
  path: Assets/Dungeon/Models/NGF_Light_Crystal_medium_03.fbx
  artifactKey: Guid(2ebda1bc02fec5d4c9bae83ff252d93f) Importer(815301076,1909f56bfc062723c751e8b465ee728b)
Start importing Assets/Dungeon/Models/NGF_Light_Crystal_medium_03.fbx using Guid(2ebda1bc02fec5d4c9bae83ff252d93f) Importer(815301076,1909f56bfc062723c751e8b465ee728b) (PreviewImporter) -> (artifact id: 'f5c72e7f32dc9a36e8a641be0c4eae34') in 0.0393827 seconds
Number of updated asset objects reloaded before import = 0Number of asset objects unloaded after import = 7

========================================================================
Received Import Request.
  Time since last request: 0.159946 seconds.
  path: Assets/Dungeon/Models/NGF_Light_Crystal_small_03.fbx
  artifactKey: Guid(1257ceb1a32fdd440be726f8c175a9a4) Importer(815301076,1909f56bfc062723c751e8b465ee728b)
Start importing Assets/Dungeon/Models/NGF_Light_Crystal_small_03.fbx using Guid(1257ceb1a32fdd440be726f8c175a9a4) Importer(815301076,1909f56bfc062723c751e8b465ee728b) (PreviewImporter) -> (artifact id: '2efa030454e2b013f791fcbe293e5746') in 0.0210597 seconds
Number of updated asset objects reloaded before import = 0Number of asset objects unloaded after import = 7

========================================================================
Received Import Request.
  Time since last request: 0.000027 seconds.
  path: Assets/Dungeon/Models/NGF_Light_Ledge.fbx
  artifactKey: Guid(0974b7761dc22d74fa0d8eea917f6ed6) Importer(815301076,1909f56bfc062723c751e8b465ee728b)
Start importing Assets/Dungeon/Models/NGF_Light_Ledge.fbx using Guid(0974b7761dc22d74fa0d8eea917f6ed6) Importer(815301076,1909f56bfc062723c751e8b465ee728b) (PreviewImporter) -> (artifact id: '35ac8791c70a2de3d1e41ef1a18ce2ee') in 0.0244443 seconds
Number of updated asset objects reloaded before import = 0Number of asset objects unloaded after import = 7

========================================================================
Received Import Request.
  Time since last request: 0.000039 seconds.
  path: Assets/Dungeon/Models/NGF_Light_Plate_holder.fbx
  artifactKey: Guid(bdbaf0e1a685cf947bb6cd7268caa1bd) Importer(815301076,1909f56bfc062723c751e8b465ee728b)
Start importing Assets/Dungeon/Models/NGF_Light_Plate_holder.fbx using Guid(bdbaf0e1a685cf947bb6cd7268caa1bd) Importer(815301076,1909f56bfc062723c751e8b465ee728b) (PreviewImporter) -> (artifact id: '4083b6ede644a6827cdf859ef14ee6a6') in 0.031302 seconds
Number of updated asset objects reloaded before import = 0Number of asset objects unloaded after import = 12

========================================================================
Received Import Request.
  Time since last request: 0.000058 seconds.
  path: Assets/Dungeon/Models/NGF_Light_Pedestal_02.fbx
  artifactKey: Guid(d40cd532c3324e24fb7e9a8211ba22f4) Importer(815301076,1909f56bfc062723c751e8b465ee728b)
Start importing Assets/Dungeon/Models/NGF_Light_Pedestal_02.fbx using Guid(d40cd532c3324e24fb7e9a8211ba22f4) Importer(815301076,1909f56bfc062723c751e8b465ee728b) (PreviewImporter) -> (artifact id: '8311b4f1b8a39e11f3bfe7b86fba8998') in 0.0388833 seconds
Number of updated asset objects reloaded before import = 0Number of asset objects unloaded after import = 12

========================================================================
Received Import Request.
  Time since last request: 0.000029 seconds.
  path: Assets/Dungeon/Models/NGF_Light_Torch_holder.fbx
  artifactKey: Guid(fcc639ee610cb0f4a914fa108b8e54be) Importer(815301076,1909f56bfc062723c751e8b465ee728b)
Start importing Assets/Dungeon/Models/NGF_Light_Torch_holder.fbx using Guid(fcc639ee610cb0f4a914fa108b8e54be) Importer(815301076,1909f56bfc062723c751e8b465ee728b) (PreviewImporter) -> (artifact id: '3837485e5ca22b4ffaed2018e2d5b7ac') in 0.0470648 seconds
Number of updated asset objects reloaded before import = 0Number of asset objects unloaded after import = 22

========================================================================
Received Import Request.
  Time since last request: 0.000034 seconds.
  path: Assets/Dungeon/Models/NGF_Pieces_of_a_jug_01.fbx
  artifactKey: Guid(8d08fd65e61307540966faf27204062b) Importer(815301076,1909f56bfc062723c751e8b465ee728b)
Start importing Assets/Dungeon/Models/NGF_Pieces_of_a_jug_01.fbx using Guid(8d08fd65e61307540966faf27204062b) Importer(815301076,1909f56bfc062723c751e8b465ee728b) (PreviewImporter) -> (artifact id: '502535b533769f2d7fe33603c427dfa3') in 0.0239588 seconds
Number of updated asset objects reloaded before import = 0Number of asset objects unloaded after import = 7

========================================================================
Received Import Request.
  Time since last request: 0.560142 seconds.
  path: Assets/Dungeon/Models/NGF_Pieces_of_a_jug_03.fbx
  artifactKey: Guid(991f6140aab9a1d4bba90ba7dec54a69) Importer(815301076,1909f56bfc062723c751e8b465ee728b)
Start importing Assets/Dungeon/Models/NGF_Pieces_of_a_jug_03.fbx using Guid(991f6140aab9a1d4bba90ba7dec54a69) Importer(815301076,1909f56bfc062723c751e8b465ee728b) (PreviewImporter) -> (artifact id: 'a2b988333a207e2ab3bc22222ec19453') in 0.0197504 seconds
Number of updated asset objects reloaded before import = 0Number of asset objects unloaded after import = 7

========================================================================
Received Import Request.
  Time since last request: 0.000024 seconds.
  path: Assets/Dungeon/Models/NGF_Pieces_of_a_jug_06.fbx
  artifactKey: Guid(3f61c34d3deba0b4881be80ed52b416c) Importer(815301076,1909f56bfc062723c751e8b465ee728b)
Start importing Assets/Dungeon/Models/NGF_Pieces_of_a_jug_06.fbx using Guid(3f61c34d3deba0b4881be80ed52b416c) Importer(815301076,1909f56bfc062723c751e8b465ee728b) (PreviewImporter) -> (artifact id: 'f3ac59cbb2dfcfb6f8960ac267f386ca') in 0.0237429 seconds
Number of updated asset objects reloaded before import = 0Number of asset objects unloaded after import = 7

========================================================================
Received Import Request.
  Time since last request: 0.000053 seconds.
  path: Assets/Dungeon/Models/NGF_Pieces_of_a_jug_08.fbx
  artifactKey: Guid(98e3bfde473d3184f9077c3824d2f3ae) Importer(815301076,1909f56bfc062723c751e8b465ee728b)
Start importing Assets/Dungeon/Models/NGF_Pieces_of_a_jug_08.fbx using Guid(98e3bfde473d3184f9077c3824d2f3ae) Importer(815301076,1909f56bfc062723c751e8b465ee728b) (PreviewImporter) -> (artifact id: '2754f805dab005acfb5cc30379467d0c') in 0.024735 seconds
Number of updated asset objects reloaded before import = 0Number of asset objects unloaded after import = 7

========================================================================
Received Import Request.
  Time since last request: 23.579868 seconds.
  path: Assets/Dungeon/Models/NGF_Pieces_of_a_jug_11.fbx
  artifactKey: Guid(103520dca7af2a64d948243896a3c620) Importer(815301076,1909f56bfc062723c751e8b465ee728b)
Start importing Assets/Dungeon/Models/NGF_Pieces_of_a_jug_11.fbx using Guid(103520dca7af2a64d948243896a3c620) Importer(815301076,1909f56bfc062723c751e8b465ee728b) (PreviewImporter) -> (artifact id: '7637321d2f0eae5b5b25f16990e74a1c') in 0.0201918 seconds
Number of updated asset objects reloaded before import = 0Number of asset objects unloaded after import = 7

========================================================================
Received Import Request.
  Time since last request: 0.000023 seconds.
  path: Assets/Dungeon/Models/NGF_Pieces_of_a_jug_14.fbx
  artifactKey: Guid(6675928e31623604db4c8acc834e9ab0) Importer(815301076,1909f56bfc062723c751e8b465ee728b)
Start importing Assets/Dungeon/Models/NGF_Pieces_of_a_jug_14.fbx using Guid(6675928e31623604db4c8acc834e9ab0) Importer(815301076,1909f56bfc062723c751e8b465ee728b) (PreviewImporter) -> (artifact id: '42992d188fd16733732555b29898474a') in 0.0210342 seconds
Number of updated asset objects reloaded before import = 0Number of asset objects unloaded after import = 7

========================================================================
Received Import Request.
  Time since last request: 0.000023 seconds.
  path: Assets/Dungeon/Models/NGF_Pieces_of_a_jug_18.fbx
  artifactKey: Guid(f2b35ab886602754eabf2f494614fea8) Importer(815301076,1909f56bfc062723c751e8b465ee728b)
Start importing Assets/Dungeon/Models/NGF_Pieces_of_a_jug_18.fbx using Guid(f2b35ab886602754eabf2f494614fea8) Importer(815301076,1909f56bfc062723c751e8b465ee728b) (PreviewImporter) -> (artifact id: '06b38a434c6325a65c9b072ae385ac79') in 0.0200238 seconds
Number of updated asset objects reloaded before import = 0Number of asset objects unloaded after import = 7

========================================================================
Received Import Request.
  Time since last request: 0.000022 seconds.
  path: Assets/Dungeon/Models/NGF_Pieces_of_a_jug_19.fbx
  artifactKey: Guid(6f1a1ca699faa08488005c0cba3caf89) Importer(815301076,1909f56bfc062723c751e8b465ee728b)
Start importing Assets/Dungeon/Models/NGF_Pieces_of_a_jug_19.fbx using Guid(6f1a1ca699faa08488005c0cba3caf89) Importer(815301076,1909f56bfc062723c751e8b465ee728b) (PreviewImporter) -> (artifact id: 'ba42c5674bd159e5bacd8abf91880ea7') in 0.0416748 seconds
Number of updated asset objects reloaded before import = 0Number of asset objects unloaded after import = 7

========================================================================
Received Import Request.
  Time since last request: 0.000027 seconds.
  path: Assets/Dungeon/Models/NGF_Pouch_02.fbx
  artifactKey: Guid(fd75eab5d79e7984c92758b28eb9618c) Importer(815301076,1909f56bfc062723c751e8b465ee728b)
Start importing Assets/Dungeon/Models/NGF_Pouch_02.fbx using Guid(fd75eab5d79e7984c92758b28eb9618c) Importer(815301076,1909f56bfc062723c751e8b465ee728b) (PreviewImporter) -> (artifact id: '216479f5c3944cd1a2727db8c5f8b10e') in 0.0253166 seconds
Number of updated asset objects reloaded before import = 0Number of asset objects unloaded after import = 7

========================================================================
Received Import Request.
  Time since last request: 0.628502 seconds.
  path: Assets/Dungeon/Models/NGF_Rack_02.fbx
  artifactKey: Guid(527b12abbe923f7459bcd4507ec4ae94) Importer(815301076,1909f56bfc062723c751e8b465ee728b)
Start importing Assets/Dungeon/Models/NGF_Rack_02.fbx using Guid(527b12abbe923f7459bcd4507ec4ae94) Importer(815301076,1909f56bfc062723c751e8b465ee728b) (PreviewImporter) -> (artifact id: 'cde92ea1813695f32b842e30f6140da3') in 0.0221961 seconds
Number of updated asset objects reloaded before import = 0Number of asset objects unloaded after import = 7

========================================================================
Received Import Request.
  Time since last request: 0.000028 seconds.
  path: Assets/Dungeon/Models/NGF_Shelf_01.fbx
  artifactKey: Guid(a4df7dd696a684e49a3ce4555359d27e) Importer(815301076,1909f56bfc062723c751e8b465ee728b)
Start importing Assets/Dungeon/Models/NGF_Shelf_01.fbx using Guid(a4df7dd696a684e49a3ce4555359d27e) Importer(815301076,1909f56bfc062723c751e8b465ee728b) (PreviewImporter) -> (artifact id: '6364d5b2a46a9103aac1ece5c3f97754') in 0.0203854 seconds
Number of updated asset objects reloaded before import = 0Number of asset objects unloaded after import = 7

========================================================================
Received Import Request.
  Time since last request: 0.000027 seconds.
  path: Assets/Dungeon/Models/NGF_Stool_02.fbx
  artifactKey: Guid(58298b25a21aaa84ab933de05889faf0) Importer(815301076,1909f56bfc062723c751e8b465ee728b)
Start importing Assets/Dungeon/Models/NGF_Stool_02.fbx using Guid(58298b25a21aaa84ab933de05889faf0) Importer(815301076,1909f56bfc062723c751e8b465ee728b) (PreviewImporter) -> (artifact id: 'b2214e7aaa1adbfd715e729eb552b77f') in 0.0276261 seconds
Number of updated asset objects reloaded before import = 0Number of asset objects unloaded after import = 7

Editor requested this worker to shutdown with reason: Scaling down because of idle timeout
AssetImportWorker is now disconnected from the server
Process exiting
Exiting without the bug reporter. Application will terminate with return code 0