Using pre-set license
Built from '6000.0/staging' branch; Version is '6000.0.28f1 (f336aca0cab5) revision 15939244'; Using compiler version '193933523'; Build Type 'Release'
OS: 'Windows 11  (10.0.26100) 64bit CoreSingleLanguage' Language: 'th' Physical Memory: 16105 MB
BatchMode: 1, IsHumanControllingUs: 0, StartBugReporterOnCrash: 0, Is64bit: 1, IsPro: 1

COMMAND LINE ARGUMENTS:
C:\Program Files\Unity\Hub\Editor\6000.0.28f1\Editor\Unity.exe
-adb2
-batchMode
-noUpm
-name
AssetImportWorker10
-projectPath
C:/Users/asus/RPG
-logFile
Logs/AssetImportWorker10.log
-srvPort
13025
-job-worker-count
5
-background-job-worker-count
8
-asset-garbage-collectors
1
Successfully changed project path to: C:/Users/asus/RPG
C:/Users/asus/RPG
[UnityMemory] Configuration Parameters - Can be set up in boot.config
    "memorysetup-bucket-allocator-granularity=16"
    "memorysetup-bucket-allocator-bucket-count=8"
    "memorysetup-bucket-allocator-block-size=33554432"
    "memorysetup-bucket-allocator-block-count=8"
    "memorysetup-main-allocator-block-size=16777216"
    "memorysetup-thread-allocator-block-size=16777216"
    "memorysetup-gfx-main-allocator-block-size=16777216"
    "memorysetup-gfx-thread-allocator-block-size=16777216"
    "memorysetup-cache-allocator-block-size=4194304"
    "memorysetup-typetree-allocator-block-size=2097152"
    "memorysetup-profiler-bucket-allocator-granularity=16"
    "memorysetup-profiler-bucket-allocator-bucket-count=8"
    "memorysetup-profiler-bucket-allocator-block-size=33554432"
    "memorysetup-profiler-bucket-allocator-block-count=8"
    "memorysetup-profiler-allocator-block-size=16777216"
    "memorysetup-profiler-editor-allocator-block-size=1048576"
    "memorysetup-temp-allocator-size-main=16777216"
    "memorysetup-job-temp-allocator-block-size=2097152"
    "memorysetup-job-temp-allocator-block-size-background=1048576"
    "memorysetup-job-temp-allocator-reduction-small-platforms=262144"
    "memorysetup-allocator-temp-initial-block-size-main=262144"
    "memorysetup-allocator-temp-initial-block-size-worker=262144"
    "memorysetup-temp-allocator-size-background-worker=32768"
    "memorysetup-temp-allocator-size-job-worker=262144"
    "memorysetup-temp-allocator-size-preload-manager=33554432"
    "memorysetup-temp-allocator-size-nav-mesh-worker=65536"
    "memorysetup-temp-allocator-size-audio-worker=65536"
    "memorysetup-temp-allocator-size-cloud-worker=32768"
    "memorysetup-temp-allocator-size-gi-baking-worker=262144"
    "memorysetup-temp-allocator-size-gi-baking-worker=262144"
    "memorysetup-temp-allocator-size-gi-baking-worker=262144"
    "memorysetup-temp-allocator-size-gi-baking-worker=262144"
    "memorysetup-temp-allocator-size-gi-baking-worker=262144"
    "memorysetup-temp-allocator-size-gfx=262144"
Player connection [20912]  Target information:

Player connection [20912]  * "[IP] 172.20.10.4 [Port] 0 [Flags] 2 [Guid] 2178424006 [EditorId] 2178424006 [Version] 1048832 [Id] WindowsEditor(7,LAPTOP-JLDE18AG) [Debug] 1 [PackageName] WindowsEditor [ProjectName] Editor" 

Player connection [20912] Host joined multi-casting on [225.0.0.222:54997]...
Player connection [20912] Host joined alternative multi-casting on [225.0.0.222:34997]...
JobSystem: Creating JobQueue using job-worker-count value 5
[Physics::Module] Initialized fallback backend.
[Physics::Module] Id: 0xdecafbad
Library Redirect Path: Library/
[Physics::Module] Selected backend.
[Physics::Module] Name: PhysX
[Physics::Module] Id: 0xf2b8ea05
[Physics::Module] SDK Version: 4.1.2
[Physics::Module] Integration Version: 1.0.0
[Physics::Module] Threading Mode: Multi-Threaded
Refreshing native plugins compatible for Editor in 2.33 ms, found 3 plugins.
Preloading 0 native plugins for Editor in 0.00 ms.
Initialize engine version: 6000.0.28f1 (f336aca0cab5)
[Subsystems] Discovering subsystems at path C:/Program Files/Unity/Hub/Editor/6000.0.28f1/Editor/Data/Resources/UnitySubsystems
[Subsystems] Discovering subsystems at path C:/Users/asus/RPG/Assets
GfxDevice: creating device client; kGfxThreadingModeNonThreaded
Direct3D:
    Version:  Direct3D 11.0 [level 11.1]
    Renderer: NVIDIA GeForce RTX 3050 Ti Laptop GPU (ID=0x25a0)
    Vendor:   NVIDIA
    VRAM:     3962 MB
    Driver:   32.0.15.6607
Initialize mono
Mono path[0] = 'C:/Program Files/Unity/Hub/Editor/6000.0.28f1/Editor/Data/Managed'
Mono path[1] = 'C:/Program Files/Unity/Hub/Editor/6000.0.28f1/Editor/Data/MonoBleedingEdge/lib/mono/unityjit-win32'
Mono config path = 'C:/Program Files/Unity/Hub/Editor/6000.0.28f1/Editor/Data/MonoBleedingEdge/etc'
Using monoOptions --debugger-agent=transport=dt_socket,embedding=1,server=y,suspend=n,address=127.0.0.1:56832
Begin MonoManager ReloadAssembly
Registering precompiled unity dll's ...
Register platform support module: C:/Program Files/Unity/Hub/Editor/6000.0.28f1/Editor/Data/PlaybackEngines/WebGLSupport/UnityEditor.WebGL.Extensions.dll
Register platform support module: C:/Program Files/Unity/Hub/Editor/6000.0.28f1/Editor/Data/PlaybackEngines/WindowsStandaloneSupport/UnityEditor.WindowsStandalone.Extensions.dll
Registered in 0.006085 seconds.
- Loaded All Assemblies, in  0.429 seconds
Native extension for WindowsStandalone target not found
Native extension for WebGL target not found
Mono: successfully reloaded assembly
- Finished resetting the current domain, in  0.319 seconds
Domain Reload Profiling: 746ms
	BeginReloadAssembly (142ms)
		ExecutionOrderSort (0ms)
		DisableScriptedObjects (0ms)
		BackupInstance (0ms)
		ReleaseScriptingObjects (0ms)
		CreateAndSetChildDomain (1ms)
	RebuildCommonClasses (38ms)
	RebuildNativeTypeToScriptingClass (11ms)
	initialDomainReloadingComplete (52ms)
	LoadAllAssembliesAndSetupDomain (183ms)
		LoadAssemblies (140ms)
		RebuildTransferFunctionScriptingTraits (0ms)
		AnalyzeDomain (180ms)
			TypeCache.Refresh (178ms)
				TypeCache.ScanAssembly (157ms)
			BuildScriptInfoCaches (0ms)
			ResolveRequiredComponents (1ms)
	FinalizeReload (319ms)
		ReleaseScriptCaches (0ms)
		RebuildScriptCaches (0ms)
		SetupLoadedEditorAssemblies (274ms)
			LogAssemblyErrors (0ms)
			InitializePlatformSupportModulesInManaged (31ms)
			SetLoadedEditorAssemblies (4ms)
			BeforeProcessingInitializeOnLoad (7ms)
			ProcessInitializeOnLoadAttributes (176ms)
			ProcessInitializeOnLoadMethodAttributes (54ms)
			AfterProcessingInitializeOnLoad (2ms)
			EditorAssembliesLoaded (0ms)
		ExecutionOrderSort2 (0ms)
		AwakeInstancesAfterBackupRestoration (0ms)
========================================================================
Worker process is ready to serve import requests
Import Worker Mode flag is 0x00
Begin MonoManager ReloadAssembly
- Loaded All Assemblies, in  1.548 seconds
Refreshing native plugins compatible for Editor in 0.93 ms, found 3 plugins.
Native extension for WindowsStandalone target not found
Native extension for WebGL target not found
Mono: successfully reloaded assembly
- Finished resetting the current domain, in  0.778 seconds
Domain Reload Profiling: 2321ms
	BeginReloadAssembly (904ms)
		ExecutionOrderSort (0ms)
		DisableScriptedObjects (5ms)
		BackupInstance (0ms)
		ReleaseScriptingObjects (0ms)
		CreateAndSetChildDomain (31ms)
	RebuildCommonClasses (32ms)
	RebuildNativeTypeToScriptingClass (10ms)
	initialDomainReloadingComplete (36ms)
	LoadAllAssembliesAndSetupDomain (561ms)
		LoadAssemblies (427ms)
		RebuildTransferFunctionScriptingTraits (0ms)
		AnalyzeDomain (226ms)
			TypeCache.Refresh (165ms)
				TypeCache.ScanAssembly (146ms)
			BuildScriptInfoCaches (49ms)
			ResolveRequiredComponents (9ms)
	FinalizeReload (778ms)
		ReleaseScriptCaches (0ms)
		RebuildScriptCaches (0ms)
		SetupLoadedEditorAssemblies (501ms)
			LogAssemblyErrors (0ms)
			InitializePlatformSupportModulesInManaged (3ms)
			SetLoadedEditorAssemblies (4ms)
			BeforeProcessingInitializeOnLoad (57ms)
			ProcessInitializeOnLoadAttributes (354ms)
			ProcessInitializeOnLoadMethodAttributes (74ms)
			AfterProcessingInitializeOnLoad (9ms)
			EditorAssembliesLoaded (0ms)
		ExecutionOrderSort2 (0ms)
		AwakeInstancesAfterBackupRestoration (6ms)
Launched and connected shader compiler UnityShaderCompiler.exe after 0.02 seconds
Refreshing native plugins compatible for Editor in 0.98 ms, found 3 plugins.
Preloading 0 native plugins for Editor in 0.00 ms.
Unloading 216 Unused Serialized files (Serialized files now loaded: 0)
Unloading 5972 unused Assets / (4.6 MB). Loaded Objects now: 6758.
Memory consumption went from 189.5 MB to 184.9 MB.
Total: 9.003000 ms (FindLiveObjects: 1.149700 ms CreateObjectMapping: 0.528600 ms MarkObjects: 4.802000 ms  DeleteObjects: 2.521700 ms)

========================================================================
Received Import Request.
  Time since last request: 192489.307823 seconds.
  path: Assets/CatlandsGames/9FreeBackgrounds/BackgroundsPNG/Background2.png
  artifactKey: Guid(6818a2a267da45344bbd523be9f29a9a) Importer(815301076,1909f56bfc062723c751e8b465ee728b)
Start importing Assets/CatlandsGames/9FreeBackgrounds/BackgroundsPNG/Background2.png using Guid(6818a2a267da45344bbd523be9f29a9a) Importer(815301076,1909f56bfc062723c751e8b465ee728b) (PreviewImporter) -> (artifact id: '667febce91c212adea1e827e9c5f06e9') in 0.1341552 seconds
Number of updated asset objects reloaded before import = 0Number of asset objects unloaded after import = 3

========================================================================
Received Import Request.
  Time since last request: 0.000030 seconds.
  path: Assets/CatlandsGames/9FreeBackgrounds/BackgroundsPNG/Background8.png
  artifactKey: Guid(cbf88d70550152d4a8c84f629fcefdb5) Importer(815301076,1909f56bfc062723c751e8b465ee728b)
Start importing Assets/CatlandsGames/9FreeBackgrounds/BackgroundsPNG/Background8.png using Guid(cbf88d70550152d4a8c84f629fcefdb5) Importer(815301076,1909f56bfc062723c751e8b465ee728b) (PreviewImporter) -> (artifact id: '1ee0131825395c9c792d2592d930f925') in 0.0299755 seconds
Number of updated asset objects reloaded before import = 0Number of asset objects unloaded after import = 3

========================================================================
Received Import Request.
  Time since last request: 0.000032 seconds.
  path: Assets/CatlandsGames/9FreeBackgrounds/BackgroundsPNG/Background4.png
  artifactKey: Guid(b458264e3544a5c48a2af652879e1fcc) Importer(815301076,1909f56bfc062723c751e8b465ee728b)
Start importing Assets/CatlandsGames/9FreeBackgrounds/BackgroundsPNG/Background4.png using Guid(b458264e3544a5c48a2af652879e1fcc) Importer(815301076,1909f56bfc062723c751e8b465ee728b) (PreviewImporter) -> (artifact id: '2e9ee9404e6493cbbbe41ce408893c4d') in 0.0299991 seconds
Number of updated asset objects reloaded before import = 0Number of asset objects unloaded after import = 3

========================================================================
Received Import Request.
  Time since last request: 114.149680 seconds.
  path: Assets/skybox DEMO/textures/2048x1024/Materials/19.mat
  artifactKey: Guid(a585043776936c649bb24de0254b4f40) Importer(2089858483,192608db42251d675da83286b1cce702)
Start importing Assets/skybox DEMO/textures/2048x1024/Materials/19.mat using Guid(a585043776936c649bb24de0254b4f40) Importer(2089858483,192608db42251d675da83286b1cce702) (ScriptedImporter) -> (artifact id: '9716ca1685106dd0bb705ab70efb5ae2') in 0.2392688 seconds
Number of updated asset objects reloaded before import = 0Number of asset objects unloaded after import = 2

========================================================================
Received Import Request.
  Time since last request: 0.000023 seconds.
  path: Assets/skybox DEMO/textures/4096x2048/5.png
  artifactKey: Guid(d3a08125bf8606b48bee70583dff6593) Importer(2089858483,192608db42251d675da83286b1cce702)
Start importing Assets/skybox DEMO/textures/4096x2048/5.png using Guid(d3a08125bf8606b48bee70583dff6593) Importer(2089858483,192608db42251d675da83286b1cce702) (ScriptedImporter) -> (artifact id: 'ad5f45f1321498e4562b0d40a2b8ed76') in 0.0700923 seconds
Number of updated asset objects reloaded before import = 0Number of asset objects unloaded after import = 1

========================================================================
Received Import Request.
  Time since last request: 0.000031 seconds.
  path: Assets/skybox DEMO/textures/4096x2048/9.png
  artifactKey: Guid(8fbfd27b90497fa4b8afc64a7a9a9a8d) Importer(2089858483,192608db42251d675da83286b1cce702)
Start importing Assets/skybox DEMO/textures/4096x2048/9.png using Guid(8fbfd27b90497fa4b8afc64a7a9a9a8d) Importer(2089858483,192608db42251d675da83286b1cce702) (ScriptedImporter) -> (artifact id: 'e5841fdfa950957bc0dfc15e505ff96e') in 0.0316646 seconds
Number of updated asset objects reloaded before import = 0Number of asset objects unloaded after import = 1

========================================================================
Received Import Request.
  Time since last request: 0.000029 seconds.
  path: Assets/skybox DEMO/textures/4096x2048/8.png
  artifactKey: Guid(6fb0b2c540e291c4c9823b10f971cdb6) Importer(2089858483,192608db42251d675da83286b1cce702)
Start importing Assets/skybox DEMO/textures/4096x2048/8.png using Guid(6fb0b2c540e291c4c9823b10f971cdb6) Importer(2089858483,192608db42251d675da83286b1cce702) (ScriptedImporter) -> (artifact id: 'd59fd79fa0786bf1320484fde5d5e4a1') in 0.0330021 seconds
Number of updated asset objects reloaded before import = 0Number of asset objects unloaded after import = 1

========================================================================
Received Import Request.
  Time since last request: 0.000023 seconds.
  path: Assets/skybox DEMO/textures/4096x2048/3.png
  artifactKey: Guid(4f4ffd3b3a85a914db592107f404c94b) Importer(2089858483,192608db42251d675da83286b1cce702)
Start importing Assets/skybox DEMO/textures/4096x2048/3.png using Guid(4f4ffd3b3a85a914db592107f404c94b) Importer(2089858483,192608db42251d675da83286b1cce702) (ScriptedImporter) -> (artifact id: '9c50b3c70ca2e18f56de1bca20185279') in 0.031878 seconds
Number of updated asset objects reloaded before import = 0Number of asset objects unloaded after import = 1

========================================================================
Received Import Request.
  Time since last request: 0.000024 seconds.
  path: Assets/skybox DEMO/textures/1920x1080
  artifactKey: Guid(33957f6182066bf4487d267c9d26ccaa) Importer(2089858483,192608db42251d675da83286b1cce702)
Start importing Assets/skybox DEMO/textures/1920x1080 using Guid(33957f6182066bf4487d267c9d26ccaa) Importer(2089858483,192608db42251d675da83286b1cce702) (ScriptedImporter) -> (artifact id: 'f0b1b8bed9e05887771cd258b7894508') in 0.0143062 seconds
Number of updated asset objects reloaded before import = 0Number of asset objects unloaded after import = 1

========================================================================
Received Import Request.
  Time since last request: 0.000026 seconds.
  path: Assets/skybox DEMO/demo.unity
  artifactKey: Guid(8cf23f256cc64f1488c2da854aa350ff) Importer(2089858483,192608db42251d675da83286b1cce702)
Start importing Assets/skybox DEMO/demo.unity using Guid(8cf23f256cc64f1488c2da854aa350ff) Importer(2089858483,192608db42251d675da83286b1cce702) (ScriptedImporter) -> (artifact id: '18527cb3abb04936c95f40f2168439f7') in 0.0142145 seconds
Number of updated asset objects reloaded before import = 0Number of asset objects unloaded after import = 1

========================================================================
Received Import Request.
  Time since last request: 0.000028 seconds.
  path: Assets/skybox DEMO/textures/4096x2048/2.png
  artifactKey: Guid(cdd7ad14e4316174c96deadf7373069e) Importer(2089858483,192608db42251d675da83286b1cce702)
Start importing Assets/skybox DEMO/textures/4096x2048/2.png using Guid(cdd7ad14e4316174c96deadf7373069e) Importer(2089858483,192608db42251d675da83286b1cce702) (ScriptedImporter) -> (artifact id: '6b82a7c407f6a004f70ff220dd2d2b84') in 0.0365969 seconds
Number of updated asset objects reloaded before import = 0Number of asset objects unloaded after import = 1

========================================================================
Received Import Request.
  Time since last request: 0.000024 seconds.
  path: Assets/skybox DEMO/textures/4096x2048/Materials/10.mat
  artifactKey: Guid(dd839fff0f8954d47a80efe6a75ab648) Importer(2089858483,192608db42251d675da83286b1cce702)
Start importing Assets/skybox DEMO/textures/4096x2048/Materials/10.mat using Guid(dd839fff0f8954d47a80efe6a75ab648) Importer(2089858483,192608db42251d675da83286b1cce702) (ScriptedImporter) -> (artifact id: '2008f2da520af0a0579835b555e38dfe') in 0.0287148 seconds
Number of updated asset objects reloaded before import = 0Number of asset objects unloaded after import = 2

========================================================================
Received Import Request.
  Time since last request: 0.000043 seconds.
  path: Assets/skybox DEMO/textures/2048x1024/Materials/18.mat
  artifactKey: Guid(ff46ddccceb2c9146adc16c2602fceb8) Importer(2089858483,192608db42251d675da83286b1cce702)
Start importing Assets/skybox DEMO/textures/2048x1024/Materials/18.mat using Guid(ff46ddccceb2c9146adc16c2602fceb8) Importer(2089858483,192608db42251d675da83286b1cce702) (ScriptedImporter) -> (artifact id: 'f978be09979b48d06acb02ac23d4fc32') in 0.0191653 seconds
Number of updated asset objects reloaded before import = 0Number of asset objects unloaded after import = 2

========================================================================
Received Import Request.
  Time since last request: 0.000022 seconds.
  path: Assets/skybox DEMO/textures
  artifactKey: Guid(a6dc1f205996f564287576678d41487f) Importer(2089858483,192608db42251d675da83286b1cce702)
Start importing Assets/skybox DEMO/textures using Guid(a6dc1f205996f564287576678d41487f) Importer(2089858483,192608db42251d675da83286b1cce702) (ScriptedImporter) -> (artifact id: 'df4e6e1c84a3ac933d9136f6a658463a') in 0.0135479 seconds
Number of updated asset objects reloaded before import = 0Number of asset objects unloaded after import = 1

========================================================================
Received Import Request.
  Time since last request: 0.000031 seconds.
  path: Assets/skybox DEMO/textures/1920x1080/Materials/11.mat
  artifactKey: Guid(c6ad65bfc3a1de043afd7ce9e41e1f58) Importer(2089858483,192608db42251d675da83286b1cce702)
Start importing Assets/skybox DEMO/textures/1920x1080/Materials/11.mat using Guid(c6ad65bfc3a1de043afd7ce9e41e1f58) Importer(2089858483,192608db42251d675da83286b1cce702) (ScriptedImporter) -> (artifact id: 'd987939dad4146a0c56ac948c02ed545') in 0.0213103 seconds
Number of updated asset objects reloaded before import = 0Number of asset objects unloaded after import = 2

========================================================================
Received Import Request.
  Time since last request: 0.000036 seconds.
  path: Assets/skybox DEMO/textures/1920x1080/Materials/14.mat
  artifactKey: Guid(67860cb852928374d9c23dd63dab5eaa) Importer(2089858483,192608db42251d675da83286b1cce702)
Start importing Assets/skybox DEMO/textures/1920x1080/Materials/14.mat using Guid(67860cb852928374d9c23dd63dab5eaa) Importer(2089858483,192608db42251d675da83286b1cce702) (ScriptedImporter) -> (artifact id: '94ea225c12f3c3bc47bebb5983b9519c') in 0.0204876 seconds
Number of updated asset objects reloaded before import = 0Number of asset objects unloaded after import = 2

========================================================================
Received Import Request.
  Time since last request: 0.000022 seconds.
  path: Assets/skybox DEMO/textures/4096x2048/Materials/8.mat
  artifactKey: Guid(b06c07d386d365b4dbe8a9ffafd7b8f8) Importer(2089858483,192608db42251d675da83286b1cce702)
Start importing Assets/skybox DEMO/textures/4096x2048/Materials/8.mat using Guid(b06c07d386d365b4dbe8a9ffafd7b8f8) Importer(2089858483,192608db42251d675da83286b1cce702) (ScriptedImporter) -> (artifact id: 'b4a8f7f73f3ea6ad85aa912aec19bce7') in 0.0350936 seconds
Number of updated asset objects reloaded before import = 0Number of asset objects unloaded after import = 2

========================================================================
Received Import Request.
  Time since last request: 0.000034 seconds.
  path: Assets/skybox DEMO/textures/4096x2048/7.png
  artifactKey: Guid(13058fff9486cb4479dca929afcd0acf) Importer(2089858483,192608db42251d675da83286b1cce702)
Start importing Assets/skybox DEMO/textures/4096x2048/7.png using Guid(13058fff9486cb4479dca929afcd0acf) Importer(2089858483,192608db42251d675da83286b1cce702) (ScriptedImporter) -> (artifact id: 'fec5e276ddc31d8666f279167fa7dbcf') in 0.0421976 seconds
Number of updated asset objects reloaded before import = 0Number of asset objects unloaded after import = 1

========================================================================
Received Import Request.
  Time since last request: 0.000035 seconds.
  path: Assets/skybox DEMO/textures/4096x2048/10.png
  artifactKey: Guid(6f936a1a752ed24408a623115c1910f7) Importer(2089858483,192608db42251d675da83286b1cce702)
Start importing Assets/skybox DEMO/textures/4096x2048/10.png using Guid(6f936a1a752ed24408a623115c1910f7) Importer(2089858483,192608db42251d675da83286b1cce702) (ScriptedImporter) -> (artifact id: '00e07d0892ddc2ba3b0b6d96bad84d33') in 0.0481373 seconds
Number of updated asset objects reloaded before import = 0Number of asset objects unloaded after import = 1

========================================================================
Received Import Request.
  Time since last request: 0.000043 seconds.
  path: Assets/skybox DEMO/textures/2048x1024/19.png
  artifactKey: Guid(b8bee2f31b7cea94097fef4608e066db) Importer(2089858483,192608db42251d675da83286b1cce702)
Start importing Assets/skybox DEMO/textures/2048x1024/19.png using Guid(b8bee2f31b7cea94097fef4608e066db) Importer(2089858483,192608db42251d675da83286b1cce702) (ScriptedImporter) -> (artifact id: '0ba91688e11b80f5646c5736439957b8') in 0.021357 seconds
Number of updated asset objects reloaded before import = 0Number of asset objects unloaded after import = 1

========================================================================
Received Import Request.
  Time since last request: 0.000039 seconds.
  path: Assets/skybox DEMO/textures/4096x2048/Materials/5.mat
  artifactKey: Guid(e51393e67d42d4d4592111d8259543d2) Importer(2089858483,192608db42251d675da83286b1cce702)
Start importing Assets/skybox DEMO/textures/4096x2048/Materials/5.mat using Guid(e51393e67d42d4d4592111d8259543d2) Importer(2089858483,192608db42251d675da83286b1cce702) (ScriptedImporter) -> (artifact id: 'a2ccf3d9b827f4c606b5409fb7ee9497') in 0.0295622 seconds
Number of updated asset objects reloaded before import = 0Number of asset objects unloaded after import = 2

========================================================================
Received Import Request.
  Time since last request: 0.000030 seconds.
  path: Assets/skybox DEMO/textures/2048x1024/18.png
  artifactKey: Guid(7b9cbe58f3309ed4d9bf69d7309bf64f) Importer(2089858483,192608db42251d675da83286b1cce702)
Start importing Assets/skybox DEMO/textures/2048x1024/18.png using Guid(7b9cbe58f3309ed4d9bf69d7309bf64f) Importer(2089858483,192608db42251d675da83286b1cce702) (ScriptedImporter) -> (artifact id: '6e7cbabaad0d02f04dd1719ac3fc259b') in 0.0265432 seconds
Number of updated asset objects reloaded before import = 0Number of asset objects unloaded after import = 1

========================================================================
Received Import Request.
  Time since last request: 0.000015 seconds.
  path: Assets/skybox DEMO/textures/4096x2048/Materials/4.mat
  artifactKey: Guid(a3679e3394691ce45a2dcfc95c100139) Importer(2089858483,192608db42251d675da83286b1cce702)
Start importing Assets/skybox DEMO/textures/4096x2048/Materials/4.mat using Guid(a3679e3394691ce45a2dcfc95c100139) Importer(2089858483,192608db42251d675da83286b1cce702) (ScriptedImporter) -> (artifact id: '91d72c2ead1e3e45e535af8839eb88eb') in 0.0328409 seconds
Number of updated asset objects reloaded before import = 0Number of asset objects unloaded after import = 2

========================================================================
Received Import Request.
  Time since last request: 0.000030 seconds.
  path: Assets/skybox DEMO/textures/1920x1080/Materials/12.mat
  artifactKey: Guid(19d03418fc98f98419238b9c92edb9eb) Importer(2089858483,192608db42251d675da83286b1cce702)
Start importing Assets/skybox DEMO/textures/1920x1080/Materials/12.mat using Guid(19d03418fc98f98419238b9c92edb9eb) Importer(2089858483,192608db42251d675da83286b1cce702) (ScriptedImporter) -> (artifact id: '245741f11e0743cbd77cd16413a39755') in 0.0206258 seconds
Number of updated asset objects reloaded before import = 0Number of asset objects unloaded after import = 2

========================================================================
Received Import Request.
  Time since last request: 0.000042 seconds.
  path: Assets/skybox DEMO
  artifactKey: Guid(c033a518ce70abe4ea54a2306f7e5906) Importer(2089858483,192608db42251d675da83286b1cce702)
Start importing Assets/skybox DEMO using Guid(c033a518ce70abe4ea54a2306f7e5906) Importer(2089858483,192608db42251d675da83286b1cce702) (ScriptedImporter) -> (artifact id: 'ed7a26d04d7bc8ca0f67ab4b982c84be') in 0.0202415 seconds
Number of updated asset objects reloaded before import = 0Number of asset objects unloaded after import = 1

========================================================================
Received Import Request.
  Time since last request: 7.153274 seconds.
  path: Assets/skybox DEMO/textures/1920x1080/13.png
  artifactKey: Guid(388bb74a2edb63a4ca59ffff74da9fef) Importer(815301076,1909f56bfc062723c751e8b465ee728b)
Start importing Assets/skybox DEMO/textures/1920x1080/13.png using Guid(388bb74a2edb63a4ca59ffff74da9fef) Importer(815301076,1909f56bfc062723c751e8b465ee728b) (PreviewImporter) -> (artifact id: '84692aa74d6e3091c566a3e9f188b91a') in 0.4682614 seconds
Number of updated asset objects reloaded before import = 0Number of asset objects unloaded after import = 1

========================================================================
Received Import Request.
  Time since last request: 0.000076 seconds.
  path: Assets/skybox DEMO/textures/1920x1080/14.png
  artifactKey: Guid(269f25658bc2bd647b77fc842b955456) Importer(815301076,1909f56bfc062723c751e8b465ee728b)
Start importing Assets/skybox DEMO/textures/1920x1080/14.png using Guid(269f25658bc2bd647b77fc842b955456) Importer(815301076,1909f56bfc062723c751e8b465ee728b) (PreviewImporter) -> (artifact id: '78ec9fb229e4fee2d75f3668456d0063') in 0.0264475 seconds
Number of updated asset objects reloaded before import = 0Number of asset objects unloaded after import = 1

========================================================================
Received Import Request.
  Time since last request: 0.170241 seconds.
  path: Assets/skybox DEMO/textures/2048x1024/18.png
  artifactKey: Guid(7b9cbe58f3309ed4d9bf69d7309bf64f) Importer(815301076,1909f56bfc062723c751e8b465ee728b)
Start importing Assets/skybox DEMO/textures/2048x1024/18.png using Guid(7b9cbe58f3309ed4d9bf69d7309bf64f) Importer(815301076,1909f56bfc062723c751e8b465ee728b) (PreviewImporter) -> (artifact id: '5e0ac763ad0bf048c9fd5914c6c9a9d3') in 0.0257639 seconds
Number of updated asset objects reloaded before import = 0Number of asset objects unloaded after import = 1

========================================================================
Received Import Request.
  Time since last request: 0.000034 seconds.
  path: Assets/skybox DEMO/textures/2048x1024/20.png
  artifactKey: Guid(85c18138a01899d41a1862e9b1d167c7) Importer(815301076,1909f56bfc062723c751e8b465ee728b)
Start importing Assets/skybox DEMO/textures/2048x1024/20.png using Guid(85c18138a01899d41a1862e9b1d167c7) Importer(815301076,1909f56bfc062723c751e8b465ee728b) (PreviewImporter) -> (artifact id: '793eb6e6170a521ccc9e177bb21342b8') in 0.0238501 seconds
Number of updated asset objects reloaded before import = 0Number of asset objects unloaded after import = 1

========================================================================
Received Import Request.
  Time since last request: 5.695205 seconds.
  path: Assets/skybox DEMO/textures/4096x2048/3.png
  artifactKey: Guid(4f4ffd3b3a85a914db592107f404c94b) Importer(815301076,1909f56bfc062723c751e8b465ee728b)
Start importing Assets/skybox DEMO/textures/4096x2048/3.png using Guid(4f4ffd3b3a85a914db592107f404c94b) Importer(815301076,1909f56bfc062723c751e8b465ee728b) (PreviewImporter) -> (artifact id: 'f76bf9d503b1edd70a3e203fdfefc3a1') in 0.075394 seconds
Number of updated asset objects reloaded before import = 0Number of asset objects unloaded after import = 1

========================================================================
Received Import Request.
  Time since last request: 0.000041 seconds.
  path: Assets/skybox DEMO/textures/4096x2048/7.png
  artifactKey: Guid(13058fff9486cb4479dca929afcd0acf) Importer(815301076,1909f56bfc062723c751e8b465ee728b)
Start importing Assets/skybox DEMO/textures/4096x2048/7.png using Guid(13058fff9486cb4479dca929afcd0acf) Importer(815301076,1909f56bfc062723c751e8b465ee728b) (PreviewImporter) -> (artifact id: '8768eb827c365da26497152ef3dd7d26') in 0.0370336 seconds
Number of updated asset objects reloaded before import = 0Number of asset objects unloaded after import = 1

========================================================================
Received Import Request.
  Time since last request: 0.000030 seconds.
  path: Assets/skybox DEMO/textures/4096x2048/5.png
  artifactKey: Guid(d3a08125bf8606b48bee70583dff6593) Importer(815301076,1909f56bfc062723c751e8b465ee728b)
Start importing Assets/skybox DEMO/textures/4096x2048/5.png using Guid(d3a08125bf8606b48bee70583dff6593) Importer(815301076,1909f56bfc062723c751e8b465ee728b) (PreviewImporter) -> (artifact id: 'f3d09c6efe362abac5ea70ba4bffe1cb') in 0.0366653 seconds
Number of updated asset objects reloaded before import = 0Number of asset objects unloaded after import = 1

========================================================================
Received Import Request.
  Time since last request: 1.888913 seconds.
  path: Assets/skybox DEMO/textures/1920x1080/Materials/13.mat
  artifactKey: Guid(ee7b0e38c25dcdf46aba0660b8f0ed72) Importer(815301076,1909f56bfc062723c751e8b465ee728b)
Start importing Assets/skybox DEMO/textures/1920x1080/Materials/13.mat using Guid(ee7b0e38c25dcdf46aba0660b8f0ed72) Importer(815301076,1909f56bfc062723c751e8b465ee728b) (PreviewImporter) -> (artifact id: '414651e54eec70978644ad366e8d9adf') in 0.0760977 seconds
Number of updated asset objects reloaded before import = 0Number of asset objects unloaded after import = 2

Editor requested this worker to shutdown with reason: Scaling down because of idle timeout
AssetImportWorker is now disconnected from the server
Process exiting
Exiting without the bug reporter. Application will terminate with return code 0